25-Nov-2024 00:00:54.557 INFO [main] org.apache.catalina.core.StandardServer.await Se ha recibido un comando de apagado a través del puerto de apagado. Parando la instancia del Servidor.
25-Nov-2024 00:00:54.557 INFO [main] org.apache.coyote.AbstractProtocol.pause Pausing ProtocolHandler ["http-nio-8080"]
25-Nov-2024 00:00:54.572 INFO [main] org.apache.catalina.core.StandardService.stopInternal Parando servicio [Catalina]
25-Nov-2024 00:00:54.590 INFO [main] org.apache.coyote.AbstractProtocol.stop Stopping ProtocolHandler ["http-nio-8080"]
25-Nov-2024 00:00:54.612 INFO [main] org.apache.coyote.AbstractProtocol.destroy Destroying ProtocolHandler ["http-nio-8080"]
25-Nov-2024 00:32:47.496 INFO [main] org.apache.catalina.startup.VersionLoggerListener.log Nombre de la versión del servidor: Apache Tomcat/11.0.1
25-Nov-2024 00:32:47.500 INFO [main] org.apache.catalina.startup.VersionLoggerListener.log Server built:                      Nov 6 2024 19:08:24 UTC
25-Nov-2024 00:32:47.500 INFO [main] org.apache.catalina.startup.VersionLoggerListener.log Número de versión de servidor:     11.0.1.0
25-Nov-2024 00:32:47.500 INFO [main] org.apache.catalina.startup.VersionLoggerListener.log OS Name:                           Windows 11
25-Nov-2024 00:32:47.500 INFO [main] org.apache.catalina.startup.VersionLoggerListener.log Versión de Systema Operativo:      10.0
25-Nov-2024 00:32:47.500 INFO [main] org.apache.catalina.startup.VersionLoggerListener.log Arquitectura:                      amd64
25-Nov-2024 00:32:47.500 INFO [main] org.apache.catalina.startup.VersionLoggerListener.log Java Home:                         C:\Program Files\Java\jdk-22
25-Nov-2024 00:32:47.500 INFO [main] org.apache.catalina.startup.VersionLoggerListener.log JVM Version:                       22.0.1+8-16
25-Nov-2024 00:32:47.500 INFO [main] org.apache.catalina.startup.VersionLoggerListener.log Vededor JVM:                       Oracle Corporation
25-Nov-2024 00:32:47.501 INFO [main] org.apache.catalina.startup.VersionLoggerListener.log CATALINA_BASE:                     C:\Users\haloa\Desktop\github\pf_appweb_Pollitos\ProyectoWEB\apache-tomcat-11.0.1
25-Nov-2024 00:32:47.501 INFO [main] org.apache.catalina.startup.VersionLoggerListener.log CATALINA_HOME:                     C:\Users\haloa\Desktop\github\pf_appweb_Pollitos\ProyectoWEB\apache-tomcat-11.0.1
25-Nov-2024 00:32:47.508 INFO [main] org.apache.catalina.startup.VersionLoggerListener.log Command line argument:             -Djava.util.logging.config.file=C:\Users\haloa\Desktop\github\pf_appweb_Pollitos\ProyectoWEB\apache-tomcat-11.0.1\conf\logging.properties
25-Nov-2024 00:32:47.508 INFO [main] org.apache.catalina.startup.VersionLoggerListener.log Command line argument:             -Djava.util.logging.manager=org.apache.juli.ClassLoaderLogManager
25-Nov-2024 00:32:47.508 INFO [main] org.apache.catalina.startup.VersionLoggerListener.log Command line argument:             -Djdk.tls.ephemeralDHKeySize=2048
25-Nov-2024 00:32:47.508 INFO [main] org.apache.catalina.startup.VersionLoggerListener.log Command line argument:             --add-opens=java.base/java.lang=ALL-UNNAMED
25-Nov-2024 00:32:47.508 INFO [main] org.apache.catalina.startup.VersionLoggerListener.log Command line argument:             --add-opens=java.base/java.io=ALL-UNNAMED
25-Nov-2024 00:32:47.508 INFO [main] org.apache.catalina.startup.VersionLoggerListener.log Command line argument:             --add-opens=java.base/java.util=ALL-UNNAMED
25-Nov-2024 00:32:47.508 INFO [main] org.apache.catalina.startup.VersionLoggerListener.log Command line argument:             --add-opens=java.base/java.util.concurrent=ALL-UNNAMED
25-Nov-2024 00:32:47.509 INFO [main] org.apache.catalina.startup.VersionLoggerListener.log Command line argument:             --add-opens=java.rmi/sun.rmi.transport=ALL-UNNAMED
25-Nov-2024 00:32:47.509 INFO [main] org.apache.catalina.startup.VersionLoggerListener.log Command line argument:             --enable-native-access=ALL-UNNAMED
25-Nov-2024 00:32:47.509 INFO [main] org.apache.catalina.startup.VersionLoggerListener.log Command line argument:             -Dcatalina.base=C:\Users\haloa\Desktop\github\pf_appweb_Pollitos\ProyectoWEB\apache-tomcat-11.0.1
25-Nov-2024 00:32:47.509 INFO [main] org.apache.catalina.startup.VersionLoggerListener.log Command line argument:             -Dcatalina.home=C:\Users\haloa\Desktop\github\pf_appweb_Pollitos\ProyectoWEB\apache-tomcat-11.0.1
25-Nov-2024 00:32:47.509 INFO [main] org.apache.catalina.startup.VersionLoggerListener.log Command line argument:             -Djava.io.tmpdir=C:\Users\haloa\Desktop\github\pf_appweb_Pollitos\ProyectoWEB\apache-tomcat-11.0.1\temp
25-Nov-2024 00:32:47.515 INFO [main] org.apache.catalina.core.AprLifecycleListener.lifecycleEvent La biblioteca nativa de Apache Tomcat basada en ARP que permite un rendimiento óptimo en entornos de desarrollo no ha sido hallada en java.library.path: [C:\Program Files\Java\jdk-22\bin;C:\WINDOWS\Sun\Java\bin;C:\WINDOWS\system32;C:\WINDOWS;C:\Program Files\Eclipse Adoptium\jdk-21.0.4.7-hotspot\bin;C:\Program Files\Common Files\Oracle\Java\javapath;C:\Program Files (x86)\Common Files\Oracle\Java\java8path;C:\Program Files (x86)\Common Files\Oracle\Java\javapath;C:\WINDOWS\system32;C:\WINDOWS;C:\WINDOWS\System32\Wbem;C:\WINDOWS\System32\WindowsPowerShell\v1.0\;C:\WINDOWS\System32\OpenSSH\;C:\Program Files\dotnet\;C:\Program Files\NVIDIA Corporation\NVIDIA NvDLISR;C:\Program Files (x86)\NVIDIA Corporation\PhysX\Common;C:\Program Files\nodejs\;C:\Users\haloa\AppData\Local\Microsoft\WindowsApps;C:\Users\haloa\AppData\Local\Programs\Microsoft VS Code\bin;C:\Users\haloa\AppData\Local\GitHubDesktop\bin;C:\Users\haloa\AppData\Roaming\npm;.]
25-Nov-2024 00:32:47.773 INFO [main] org.apache.coyote.AbstractProtocol.init Inicializando el manejador de protocolo ["http-nio-8080"]

25-Nov-2024 00:32:47.797 INFO [main] org.apache.catalina.startup.Catalina.load Server initialization in [497] milliseconds
25-Nov-2024 00:32:47.849 INFO [main] org.apache.catalina.core.StandardService.startInternal Arrancando servicio [Catalina]
25-Nov-2024 00:32:47.849 INFO [main] org.apache.catalina.core.StandardEngine.startInternal Starting Servlet engine: [Apache Tomcat/11.0.1]
25-Nov-2024 00:32:47.860 INFO [main] org.apache.catalina.startup.HostConfig.deployDirectory Desplegando el directorio [C:\Users\haloa\Desktop\github\pf_appweb_Pollitos\ProyectoWEB\apache-tomcat-11.0.1\webapps\docs] de la aplicación web
25-Nov-2024 00:32:48.128 INFO [main] org.apache.catalina.startup.HostConfig.deployDirectory Deployment of web application directory [C:\Users\haloa\Desktop\github\pf_appweb_Pollitos\ProyectoWEB\apache-tomcat-11.0.1\webapps\docs] has finished in [265] ms
25-Nov-2024 00:32:48.128 INFO [main] org.apache.catalina.startup.HostConfig.deployDirectory Desplegando el directorio [C:\Users\haloa\Desktop\github\pf_appweb_Pollitos\ProyectoWEB\apache-tomcat-11.0.1\webapps\examples] de la aplicación web
25-Nov-2024 00:32:48.570 INFO [main] org.apache.catalina.startup.HostConfig.deployDirectory Deployment of web application directory [C:\Users\haloa\Desktop\github\pf_appweb_Pollitos\ProyectoWEB\apache-tomcat-11.0.1\webapps\examples] has finished in [442] ms
25-Nov-2024 00:32:48.571 INFO [main] org.apache.catalina.startup.HostConfig.deployDirectory Desplegando el directorio [C:\Users\haloa\Desktop\github\pf_appweb_Pollitos\ProyectoWEB\apache-tomcat-11.0.1\webapps\host-manager] de la aplicación web
25-Nov-2024 00:32:48.610 INFO [main] org.apache.catalina.startup.HostConfig.deployDirectory Deployment of web application directory [C:\Users\haloa\Desktop\github\pf_appweb_Pollitos\ProyectoWEB\apache-tomcat-11.0.1\webapps\host-manager] has finished in [39] ms
25-Nov-2024 00:32:48.610 INFO [main] org.apache.catalina.startup.HostConfig.deployDirectory Desplegando el directorio [C:\Users\haloa\Desktop\github\pf_appweb_Pollitos\ProyectoWEB\apache-tomcat-11.0.1\webapps\manager] de la aplicación web
25-Nov-2024 00:32:48.653 INFO [main] org.apache.catalina.startup.HostConfig.deployDirectory Deployment of web application directory [C:\Users\haloa\Desktop\github\pf_appweb_Pollitos\ProyectoWEB\apache-tomcat-11.0.1\webapps\manager] has finished in [43] ms
25-Nov-2024 00:32:48.653 INFO [main] org.apache.catalina.startup.HostConfig.deployDirectory Desplegando el directorio [C:\Users\haloa\Desktop\github\pf_appweb_Pollitos\ProyectoWEB\apache-tomcat-11.0.1\webapps\ROOT] de la aplicación web
25-Nov-2024 00:32:48.681 INFO [main] org.apache.catalina.startup.HostConfig.deployDirectory Deployment of web application directory [C:\Users\haloa\Desktop\github\pf_appweb_Pollitos\ProyectoWEB\apache-tomcat-11.0.1\webapps\ROOT] has finished in [28] ms
25-Nov-2024 00:32:48.685 INFO [main] org.apache.coyote.AbstractProtocol.start Starting ProtocolHandler ["http-nio-8080"]
25-Nov-2024 00:32:48.712 INFO [main] org.apache.catalina.startup.Catalina.start Server startup in [914] milliseconds
25-Nov-2024 00:32:50.900 INFO [http-nio-8080-exec-9] org.apache.catalina.startup.HostConfig.deployDescriptor Desplieque del descriptor de configuración [C:\Users\haloa\Desktop\github\pf_appweb_Pollitos\ProyectoWEB\apache-tomcat-11.0.1\conf\Catalina\localhost\WiXDi_Web.xml]
25-Nov-2024 00:32:50.903 WARNING [http-nio-8080-exec-9] org.apache.catalina.startup.HostConfig.deployDescriptor The path attribute with value [/WiXDi_Web] in deployment descriptor [C:\Users\haloa\Desktop\github\pf_appweb_Pollitos\ProyectoWEB\apache-tomcat-11.0.1\conf\Catalina\localhost\WiXDi_Web.xml] has been ignored
25-Nov-2024 00:32:52.468 INFO [http-nio-8080-exec-9] org.apache.jasper.servlet.TldScanner.scanJars Al menos un JAR, que se ha explorado buscando TLDs, aún no contenía TLDs. Activar historial de depuración para este historiador para una completa lista de los JARs que fueron explorados y de los que nos se halló TLDs. Saltarse JARs no necesarios durante la exploración puede dar lugar a una mejora de tiempo significativa en el arranque y compilación de JSP .
25-Nov-2024 00:32:52.528 INFO [http-nio-8080-exec-9] org.apache.catalina.startup.HostConfig.deployDescriptor Deployment of deployment descriptor [C:\Users\haloa\Desktop\github\pf_appweb_Pollitos\ProyectoWEB\apache-tomcat-11.0.1\conf\Catalina\localhost\WiXDi_Web.xml] has finished in [1.628] ms
25-Nov-2024 00:32:52.532 INFO [http-nio-8080-exec-1] org.apache.catalina.util.LifecycleBase.start The start() method was called on component [StandardEngine[Catalina].StandardHost[localhost].StandardContext[/WiXDi_Web]] after start() had already been called. The second call will be ignored.
25-Nov-2024 00:42:41.127 WARNING [http-nio-8080-exec-4] org.apache.catalina.loader.WebappClassLoaderBase.clearReferencesJdbc La aplicación web [WiXDi_Web] registró el conductor JDBC [com.mysql.cj.jdbc.Driver] pero falló al anular el registro mientras la aplicación web estaba parada. Para prevenir un fallo de memoria, se ha anulado el registro del conductor JDBC por la fuerza.
25-Nov-2024 00:42:41.127 WARNING [http-nio-8080-exec-4] org.apache.catalina.loader.WebappClassLoaderBase.clearReferencesThreads The web application [WiXDi_Web] appears to have started a thread named [mysql-cj-abandoned-connection-cleanup] but has failed to stop it. This is very likely to create a memory leak. Stack trace of thread:
 java.base/jdk.internal.misc.Unsafe.park(Native Method)
 java.base/java.util.concurrent.locks.LockSupport.parkNanos(LockSupport.java:269)
 java.base/java.util.concurrent.locks.AbstractQueuedSynchronizer$ConditionObject.await(AbstractQueuedSynchronizer.java:1847)
 java.base/java.lang.ref.ReferenceQueue.await(ReferenceQueue.java:71)
 java.base/java.lang.ref.ReferenceQueue.remove0(ReferenceQueue.java:143)
 java.base/java.lang.ref.ReferenceQueue.remove(ReferenceQueue.java:218)
 com.mysql.cj.jdbc.AbandonedConnectionCleanupThread.run(AbandonedConnectionCleanupThread.java:84)
 java.base/java.util.concurrent.ThreadPoolExecutor.runWorker(ThreadPoolExecutor.java:1144)
 java.base/java.util.concurrent.ThreadPoolExecutor$Worker.run(ThreadPoolExecutor.java:642)
 java.base/java.lang.Thread.run(Thread.java:1570)
25-Nov-2024 00:42:41.645 INFO [http-nio-8080-exec-4] org.apache.catalina.startup.HostConfig.undeploy Repliegue (undeploy) de la aplicación web que tiene como trayectoria de contexto [/WiXDi_Web]
25-Nov-2024 00:42:41.667 INFO [http-nio-8080-exec-3] org.apache.catalina.startup.HostConfig.deployDescriptor Desplieque del descriptor de configuración [C:\Users\haloa\Desktop\github\pf_appweb_Pollitos\ProyectoWEB\apache-tomcat-11.0.1\conf\Catalina\localhost\WiXDi_Web.xml]
25-Nov-2024 00:42:41.668 WARNING [http-nio-8080-exec-3] org.apache.catalina.startup.HostConfig.deployDescriptor The path attribute with value [/WiXDi_Web] in deployment descriptor [C:\Users\haloa\Desktop\github\pf_appweb_Pollitos\ProyectoWEB\apache-tomcat-11.0.1\conf\Catalina\localhost\WiXDi_Web.xml] has been ignored
25-Nov-2024 00:42:41.878 INFO [mysql-cj-abandoned-connection-cleanup] org.apache.catalina.loader.WebappClassLoaderBase.checkStateForResourceLoading Acceso ilegal: esta instancia de aplicación web ya ha sido parada.  Could not load [].  La eventual traza de pila que sigue ha sido motivada por un error lanzado con motivos de depuración así como para intentar terminar el hilo que motivó el acceso ilegal y no tiene impacto funcional.
	java.lang.IllegalStateException: Acceso ilegal: esta instancia de aplicación web ya ha sido parada.  Could not load [].  La eventual traza de pila que sigue ha sido motivada por un error lanzado con motivos de depuración así como para intentar terminar el hilo que motivó el acceso ilegal y no tiene impacto funcional.
		at org.apache.catalina.loader.WebappClassLoaderBase.checkStateForResourceLoading(WebappClassLoaderBase.java:1232)
		at org.apache.catalina.loader.WebappClassLoaderBase.getResource(WebappClassLoaderBase.java:845)
		at com.mysql.cj.jdbc.AbandonedConnectionCleanupThread.checkThreadContextClassLoader(AbandonedConnectionCleanupThread.java:116)
		at com.mysql.cj.jdbc.AbandonedConnectionCleanupThread.run(AbandonedConnectionCleanupThread.java:83)
		at java.base/java.util.concurrent.ThreadPoolExecutor.runWorker(ThreadPoolExecutor.java:1144)
		at java.base/java.util.concurrent.ThreadPoolExecutor$Worker.run(ThreadPoolExecutor.java:642)
		at java.base/java.lang.Thread.run(Thread.java:1570)
25-Nov-2024 00:42:43.088 INFO [http-nio-8080-exec-3] org.apache.jasper.servlet.TldScanner.scanJars Al menos un JAR, que se ha explorado buscando TLDs, aún no contenía TLDs. Activar historial de depuración para este historiador para una completa lista de los JARs que fueron explorados y de los que nos se halló TLDs. Saltarse JARs no necesarios durante la exploración puede dar lugar a una mejora de tiempo significativa en el arranque y compilación de JSP .
25-Nov-2024 00:42:43.144 INFO [http-nio-8080-exec-3] org.apache.catalina.startup.HostConfig.deployDescriptor Deployment of deployment descriptor [C:\Users\haloa\Desktop\github\pf_appweb_Pollitos\ProyectoWEB\apache-tomcat-11.0.1\conf\Catalina\localhost\WiXDi_Web.xml] has finished in [1.477] ms
25-Nov-2024 00:42:43.147 INFO [http-nio-8080-exec-10] org.apache.catalina.util.LifecycleBase.start The start() method was called on component [StandardEngine[Catalina].StandardHost[localhost].StandardContext[/WiXDi_Web]] after start() had already been called. The second call will be ignored.
25-Nov-2024 00:43:57.697 INFO [http-nio-8080-exec-15] org.apache.catalina.startup.HostConfig.undeploy Repliegue (undeploy) de la aplicación web que tiene como trayectoria de contexto [/WiXDi_Web]
25-Nov-2024 00:43:57.714 INFO [http-nio-8080-exec-7] org.apache.catalina.startup.HostConfig.deployDescriptor Desplieque del descriptor de configuración [C:\Users\haloa\Desktop\github\pf_appweb_Pollitos\ProyectoWEB\apache-tomcat-11.0.1\conf\Catalina\localhost\WiXDi_Web.xml]
25-Nov-2024 00:43:57.715 WARNING [http-nio-8080-exec-7] org.apache.catalina.startup.HostConfig.deployDescriptor The path attribute with value [/WiXDi_Web] in deployment descriptor [C:\Users\haloa\Desktop\github\pf_appweb_Pollitos\ProyectoWEB\apache-tomcat-11.0.1\conf\Catalina\localhost\WiXDi_Web.xml] has been ignored
25-Nov-2024 00:43:59.136 INFO [http-nio-8080-exec-7] org.apache.jasper.servlet.TldScanner.scanJars Al menos un JAR, que se ha explorado buscando TLDs, aún no contenía TLDs. Activar historial de depuración para este historiador para una completa lista de los JARs que fueron explorados y de los que nos se halló TLDs. Saltarse JARs no necesarios durante la exploración puede dar lugar a una mejora de tiempo significativa en el arranque y compilación de JSP .
25-Nov-2024 00:43:59.187 INFO [http-nio-8080-exec-7] org.apache.catalina.startup.HostConfig.deployDescriptor Deployment of deployment descriptor [C:\Users\haloa\Desktop\github\pf_appweb_Pollitos\ProyectoWEB\apache-tomcat-11.0.1\conf\Catalina\localhost\WiXDi_Web.xml] has finished in [1.473] ms
25-Nov-2024 00:43:59.190 INFO [http-nio-8080-exec-8] org.apache.catalina.util.LifecycleBase.start The start() method was called on component [StandardEngine[Catalina].StandardHost[localhost].StandardContext[/WiXDi_Web]] after start() had already been called. The second call will be ignored.
25-Nov-2024 00:46:39.797 WARNING [http-nio-8080-exec-18] org.apache.catalina.loader.WebappClassLoaderBase.clearReferencesJdbc La aplicación web [WiXDi_Web] registró el conductor JDBC [com.mysql.cj.jdbc.Driver] pero falló al anular el registro mientras la aplicación web estaba parada. Para prevenir un fallo de memoria, se ha anulado el registro del conductor JDBC por la fuerza.
25-Nov-2024 00:46:39.797 WARNING [http-nio-8080-exec-18] org.apache.catalina.loader.WebappClassLoaderBase.clearReferencesThreads The web application [WiXDi_Web] appears to have started a thread named [mysql-cj-abandoned-connection-cleanup] but has failed to stop it. This is very likely to create a memory leak. Stack trace of thread:
 java.base/jdk.internal.misc.Unsafe.park(Native Method)
 java.base/java.util.concurrent.locks.LockSupport.parkNanos(LockSupport.java:269)
 java.base/java.util.concurrent.locks.AbstractQueuedSynchronizer$ConditionObject.await(AbstractQueuedSynchronizer.java:1847)
 java.base/java.lang.ref.ReferenceQueue.await(ReferenceQueue.java:71)
 java.base/java.lang.ref.ReferenceQueue.remove0(ReferenceQueue.java:143)
 java.base/java.lang.ref.ReferenceQueue.remove(ReferenceQueue.java:218)
 com.mysql.cj.jdbc.AbandonedConnectionCleanupThread.run(AbandonedConnectionCleanupThread.java:84)
 java.base/java.util.concurrent.ThreadPoolExecutor.runWorker(ThreadPoolExecutor.java:1144)
 java.base/java.util.concurrent.ThreadPoolExecutor$Worker.run(ThreadPoolExecutor.java:642)
 java.base/java.lang.Thread.run(Thread.java:1570)
25-Nov-2024 00:46:40.312 INFO [http-nio-8080-exec-18] org.apache.catalina.startup.HostConfig.undeploy Repliegue (undeploy) de la aplicación web que tiene como trayectoria de contexto [/WiXDi_Web]
25-Nov-2024 00:46:40.331 INFO [http-nio-8080-exec-24] org.apache.catalina.startup.HostConfig.deployDescriptor Desplieque del descriptor de configuración [C:\Users\haloa\Desktop\github\pf_appweb_Pollitos\ProyectoWEB\apache-tomcat-11.0.1\conf\Catalina\localhost\WiXDi_Web.xml]
25-Nov-2024 00:46:40.332 WARNING [http-nio-8080-exec-24] org.apache.catalina.startup.HostConfig.deployDescriptor The path attribute with value [/WiXDi_Web] in deployment descriptor [C:\Users\haloa\Desktop\github\pf_appweb_Pollitos\ProyectoWEB\apache-tomcat-11.0.1\conf\Catalina\localhost\WiXDi_Web.xml] has been ignored
25-Nov-2024 00:46:40.433 INFO [mysql-cj-abandoned-connection-cleanup] org.apache.catalina.loader.WebappClassLoaderBase.checkStateForResourceLoading Acceso ilegal: esta instancia de aplicación web ya ha sido parada.  Could not load [].  La eventual traza de pila que sigue ha sido motivada por un error lanzado con motivos de depuración así como para intentar terminar el hilo que motivó el acceso ilegal y no tiene impacto funcional.
	java.lang.IllegalStateException: Acceso ilegal: esta instancia de aplicación web ya ha sido parada.  Could not load [].  La eventual traza de pila que sigue ha sido motivada por un error lanzado con motivos de depuración así como para intentar terminar el hilo que motivó el acceso ilegal y no tiene impacto funcional.
		at org.apache.catalina.loader.WebappClassLoaderBase.checkStateForResourceLoading(WebappClassLoaderBase.java:1232)
		at org.apache.catalina.loader.WebappClassLoaderBase.getResource(WebappClassLoaderBase.java:845)
		at com.mysql.cj.jdbc.AbandonedConnectionCleanupThread.checkThreadContextClassLoader(AbandonedConnectionCleanupThread.java:116)
		at com.mysql.cj.jdbc.AbandonedConnectionCleanupThread.run(AbandonedConnectionCleanupThread.java:83)
		at java.base/java.util.concurrent.ThreadPoolExecutor.runWorker(ThreadPoolExecutor.java:1144)
		at java.base/java.util.concurrent.ThreadPoolExecutor$Worker.run(ThreadPoolExecutor.java:642)
		at java.base/java.lang.Thread.run(Thread.java:1570)
25-Nov-2024 00:46:41.712 INFO [http-nio-8080-exec-24] org.apache.jasper.servlet.TldScanner.scanJars Al menos un JAR, que se ha explorado buscando TLDs, aún no contenía TLDs. Activar historial de depuración para este historiador para una completa lista de los JARs que fueron explorados y de los que nos se halló TLDs. Saltarse JARs no necesarios durante la exploración puede dar lugar a una mejora de tiempo significativa en el arranque y compilación de JSP .
25-Nov-2024 00:46:41.767 INFO [http-nio-8080-exec-24] org.apache.catalina.startup.HostConfig.deployDescriptor Deployment of deployment descriptor [C:\Users\haloa\Desktop\github\pf_appweb_Pollitos\ProyectoWEB\apache-tomcat-11.0.1\conf\Catalina\localhost\WiXDi_Web.xml] has finished in [1.436] ms
25-Nov-2024 00:46:41.770 INFO [http-nio-8080-exec-21] org.apache.catalina.util.LifecycleBase.start The start() method was called on component [StandardEngine[Catalina].StandardHost[localhost].StandardContext[/WiXDi_Web]] after start() had already been called. The second call will be ignored.
