02-Dec-2024 23:45:16.784 INFO [main] org.apache.catalina.startup.VersionLoggerListener.log Nombre de la versión del servidor: Apache Tomcat/11.0.1
02-Dec-2024 23:45:16.787 INFO [main] org.apache.catalina.startup.VersionLoggerListener.log Server built:                      Nov 6 2024 19:08:24 UTC
02-Dec-2024 23:45:16.787 INFO [main] org.apache.catalina.startup.VersionLoggerListener.log Número de versión de servidor:     11.0.1.0
02-Dec-2024 23:45:16.787 INFO [main] org.apache.catalina.startup.VersionLoggerListener.log OS Name:                           Windows 11
02-Dec-2024 23:45:16.788 INFO [main] org.apache.catalina.startup.VersionLoggerListener.log Versión de Systema Operativo:      10.0
02-Dec-2024 23:45:16.788 INFO [main] org.apache.catalina.startup.VersionLoggerListener.log Arquitectura:                      amd64
02-Dec-2024 23:45:16.788 INFO [main] org.apache.catalina.startup.VersionLoggerListener.log Java Home:                         C:\Program Files\Java\jdk-22
02-Dec-2024 23:45:16.788 INFO [main] org.apache.catalina.startup.VersionLoggerListener.log JVM Version:                       22.0.1+8-16
02-Dec-2024 23:45:16.788 INFO [main] org.apache.catalina.startup.VersionLoggerListener.log Vededor JVM:                       Oracle Corporation
02-Dec-2024 23:45:16.788 INFO [main] org.apache.catalina.startup.VersionLoggerListener.log CATALINA_BASE:                     C:\Users\haloa\Desktop\github\pf_appweb_Pollitos\ProyectoWEB\apache-tomcat-11.0.1
02-Dec-2024 23:45:16.788 INFO [main] org.apache.catalina.startup.VersionLoggerListener.log CATALINA_HOME:                     C:\Users\haloa\Desktop\github\pf_appweb_Pollitos\ProyectoWEB\apache-tomcat-11.0.1
02-Dec-2024 23:45:16.797 INFO [main] org.apache.catalina.startup.VersionLoggerListener.log Command line argument:             -Djava.util.logging.config.file=C:\Users\haloa\Desktop\github\pf_appweb_Pollitos\ProyectoWEB\apache-tomcat-11.0.1\conf\logging.properties
02-Dec-2024 23:45:16.797 INFO [main] org.apache.catalina.startup.VersionLoggerListener.log Command line argument:             -Djava.util.logging.manager=org.apache.juli.ClassLoaderLogManager
02-Dec-2024 23:45:16.797 INFO [main] org.apache.catalina.startup.VersionLoggerListener.log Command line argument:             -Djdk.tls.ephemeralDHKeySize=2048
02-Dec-2024 23:45:16.797 INFO [main] org.apache.catalina.startup.VersionLoggerListener.log Command line argument:             --add-opens=java.base/java.lang=ALL-UNNAMED
02-Dec-2024 23:45:16.797 INFO [main] org.apache.catalina.startup.VersionLoggerListener.log Command line argument:             --add-opens=java.base/java.io=ALL-UNNAMED
02-Dec-2024 23:45:16.797 INFO [main] org.apache.catalina.startup.VersionLoggerListener.log Command line argument:             --add-opens=java.base/java.util=ALL-UNNAMED
02-Dec-2024 23:45:16.797 INFO [main] org.apache.catalina.startup.VersionLoggerListener.log Command line argument:             --add-opens=java.base/java.util.concurrent=ALL-UNNAMED
02-Dec-2024 23:45:16.797 INFO [main] org.apache.catalina.startup.VersionLoggerListener.log Command line argument:             --add-opens=java.rmi/sun.rmi.transport=ALL-UNNAMED
02-Dec-2024 23:45:16.797 INFO [main] org.apache.catalina.startup.VersionLoggerListener.log Command line argument:             --enable-native-access=ALL-UNNAMED
02-Dec-2024 23:45:16.797 INFO [main] org.apache.catalina.startup.VersionLoggerListener.log Command line argument:             -Dcatalina.base=C:\Users\haloa\Desktop\github\pf_appweb_Pollitos\ProyectoWEB\apache-tomcat-11.0.1
02-Dec-2024 23:45:16.797 INFO [main] org.apache.catalina.startup.VersionLoggerListener.log Command line argument:             -Dcatalina.home=C:\Users\haloa\Desktop\github\pf_appweb_Pollitos\ProyectoWEB\apache-tomcat-11.0.1
02-Dec-2024 23:45:16.798 INFO [main] org.apache.catalina.startup.VersionLoggerListener.log Command line argument:             -Djava.io.tmpdir=C:\Users\haloa\Desktop\github\pf_appweb_Pollitos\ProyectoWEB\apache-tomcat-11.0.1\temp
02-Dec-2024 23:45:16.802 INFO [main] org.apache.catalina.core.AprLifecycleListener.lifecycleEvent La biblioteca nativa de Apache Tomcat basada en ARP que permite un rendimiento óptimo en entornos de desarrollo no ha sido hallada en java.library.path: [C:\Program Files\Java\jdk-22\bin;C:\WINDOWS\Sun\Java\bin;C:\WINDOWS\system32;C:\WINDOWS;C:\Program Files\Eclipse Adoptium\jdk-21.0.4.7-hotspot\bin;C:\Program Files\Common Files\Oracle\Java\javapath;C:\Program Files (x86)\Common Files\Oracle\Java\java8path;C:\Program Files (x86)\Common Files\Oracle\Java\javapath;C:\WINDOWS\system32;C:\WINDOWS;C:\WINDOWS\System32\Wbem;C:\WINDOWS\System32\WindowsPowerShell\v1.0\;C:\WINDOWS\System32\OpenSSH\;C:\Program Files\dotnet\;C:\Program Files\NVIDIA Corporation\NVIDIA NvDLISR;C:\Program Files (x86)\NVIDIA Corporation\PhysX\Common;C:\Program Files\nodejs\;C:\Users\haloa\AppData\Local\Microsoft\WindowsApps;C:\Users\haloa\AppData\Local\Programs\Microsoft VS Code\bin;C:\Users\haloa\AppData\Local\GitHubDesktop\bin;C:\Users\haloa\AppData\Roaming\npm;.]
02-Dec-2024 23:45:17.114 INFO [main] org.apache.coyote.AbstractProtocol.init Inicializando el manejador de protocolo ["http-nio-8080"]

02-Dec-2024 23:45:17.131 INFO [main] org.apache.catalina.startup.Catalina.load Server initialization in [512] milliseconds
02-Dec-2024 23:45:17.184 INFO [main] org.apache.catalina.core.StandardService.startInternal Arrancando servicio [Catalina]
02-Dec-2024 23:45:17.184 INFO [main] org.apache.catalina.core.StandardEngine.startInternal Starting Servlet engine: [Apache Tomcat/11.0.1]
02-Dec-2024 23:45:17.193 INFO [main] org.apache.catalina.startup.HostConfig.deployDescriptor Desplieque del descriptor de configuración [C:\Users\haloa\Desktop\github\pf_appweb_Pollitos\ProyectoWEB\apache-tomcat-11.0.1\conf\Catalina\localhost\WiXDi_Web.xml]
02-Dec-2024 23:45:17.207 WARNING [main] org.apache.catalina.startup.HostConfig.deployDescriptor The path attribute with value [/WiXDi_Web] in deployment descriptor [C:\Users\haloa\Desktop\github\pf_appweb_Pollitos\ProyectoWEB\apache-tomcat-11.0.1\conf\Catalina\localhost\WiXDi_Web.xml] has been ignored
02-Dec-2024 23:45:18.939 INFO [main] org.apache.jasper.servlet.TldScanner.scanJars Al menos un JAR, que se ha explorado buscando TLDs, aún no contenía TLDs. Activar historial de depuración para este historiador para una completa lista de los JARs que fueron explorados y de los que nos se halló TLDs. Saltarse JARs no necesarios durante la exploración puede dar lugar a una mejora de tiempo significativa en el arranque y compilación de JSP .
02-Dec-2024 23:45:19.041 INFO [main] org.apache.catalina.startup.HostConfig.deployDescriptor Deployment of deployment descriptor [C:\Users\haloa\Desktop\github\pf_appweb_Pollitos\ProyectoWEB\apache-tomcat-11.0.1\conf\Catalina\localhost\WiXDi_Web.xml] has finished in [1.846] ms
02-Dec-2024 23:45:19.041 INFO [main] org.apache.catalina.startup.HostConfig.deployDirectory Desplegando el directorio [C:\Users\haloa\Desktop\github\pf_appweb_Pollitos\ProyectoWEB\apache-tomcat-11.0.1\webapps\docs] de la aplicación web
02-Dec-2024 23:45:19.076 INFO [main] org.apache.catalina.startup.HostConfig.deployDirectory Deployment of web application directory [C:\Users\haloa\Desktop\github\pf_appweb_Pollitos\ProyectoWEB\apache-tomcat-11.0.1\webapps\docs] has finished in [34] ms
02-Dec-2024 23:45:19.076 INFO [main] org.apache.catalina.startup.HostConfig.deployDirectory Desplegando el directorio [C:\Users\haloa\Desktop\github\pf_appweb_Pollitos\ProyectoWEB\apache-tomcat-11.0.1\webapps\examples] de la aplicación web
02-Dec-2024 23:45:19.440 INFO [main] org.apache.catalina.startup.HostConfig.deployDirectory Deployment of web application directory [C:\Users\haloa\Desktop\github\pf_appweb_Pollitos\ProyectoWEB\apache-tomcat-11.0.1\webapps\examples] has finished in [364] ms
02-Dec-2024 23:45:19.440 INFO [main] org.apache.catalina.startup.HostConfig.deployDirectory Desplegando el directorio [C:\Users\haloa\Desktop\github\pf_appweb_Pollitos\ProyectoWEB\apache-tomcat-11.0.1\webapps\host-manager] de la aplicación web
02-Dec-2024 23:45:19.473 INFO [main] org.apache.catalina.startup.HostConfig.deployDirectory Deployment of web application directory [C:\Users\haloa\Desktop\github\pf_appweb_Pollitos\ProyectoWEB\apache-tomcat-11.0.1\webapps\host-manager] has finished in [33] ms
02-Dec-2024 23:45:19.473 INFO [main] org.apache.catalina.startup.HostConfig.deployDirectory Desplegando el directorio [C:\Users\haloa\Desktop\github\pf_appweb_Pollitos\ProyectoWEB\apache-tomcat-11.0.1\webapps\manager] de la aplicación web
02-Dec-2024 23:45:19.506 INFO [main] org.apache.catalina.startup.HostConfig.deployDirectory Deployment of web application directory [C:\Users\haloa\Desktop\github\pf_appweb_Pollitos\ProyectoWEB\apache-tomcat-11.0.1\webapps\manager] has finished in [33] ms
02-Dec-2024 23:45:19.506 INFO [main] org.apache.catalina.startup.HostConfig.deployDirectory Desplegando el directorio [C:\Users\haloa\Desktop\github\pf_appweb_Pollitos\ProyectoWEB\apache-tomcat-11.0.1\webapps\ROOT] de la aplicación web
02-Dec-2024 23:45:19.527 INFO [main] org.apache.catalina.startup.HostConfig.deployDirectory Deployment of web application directory [C:\Users\haloa\Desktop\github\pf_appweb_Pollitos\ProyectoWEB\apache-tomcat-11.0.1\webapps\ROOT] has finished in [21] ms
02-Dec-2024 23:45:19.531 INFO [main] org.apache.coyote.AbstractProtocol.start Starting ProtocolHandler ["http-nio-8080"]
02-Dec-2024 23:45:19.551 INFO [main] org.apache.catalina.startup.Catalina.start Server startup in [2419] milliseconds
02-Dec-2024 23:45:21.822 INFO [http-nio-8080-exec-1] org.apache.catalina.startup.HostConfig.undeploy Repliegue (undeploy) de la aplicación web que tiene como trayectoria de contexto [/WiXDi_Web]
02-Dec-2024 23:45:21.874 INFO [http-nio-8080-exec-6] org.apache.catalina.startup.HostConfig.deployDescriptor Desplieque del descriptor de configuración [C:\Users\haloa\Desktop\github\pf_appweb_Pollitos\ProyectoWEB\apache-tomcat-11.0.1\conf\Catalina\localhost\WiXDi_Web.xml]
02-Dec-2024 23:45:21.875 WARNING [http-nio-8080-exec-6] org.apache.catalina.startup.HostConfig.deployDescriptor The path attribute with value [/WiXDi_Web] in deployment descriptor [C:\Users\haloa\Desktop\github\pf_appweb_Pollitos\ProyectoWEB\apache-tomcat-11.0.1\conf\Catalina\localhost\WiXDi_Web.xml] has been ignored
02-Dec-2024 23:45:23.172 INFO [http-nio-8080-exec-6] org.apache.jasper.servlet.TldScanner.scanJars Al menos un JAR, que se ha explorado buscando TLDs, aún no contenía TLDs. Activar historial de depuración para este historiador para una completa lista de los JARs que fueron explorados y de los que nos se halló TLDs. Saltarse JARs no necesarios durante la exploración puede dar lugar a una mejora de tiempo significativa en el arranque y compilación de JSP .
02-Dec-2024 23:45:23.217 INFO [http-nio-8080-exec-6] org.apache.catalina.startup.HostConfig.deployDescriptor Deployment of deployment descriptor [C:\Users\haloa\Desktop\github\pf_appweb_Pollitos\ProyectoWEB\apache-tomcat-11.0.1\conf\Catalina\localhost\WiXDi_Web.xml] has finished in [1.344] ms
02-Dec-2024 23:45:23.220 INFO [http-nio-8080-exec-3] org.apache.catalina.util.LifecycleBase.start The start() method was called on component [StandardEngine[Catalina].StandardHost[localhost].StandardContext[/WiXDi_Web]] after start() had already been called. The second call will be ignored.
