07-Dec-2024 14:57:58.707 INFO [main] org.apache.catalina.startup.VersionLoggerListener.log Nombre de la versión del servidor: Apache Tomcat/11.0.1
07-Dec-2024 14:57:58.710 INFO [main] org.apache.catalina.startup.VersionLoggerListener.log Server built:                      Nov 6 2024 19:08:24 UTC
07-Dec-2024 14:57:58.710 INFO [main] org.apache.catalina.startup.VersionLoggerListener.log Número de versión de servidor:     11.0.1.0
07-Dec-2024 14:57:58.710 INFO [main] org.apache.catalina.startup.VersionLoggerListener.log OS Name:                           Windows 11
07-Dec-2024 14:57:58.710 INFO [main] org.apache.catalina.startup.VersionLoggerListener.log Versión de Systema Operativo:      10.0
07-Dec-2024 14:57:58.710 INFO [main] org.apache.catalina.startup.VersionLoggerListener.log Arquitectura:                      amd64
07-Dec-2024 14:57:58.710 INFO [main] org.apache.catalina.startup.VersionLoggerListener.log Java Home:                         C:\Program Files\Java\jdk-22
07-Dec-2024 14:57:58.710 INFO [main] org.apache.catalina.startup.VersionLoggerListener.log JVM Version:                       22.0.1+8-16
07-Dec-2024 14:57:58.711 INFO [main] org.apache.catalina.startup.VersionLoggerListener.log Vededor JVM:                       Oracle Corporation
07-Dec-2024 14:57:58.711 INFO [main] org.apache.catalina.startup.VersionLoggerListener.log CATALINA_BASE:                     C:\Users\haloa\Desktop\github\pf_appweb_Pollitos\ProyectoWEB\apache-tomcat-11.0.1
07-Dec-2024 14:57:58.711 INFO [main] org.apache.catalina.startup.VersionLoggerListener.log CATALINA_HOME:                     C:\Users\haloa\Desktop\github\pf_appweb_Pollitos\ProyectoWEB\apache-tomcat-11.0.1
07-Dec-2024 14:57:58.719 INFO [main] org.apache.catalina.startup.VersionLoggerListener.log Command line argument:             -Djava.util.logging.config.file=C:\Users\haloa\Desktop\github\pf_appweb_Pollitos\ProyectoWEB\apache-tomcat-11.0.1\conf\logging.properties
07-Dec-2024 14:57:58.719 INFO [main] org.apache.catalina.startup.VersionLoggerListener.log Command line argument:             -Djava.util.logging.manager=org.apache.juli.ClassLoaderLogManager
07-Dec-2024 14:57:58.719 INFO [main] org.apache.catalina.startup.VersionLoggerListener.log Command line argument:             -Djdk.tls.ephemeralDHKeySize=2048
07-Dec-2024 14:57:58.719 INFO [main] org.apache.catalina.startup.VersionLoggerListener.log Command line argument:             --add-opens=java.base/java.lang=ALL-UNNAMED
07-Dec-2024 14:57:58.719 INFO [main] org.apache.catalina.startup.VersionLoggerListener.log Command line argument:             --add-opens=java.base/java.io=ALL-UNNAMED
07-Dec-2024 14:57:58.719 INFO [main] org.apache.catalina.startup.VersionLoggerListener.log Command line argument:             --add-opens=java.base/java.util=ALL-UNNAMED
07-Dec-2024 14:57:58.719 INFO [main] org.apache.catalina.startup.VersionLoggerListener.log Command line argument:             --add-opens=java.base/java.util.concurrent=ALL-UNNAMED
07-Dec-2024 14:57:58.719 INFO [main] org.apache.catalina.startup.VersionLoggerListener.log Command line argument:             --add-opens=java.rmi/sun.rmi.transport=ALL-UNNAMED
07-Dec-2024 14:57:58.719 INFO [main] org.apache.catalina.startup.VersionLoggerListener.log Command line argument:             --enable-native-access=ALL-UNNAMED
07-Dec-2024 14:57:58.719 INFO [main] org.apache.catalina.startup.VersionLoggerListener.log Command line argument:             -Dcatalina.base=C:\Users\haloa\Desktop\github\pf_appweb_Pollitos\ProyectoWEB\apache-tomcat-11.0.1
07-Dec-2024 14:57:58.719 INFO [main] org.apache.catalina.startup.VersionLoggerListener.log Command line argument:             -Dcatalina.home=C:\Users\haloa\Desktop\github\pf_appweb_Pollitos\ProyectoWEB\apache-tomcat-11.0.1
07-Dec-2024 14:57:58.719 INFO [main] org.apache.catalina.startup.VersionLoggerListener.log Command line argument:             -Djava.io.tmpdir=C:\Users\haloa\Desktop\github\pf_appweb_Pollitos\ProyectoWEB\apache-tomcat-11.0.1\temp
07-Dec-2024 14:57:58.724 INFO [main] org.apache.catalina.core.AprLifecycleListener.lifecycleEvent La biblioteca nativa de Apache Tomcat basada en ARP que permite un rendimiento óptimo en entornos de desarrollo no ha sido hallada en java.library.path: [C:\Program Files\Java\jdk-22\bin;C:\WINDOWS\Sun\Java\bin;C:\WINDOWS\system32;C:\WINDOWS;C:\Program Files\Eclipse Adoptium\jdk-21.0.4.7-hotspot\bin;C:\Program Files\Common Files\Oracle\Java\javapath;C:\Program Files (x86)\Common Files\Oracle\Java\java8path;C:\Program Files (x86)\Common Files\Oracle\Java\javapath;C:\WINDOWS\system32;C:\WINDOWS;C:\WINDOWS\System32\Wbem;C:\WINDOWS\System32\WindowsPowerShell\v1.0\;C:\WINDOWS\System32\OpenSSH\;C:\Program Files\dotnet\;C:\Program Files\NVIDIA Corporation\NVIDIA NvDLISR;C:\Program Files (x86)\NVIDIA Corporation\PhysX\Common;C:\Program Files\nodejs\;C:\Users\haloa\AppData\Local\Microsoft\WindowsApps;C:\Users\haloa\AppData\Local\Programs\Microsoft VS Code\bin;C:\Users\haloa\AppData\Local\GitHubDesktop\bin;C:\Users\haloa\AppData\Roaming\npm;.]
07-Dec-2024 14:57:59.018 INFO [main] org.apache.coyote.AbstractProtocol.init Inicializando el manejador de protocolo ["http-nio-8080"]

07-Dec-2024 14:57:59.038 INFO [main] org.apache.catalina.startup.Catalina.load Server initialization in [514] milliseconds
07-Dec-2024 14:57:59.085 INFO [main] org.apache.catalina.core.StandardService.startInternal Arrancando servicio [Catalina]
07-Dec-2024 14:57:59.085 INFO [main] org.apache.catalina.core.StandardEngine.startInternal Starting Servlet engine: [Apache Tomcat/11.0.1]
07-Dec-2024 14:57:59.097 INFO [main] org.apache.catalina.startup.HostConfig.deployDescriptor Desplieque del descriptor de configuración [C:\Users\haloa\Desktop\github\pf_appweb_Pollitos\ProyectoWEB\apache-tomcat-11.0.1\conf\Catalina\localhost\PresentacionBlog-1.0-SNAPSHOT.xml]
07-Dec-2024 14:57:59.110 WARNING [main] org.apache.catalina.startup.HostConfig.deployDescriptor The path attribute with value [/PresentacionBlog-1.0-SNAPSHOT] in deployment descriptor [C:\Users\haloa\Desktop\github\pf_appweb_Pollitos\ProyectoWEB\apache-tomcat-11.0.1\conf\Catalina\localhost\PresentacionBlog-1.0-SNAPSHOT.xml] has been ignored
07-Dec-2024 14:57:59.143 SEVERE [main] org.apache.catalina.startup.HostConfig.deployDescriptor Error durante el despliegue del descriptor de configuración [C:\Users\haloa\Desktop\github\pf_appweb_Pollitos\ProyectoWEB\apache-tomcat-11.0.1\conf\Catalina\localhost\PresentacionBlog-1.0-SNAPSHOT.xml]
	java.lang.IllegalStateException: Error starting child
		at org.apache.catalina.core.ContainerBase.addChild(ContainerBase.java:569)
		at org.apache.catalina.core.StandardHost.addChild(StandardHost.java:653)
		at org.apache.catalina.startup.HostConfig.deployDescriptor(HostConfig.java:599)
		at org.apache.catalina.startup.HostConfig$DeployDescriptor.run(HostConfig.java:1853)
		at java.base/java.util.concurrent.Executors$RunnableAdapter.call(Executors.java:572)
		at java.base/java.util.concurrent.FutureTask.run(FutureTask.java:317)
		at org.apache.tomcat.util.threads.InlineExecutorService.execute(InlineExecutorService.java:75)
		at java.base/java.util.concurrent.AbstractExecutorService.submit(AbstractExecutorService.java:123)
		at org.apache.catalina.startup.HostConfig.deployDescriptors(HostConfig.java:494)
		at org.apache.catalina.startup.HostConfig.deployApps(HostConfig.java:385)
		at org.apache.catalina.startup.HostConfig.start(HostConfig.java:1593)
		at org.apache.catalina.startup.HostConfig.lifecycleEvent(HostConfig.java:267)
		at org.apache.catalina.util.LifecycleBase.fireLifecycleEvent(LifecycleBase.java:109)
		at org.apache.catalina.util.LifecycleBase.setStateInternal(LifecycleBase.java:389)
		at org.apache.catalina.util.LifecycleBase.setState(LifecycleBase.java:336)
		at org.apache.catalina.core.ContainerBase.startInternal(ContainerBase.java:743)
		at org.apache.catalina.core.StandardHost.startInternal(StandardHost.java:771)
		at org.apache.catalina.util.LifecycleBase.start(LifecycleBase.java:164)
		at org.apache.catalina.core.ContainerBase$StartChild.call(ContainerBase.java:1170)
		at org.apache.catalina.core.ContainerBase$StartChild.call(ContainerBase.java:1160)
		at java.base/java.util.concurrent.FutureTask.run(FutureTask.java:317)
		at org.apache.tomcat.util.threads.InlineExecutorService.execute(InlineExecutorService.java:75)
		at java.base/java.util.concurrent.AbstractExecutorService.submit(AbstractExecutorService.java:145)
		at org.apache.catalina.core.ContainerBase.startInternal(ContainerBase.java:716)
		at org.apache.catalina.core.StandardEngine.startInternal(StandardEngine.java:203)
		at org.apache.catalina.util.LifecycleBase.start(LifecycleBase.java:164)
		at org.apache.catalina.core.StandardService.startInternal(StandardService.java:415)
		at org.apache.catalina.util.LifecycleBase.start(LifecycleBase.java:164)
		at org.apache.catalina.core.StandardServer.startInternal(StandardServer.java:866)
		at org.apache.catalina.util.LifecycleBase.start(LifecycleBase.java:164)
		at org.apache.catalina.startup.Catalina.start(Catalina.java:755)
		at java.base/jdk.internal.reflect.DirectMethodHandleAccessor.invoke(DirectMethodHandleAccessor.java:103)
		at java.base/java.lang.reflect.Method.invoke(Method.java:580)
		at org.apache.catalina.startup.Bootstrap.start(Bootstrap.java:342)
		at org.apache.catalina.startup.Bootstrap.main(Bootstrap.java:470)
	Caused by: org.apache.catalina.LifecycleException: Failed to start component [org.apache.catalina.webresources.StandardRoot@5f0fd5a0]
		at org.apache.catalina.util.LifecycleBase.handleSubClassException(LifecycleBase.java:406)
		at org.apache.catalina.util.LifecycleBase.start(LifecycleBase.java:179)
		at org.apache.catalina.core.StandardContext.resourcesStart(StandardContext.java:4091)
		at org.apache.catalina.core.StandardContext.startInternal(StandardContext.java:4213)
		at org.apache.catalina.util.LifecycleBase.start(LifecycleBase.java:164)
		at org.apache.catalina.core.ContainerBase.addChild(ContainerBase.java:566)
		... 34 more
	Caused by: java.lang.IllegalArgumentException: The main resource set specified [C:\Users\haloa\Desktop\proyectogomez\PresentacionBlog\target\PresentacionBlog-1.0-SNAPSHOT] is not a directory or war file, or is not readable (it does not exist or permissions to access it are missing)
		at org.apache.catalina.webresources.StandardRoot.createMainResourceSet(StandardRoot.java:749)
		at org.apache.catalina.webresources.StandardRoot.startInternal(StandardRoot.java:707)
		at org.apache.catalina.util.LifecycleBase.start(LifecycleBase.java:164)
		... 38 more
07-Dec-2024 14:57:59.181 INFO [main] org.apache.catalina.startup.HostConfig.deployDescriptor Deployment of deployment descriptor [C:\Users\haloa\Desktop\github\pf_appweb_Pollitos\ProyectoWEB\apache-tomcat-11.0.1\conf\Catalina\localhost\PresentacionBlog-1.0-SNAPSHOT.xml] has finished in [81] ms
07-Dec-2024 14:57:59.181 INFO [main] org.apache.catalina.startup.HostConfig.deployDescriptor Desplieque del descriptor de configuración [C:\Users\haloa\Desktop\github\pf_appweb_Pollitos\ProyectoWEB\apache-tomcat-11.0.1\conf\Catalina\localhost\WiXDi_Web.xml]
07-Dec-2024 14:57:59.182 WARNING [main] org.apache.catalina.startup.HostConfig.deployDescriptor The path attribute with value [/WiXDi_Web] in deployment descriptor [C:\Users\haloa\Desktop\github\pf_appweb_Pollitos\ProyectoWEB\apache-tomcat-11.0.1\conf\Catalina\localhost\WiXDi_Web.xml] has been ignored
07-Dec-2024 14:58:01.278 INFO [main] org.apache.jasper.servlet.TldScanner.scanJars Al menos un JAR, que se ha explorado buscando TLDs, aún no contenía TLDs. Activar historial de depuración para este historiador para una completa lista de los JARs que fueron explorados y de los que nos se halló TLDs. Saltarse JARs no necesarios durante la exploración puede dar lugar a una mejora de tiempo significativa en el arranque y compilación de JSP .
07-Dec-2024 14:58:01.381 INFO [main] org.apache.catalina.startup.HostConfig.deployDescriptor Deployment of deployment descriptor [C:\Users\haloa\Desktop\github\pf_appweb_Pollitos\ProyectoWEB\apache-tomcat-11.0.1\conf\Catalina\localhost\WiXDi_Web.xml] has finished in [2.200] ms
07-Dec-2024 14:58:01.381 INFO [main] org.apache.catalina.startup.HostConfig.deployDirectory Desplegando el directorio [C:\Users\haloa\Desktop\github\pf_appweb_Pollitos\ProyectoWEB\apache-tomcat-11.0.1\webapps\docs] de la aplicación web
07-Dec-2024 14:58:01.410 INFO [main] org.apache.catalina.startup.HostConfig.deployDirectory Deployment of web application directory [C:\Users\haloa\Desktop\github\pf_appweb_Pollitos\ProyectoWEB\apache-tomcat-11.0.1\webapps\docs] has finished in [29] ms
07-Dec-2024 14:58:01.410 INFO [main] org.apache.catalina.startup.HostConfig.deployDirectory Desplegando el directorio [C:\Users\haloa\Desktop\github\pf_appweb_Pollitos\ProyectoWEB\apache-tomcat-11.0.1\webapps\examples] de la aplicación web
07-Dec-2024 14:58:01.792 INFO [main] org.apache.catalina.startup.HostConfig.deployDirectory Deployment of web application directory [C:\Users\haloa\Desktop\github\pf_appweb_Pollitos\ProyectoWEB\apache-tomcat-11.0.1\webapps\examples] has finished in [382] ms
07-Dec-2024 14:58:01.792 INFO [main] org.apache.catalina.startup.HostConfig.deployDirectory Desplegando el directorio [C:\Users\haloa\Desktop\github\pf_appweb_Pollitos\ProyectoWEB\apache-tomcat-11.0.1\webapps\host-manager] de la aplicación web
07-Dec-2024 14:58:01.834 INFO [main] org.apache.catalina.startup.HostConfig.deployDirectory Deployment of web application directory [C:\Users\haloa\Desktop\github\pf_appweb_Pollitos\ProyectoWEB\apache-tomcat-11.0.1\webapps\host-manager] has finished in [42] ms
07-Dec-2024 14:58:01.835 INFO [main] org.apache.catalina.startup.HostConfig.deployDirectory Desplegando el directorio [C:\Users\haloa\Desktop\github\pf_appweb_Pollitos\ProyectoWEB\apache-tomcat-11.0.1\webapps\manager] de la aplicación web
07-Dec-2024 14:58:01.882 INFO [main] org.apache.catalina.startup.HostConfig.deployDirectory Deployment of web application directory [C:\Users\haloa\Desktop\github\pf_appweb_Pollitos\ProyectoWEB\apache-tomcat-11.0.1\webapps\manager] has finished in [47] ms
07-Dec-2024 14:58:01.882 INFO [main] org.apache.catalina.startup.HostConfig.deployDirectory Desplegando el directorio [C:\Users\haloa\Desktop\github\pf_appweb_Pollitos\ProyectoWEB\apache-tomcat-11.0.1\webapps\ROOT] de la aplicación web
07-Dec-2024 14:58:01.912 INFO [main] org.apache.catalina.startup.HostConfig.deployDirectory Deployment of web application directory [C:\Users\haloa\Desktop\github\pf_appweb_Pollitos\ProyectoWEB\apache-tomcat-11.0.1\webapps\ROOT] has finished in [30] ms
07-Dec-2024 14:58:01.920 INFO [main] org.apache.coyote.AbstractProtocol.start Starting ProtocolHandler ["http-nio-8080"]
07-Dec-2024 14:58:01.949 INFO [main] org.apache.catalina.startup.Catalina.start Server startup in [2909] milliseconds
07-Dec-2024 14:58:04.592 INFO [http-nio-8080-exec-10] org.apache.catalina.startup.HostConfig.undeploy Repliegue (undeploy) de la aplicación web que tiene como trayectoria de contexto [/WiXDi_Web]
07-Dec-2024 14:58:04.646 INFO [http-nio-8080-exec-9] org.apache.catalina.startup.HostConfig.deployDescriptor Desplieque del descriptor de configuración [C:\Users\haloa\Desktop\github\pf_appweb_Pollitos\ProyectoWEB\apache-tomcat-11.0.1\conf\Catalina\localhost\WiXDi_Web.xml]
07-Dec-2024 14:58:04.647 WARNING [http-nio-8080-exec-9] org.apache.catalina.startup.HostConfig.deployDescriptor The path attribute with value [/WiXDi_Web] in deployment descriptor [C:\Users\haloa\Desktop\github\pf_appweb_Pollitos\ProyectoWEB\apache-tomcat-11.0.1\conf\Catalina\localhost\WiXDi_Web.xml] has been ignored
07-Dec-2024 14:58:06.363 INFO [http-nio-8080-exec-9] org.apache.jasper.servlet.TldScanner.scanJars Al menos un JAR, que se ha explorado buscando TLDs, aún no contenía TLDs. Activar historial de depuración para este historiador para una completa lista de los JARs que fueron explorados y de los que nos se halló TLDs. Saltarse JARs no necesarios durante la exploración puede dar lugar a una mejora de tiempo significativa en el arranque y compilación de JSP .
07-Dec-2024 14:58:06.431 INFO [http-nio-8080-exec-9] org.apache.catalina.startup.HostConfig.deployDescriptor Deployment of deployment descriptor [C:\Users\haloa\Desktop\github\pf_appweb_Pollitos\ProyectoWEB\apache-tomcat-11.0.1\conf\Catalina\localhost\WiXDi_Web.xml] has finished in [1.785] ms
07-Dec-2024 14:58:06.434 INFO [http-nio-8080-exec-4] org.apache.catalina.util.LifecycleBase.start The start() method was called on component [StandardEngine[Catalina].StandardHost[localhost].StandardContext[/WiXDi_Web]] after start() had already been called. The second call will be ignored.
07-Dec-2024 14:58:37.565 INFO [http-nio-8080-exec-12] org.apache.catalina.startup.HostConfig.undeploy Repliegue (undeploy) de la aplicación web que tiene como trayectoria de contexto [/WiXDi_Web]
07-Dec-2024 14:58:52.684 INFO [http-nio-8080-exec-3] org.apache.catalina.startup.HostConfig.deployDescriptor Desplieque del descriptor de configuración [C:\Users\haloa\Desktop\github\pf_appweb_Pollitos\ProyectoWEB\apache-tomcat-11.0.1\conf\Catalina\localhost\WiXDi_Web.xml]
07-Dec-2024 14:58:52.685 WARNING [http-nio-8080-exec-3] org.apache.catalina.startup.HostConfig.deployDescriptor The path attribute with value [/WiXDi_Web] in deployment descriptor [C:\Users\haloa\Desktop\github\pf_appweb_Pollitos\ProyectoWEB\apache-tomcat-11.0.1\conf\Catalina\localhost\WiXDi_Web.xml] has been ignored
07-Dec-2024 14:58:54.317 INFO [http-nio-8080-exec-3] org.apache.jasper.servlet.TldScanner.scanJars Al menos un JAR, que se ha explorado buscando TLDs, aún no contenía TLDs. Activar historial de depuración para este historiador para una completa lista de los JARs que fueron explorados y de los que nos se halló TLDs. Saltarse JARs no necesarios durante la exploración puede dar lugar a una mejora de tiempo significativa en el arranque y compilación de JSP .
07-Dec-2024 14:58:54.365 INFO [http-nio-8080-exec-3] org.apache.catalina.startup.HostConfig.deployDescriptor Deployment of deployment descriptor [C:\Users\haloa\Desktop\github\pf_appweb_Pollitos\ProyectoWEB\apache-tomcat-11.0.1\conf\Catalina\localhost\WiXDi_Web.xml] has finished in [1.681] ms
07-Dec-2024 14:58:54.368 INFO [http-nio-8080-exec-12] org.apache.catalina.util.LifecycleBase.start The start() method was called on component [StandardEngine[Catalina].StandardHost[localhost].StandardContext[/WiXDi_Web]] after start() had already been called. The second call will be ignored.
07-Dec-2024 14:59:30.210 WARNING [http-nio-8080-exec-21] org.apache.catalina.loader.WebappClassLoaderBase.clearReferencesJdbc La aplicación web [WiXDi_Web] registró el conductor JDBC [com.mysql.cj.jdbc.Driver] pero falló al anular el registro mientras la aplicación web estaba parada. Para prevenir un fallo de memoria, se ha anulado el registro del conductor JDBC por la fuerza.
07-Dec-2024 14:59:30.211 WARNING [http-nio-8080-exec-21] org.apache.catalina.loader.WebappClassLoaderBase.clearReferencesThreads The web application [WiXDi_Web] appears to have started a thread named [mysql-cj-abandoned-connection-cleanup] but has failed to stop it. This is very likely to create a memory leak. Stack trace of thread:
 java.base/jdk.internal.misc.Unsafe.park(Native Method)
 java.base/java.util.concurrent.locks.LockSupport.parkNanos(LockSupport.java:269)
 java.base/java.util.concurrent.locks.AbstractQueuedSynchronizer$ConditionObject.await(AbstractQueuedSynchronizer.java:1847)
 java.base/java.lang.ref.ReferenceQueue.await(ReferenceQueue.java:71)
 java.base/java.lang.ref.ReferenceQueue.remove0(ReferenceQueue.java:143)
 java.base/java.lang.ref.ReferenceQueue.remove(ReferenceQueue.java:218)
 com.mysql.cj.jdbc.AbandonedConnectionCleanupThread.run(AbandonedConnectionCleanupThread.java:84)
 java.base/java.util.concurrent.ThreadPoolExecutor.runWorker(ThreadPoolExecutor.java:1144)
 java.base/java.util.concurrent.ThreadPoolExecutor$Worker.run(ThreadPoolExecutor.java:642)
 java.base/java.lang.Thread.run(Thread.java:1570)
07-Dec-2024 14:59:30.728 INFO [http-nio-8080-exec-21] org.apache.catalina.startup.HostConfig.undeploy Repliegue (undeploy) de la aplicación web que tiene como trayectoria de contexto [/WiXDi_Web]
07-Dec-2024 14:59:33.230 INFO [mysql-cj-abandoned-connection-cleanup] org.apache.catalina.loader.WebappClassLoaderBase.checkStateForResourceLoading Acceso ilegal: esta instancia de aplicación web ya ha sido parada.  Could not load [].  La eventual traza de pila que sigue ha sido motivada por un error lanzado con motivos de depuración así como para intentar terminar el hilo que motivó el acceso ilegal y no tiene impacto funcional.
	java.lang.IllegalStateException: Acceso ilegal: esta instancia de aplicación web ya ha sido parada.  Could not load [].  La eventual traza de pila que sigue ha sido motivada por un error lanzado con motivos de depuración así como para intentar terminar el hilo que motivó el acceso ilegal y no tiene impacto funcional.
		at org.apache.catalina.loader.WebappClassLoaderBase.checkStateForResourceLoading(WebappClassLoaderBase.java:1232)
		at org.apache.catalina.loader.WebappClassLoaderBase.getResource(WebappClassLoaderBase.java:845)
		at com.mysql.cj.jdbc.AbandonedConnectionCleanupThread.checkThreadContextClassLoader(AbandonedConnectionCleanupThread.java:116)
		at com.mysql.cj.jdbc.AbandonedConnectionCleanupThread.run(AbandonedConnectionCleanupThread.java:83)
		at java.base/java.util.concurrent.ThreadPoolExecutor.runWorker(ThreadPoolExecutor.java:1144)
		at java.base/java.util.concurrent.ThreadPoolExecutor$Worker.run(ThreadPoolExecutor.java:642)
		at java.base/java.lang.Thread.run(Thread.java:1570)
07-Dec-2024 14:59:55.908 INFO [http-nio-8080-exec-16] org.apache.catalina.startup.HostConfig.deployDescriptor Desplieque del descriptor de configuración [C:\Users\haloa\Desktop\github\pf_appweb_Pollitos\ProyectoWEB\apache-tomcat-11.0.1\conf\Catalina\localhost\WiXDi_Web.xml]
07-Dec-2024 14:59:55.910 WARNING [http-nio-8080-exec-16] org.apache.catalina.startup.HostConfig.deployDescriptor The path attribute with value [/WiXDi_Web] in deployment descriptor [C:\Users\haloa\Desktop\github\pf_appweb_Pollitos\ProyectoWEB\apache-tomcat-11.0.1\conf\Catalina\localhost\WiXDi_Web.xml] has been ignored
07-Dec-2024 14:59:57.430 INFO [http-nio-8080-exec-16] org.apache.jasper.servlet.TldScanner.scanJars Al menos un JAR, que se ha explorado buscando TLDs, aún no contenía TLDs. Activar historial de depuración para este historiador para una completa lista de los JARs que fueron explorados y de los que nos se halló TLDs. Saltarse JARs no necesarios durante la exploración puede dar lugar a una mejora de tiempo significativa en el arranque y compilación de JSP .
07-Dec-2024 14:59:57.483 INFO [http-nio-8080-exec-16] org.apache.catalina.startup.HostConfig.deployDescriptor Deployment of deployment descriptor [C:\Users\haloa\Desktop\github\pf_appweb_Pollitos\ProyectoWEB\apache-tomcat-11.0.1\conf\Catalina\localhost\WiXDi_Web.xml] has finished in [1.575] ms
07-Dec-2024 14:59:57.486 INFO [http-nio-8080-exec-21] org.apache.catalina.util.LifecycleBase.start The start() method was called on component [StandardEngine[Catalina].StandardHost[localhost].StandardContext[/WiXDi_Web]] after start() had already been called. The second call will be ignored.
07-Dec-2024 15:01:52.168 INFO [Catalina-utility-1] org.apache.catalina.users.MemoryUserDatabase.backgroundProcess Reloading memory user database [UserDatabase] from updated source [file:/C:/Users/haloa/Desktop/github/pf_appweb_Pollitos/ProyectoWEB/apache-tomcat-11.0.1/conf/tomcat-users.xml]
07-Dec-2024 15:01:52.171 INFO [Catalina-utility-1] org.apache.catalina.startup.HostConfig.undeploy Repliegue (undeploy) de la aplicación web que tiene como trayectoria de contexto [/WiXDi_Web]
07-Dec-2024 15:01:52.174 WARNING [Catalina-utility-1] org.apache.catalina.loader.WebappClassLoaderBase.clearReferencesJdbc La aplicación web [WiXDi_Web] registró el conductor JDBC [com.mysql.cj.jdbc.Driver] pero falló al anular el registro mientras la aplicación web estaba parada. Para prevenir un fallo de memoria, se ha anulado el registro del conductor JDBC por la fuerza.
07-Dec-2024 15:01:52.174 WARNING [Catalina-utility-1] org.apache.catalina.loader.WebappClassLoaderBase.clearReferencesThreads The web application [WiXDi_Web] appears to have started a thread named [mysql-cj-abandoned-connection-cleanup] but has failed to stop it. This is very likely to create a memory leak. Stack trace of thread:
 java.base/jdk.internal.misc.Unsafe.park(Native Method)
 java.base/java.util.concurrent.locks.LockSupport.parkNanos(LockSupport.java:269)
 java.base/java.util.concurrent.locks.AbstractQueuedSynchronizer$ConditionObject.await(AbstractQueuedSynchronizer.java:1847)
 java.base/java.lang.ref.ReferenceQueue.await(ReferenceQueue.java:71)
 java.base/java.lang.ref.ReferenceQueue.remove0(ReferenceQueue.java:143)
 java.base/java.lang.ref.ReferenceQueue.remove(ReferenceQueue.java:218)
 com.mysql.cj.jdbc.AbandonedConnectionCleanupThread.run(AbandonedConnectionCleanupThread.java:84)
 java.base/java.util.concurrent.ThreadPoolExecutor.runWorker(ThreadPoolExecutor.java:1144)
 java.base/java.util.concurrent.ThreadPoolExecutor$Worker.run(ThreadPoolExecutor.java:642)
 java.base/java.lang.Thread.run(Thread.java:1570)
07-Dec-2024 15:01:52.184 INFO [Catalina-utility-1] org.apache.catalina.startup.HostConfig.deployDescriptor Desplieque del descriptor de configuración [C:\Users\haloa\Desktop\github\pf_appweb_Pollitos\ProyectoWEB\apache-tomcat-11.0.1\conf\Catalina\localhost\WiXDi_Web.xml]
07-Dec-2024 15:01:52.185 WARNING [Catalina-utility-1] org.apache.catalina.startup.HostConfig.deployDescriptor The path attribute with value [/WiXDi_Web] in deployment descriptor [C:\Users\haloa\Desktop\github\pf_appweb_Pollitos\ProyectoWEB\apache-tomcat-11.0.1\conf\Catalina\localhost\WiXDi_Web.xml] has been ignored
07-Dec-2024 15:01:52.434 INFO [mysql-cj-abandoned-connection-cleanup] org.apache.catalina.loader.WebappClassLoaderBase.checkStateForResourceLoading Acceso ilegal: esta instancia de aplicación web ya ha sido parada.  Could not load [].  La eventual traza de pila que sigue ha sido motivada por un error lanzado con motivos de depuración así como para intentar terminar el hilo que motivó el acceso ilegal y no tiene impacto funcional.
	java.lang.IllegalStateException: Acceso ilegal: esta instancia de aplicación web ya ha sido parada.  Could not load [].  La eventual traza de pila que sigue ha sido motivada por un error lanzado con motivos de depuración así como para intentar terminar el hilo que motivó el acceso ilegal y no tiene impacto funcional.
		at org.apache.catalina.loader.WebappClassLoaderBase.checkStateForResourceLoading(WebappClassLoaderBase.java:1232)
		at org.apache.catalina.loader.WebappClassLoaderBase.getResource(WebappClassLoaderBase.java:845)
		at com.mysql.cj.jdbc.AbandonedConnectionCleanupThread.checkThreadContextClassLoader(AbandonedConnectionCleanupThread.java:116)
		at com.mysql.cj.jdbc.AbandonedConnectionCleanupThread.run(AbandonedConnectionCleanupThread.java:83)
		at java.base/java.util.concurrent.ThreadPoolExecutor.runWorker(ThreadPoolExecutor.java:1144)
		at java.base/java.util.concurrent.ThreadPoolExecutor$Worker.run(ThreadPoolExecutor.java:642)
		at java.base/java.lang.Thread.run(Thread.java:1570)
07-Dec-2024 15:01:52.435 INFO [mysql-cj-abandoned-connection-cleanup] org.apache.catalina.loader.WebappClassLoaderBase.checkStateForResourceLoading Acceso ilegal: esta instancia de aplicación web ya ha sido parada.  Could not load [].  La eventual traza de pila que sigue ha sido motivada por un error lanzado con motivos de depuración así como para intentar terminar el hilo que motivó el acceso ilegal y no tiene impacto funcional.
	java.lang.IllegalStateException: Acceso ilegal: esta instancia de aplicación web ya ha sido parada.  Could not load [].  La eventual traza de pila que sigue ha sido motivada por un error lanzado con motivos de depuración así como para intentar terminar el hilo que motivó el acceso ilegal y no tiene impacto funcional.
		at org.apache.catalina.loader.WebappClassLoaderBase.checkStateForResourceLoading(WebappClassLoaderBase.java:1232)
		at org.apache.catalina.loader.WebappClassLoaderBase.getResource(WebappClassLoaderBase.java:845)
		at com.mysql.cj.jdbc.AbandonedConnectionCleanupThread.checkThreadContextClassLoader(AbandonedConnectionCleanupThread.java:116)
		at com.mysql.cj.jdbc.AbandonedConnectionCleanupThread.run(AbandonedConnectionCleanupThread.java:83)
		at java.base/java.util.concurrent.ThreadPoolExecutor.runWorker(ThreadPoolExecutor.java:1144)
		at java.base/java.util.concurrent.ThreadPoolExecutor$Worker.run(ThreadPoolExecutor.java:642)
		at java.base/java.lang.Thread.run(Thread.java:1570)
07-Dec-2024 15:01:53.803 INFO [Catalina-utility-1] org.apache.jasper.servlet.TldScanner.scanJars Al menos un JAR, que se ha explorado buscando TLDs, aún no contenía TLDs. Activar historial de depuración para este historiador para una completa lista de los JARs que fueron explorados y de los que nos se halló TLDs. Saltarse JARs no necesarios durante la exploración puede dar lugar a una mejora de tiempo significativa en el arranque y compilación de JSP .
07-Dec-2024 15:01:53.856 INFO [Catalina-utility-1] org.apache.catalina.startup.HostConfig.deployDescriptor Deployment of deployment descriptor [C:\Users\haloa\Desktop\github\pf_appweb_Pollitos\ProyectoWEB\apache-tomcat-11.0.1\conf\Catalina\localhost\WiXDi_Web.xml] has finished in [1.672] ms
07-Dec-2024 15:03:03.976 INFO [http-nio-8080-exec-33] org.apache.catalina.startup.HostConfig.undeploy Repliegue (undeploy) de la aplicación web que tiene como trayectoria de contexto [/WiXDi_Web]
07-Dec-2024 15:03:21.605 INFO [http-nio-8080-exec-27] org.apache.catalina.startup.HostConfig.deployDescriptor Desplieque del descriptor de configuración [C:\Users\haloa\Desktop\github\pf_appweb_Pollitos\ProyectoWEB\apache-tomcat-11.0.1\conf\Catalina\localhost\WiXDi_Web.xml]
07-Dec-2024 15:03:21.606 WARNING [http-nio-8080-exec-27] org.apache.catalina.startup.HostConfig.deployDescriptor The path attribute with value [/WiXDi_Web] in deployment descriptor [C:\Users\haloa\Desktop\github\pf_appweb_Pollitos\ProyectoWEB\apache-tomcat-11.0.1\conf\Catalina\localhost\WiXDi_Web.xml] has been ignored
07-Dec-2024 15:03:23.275 INFO [http-nio-8080-exec-27] org.apache.jasper.servlet.TldScanner.scanJars Al menos un JAR, que se ha explorado buscando TLDs, aún no contenía TLDs. Activar historial de depuración para este historiador para una completa lista de los JARs que fueron explorados y de los que nos se halló TLDs. Saltarse JARs no necesarios durante la exploración puede dar lugar a una mejora de tiempo significativa en el arranque y compilación de JSP .
07-Dec-2024 15:03:23.328 INFO [http-nio-8080-exec-27] org.apache.catalina.startup.HostConfig.deployDescriptor Deployment of deployment descriptor [C:\Users\haloa\Desktop\github\pf_appweb_Pollitos\ProyectoWEB\apache-tomcat-11.0.1\conf\Catalina\localhost\WiXDi_Web.xml] has finished in [1.723] ms
07-Dec-2024 15:03:23.332 INFO [http-nio-8080-exec-28] org.apache.catalina.util.LifecycleBase.start The start() method was called on component [StandardEngine[Catalina].StandardHost[localhost].StandardContext[/WiXDi_Web]] after start() had already been called. The second call will be ignored.
07-Dec-2024 15:04:14.558 INFO [Catalina-utility-2] org.apache.catalina.startup.HostConfig.undeploy Repliegue (undeploy) de la aplicación web que tiene como trayectoria de contexto [/WiXDi_Web]
07-Dec-2024 15:04:24.592 INFO [Catalina-utility-1] org.apache.catalina.startup.HostConfig.deployDescriptor Desplieque del descriptor de configuración [C:\Users\haloa\Desktop\github\pf_appweb_Pollitos\ProyectoWEB\apache-tomcat-11.0.1\conf\Catalina\localhost\WiXDi_Web.xml]
07-Dec-2024 15:04:24.593 WARNING [Catalina-utility-1] org.apache.catalina.startup.HostConfig.deployDescriptor The path attribute with value [/WiXDi_Web] in deployment descriptor [C:\Users\haloa\Desktop\github\pf_appweb_Pollitos\ProyectoWEB\apache-tomcat-11.0.1\conf\Catalina\localhost\WiXDi_Web.xml] has been ignored
07-Dec-2024 15:04:26.246 INFO [Catalina-utility-1] org.apache.jasper.servlet.TldScanner.scanJars Al menos un JAR, que se ha explorado buscando TLDs, aún no contenía TLDs. Activar historial de depuración para este historiador para una completa lista de los JARs que fueron explorados y de los que nos se halló TLDs. Saltarse JARs no necesarios durante la exploración puede dar lugar a una mejora de tiempo significativa en el arranque y compilación de JSP .
07-Dec-2024 15:04:26.303 INFO [Catalina-utility-1] org.apache.catalina.startup.HostConfig.deployDescriptor Deployment of deployment descriptor [C:\Users\haloa\Desktop\github\pf_appweb_Pollitos\ProyectoWEB\apache-tomcat-11.0.1\conf\Catalina\localhost\WiXDi_Web.xml] has finished in [1.711] ms
07-Dec-2024 15:05:13.283 INFO [http-nio-8080-exec-33] org.apache.catalina.startup.HostConfig.undeploy Repliegue (undeploy) de la aplicación web que tiene como trayectoria de contexto [/WiXDi_Web]
07-Dec-2024 15:05:13.304 INFO [http-nio-8080-exec-30] org.apache.catalina.startup.HostConfig.deployDescriptor Desplieque del descriptor de configuración [C:\Users\haloa\Desktop\github\pf_appweb_Pollitos\ProyectoWEB\apache-tomcat-11.0.1\conf\Catalina\localhost\WiXDi_Web.xml]
07-Dec-2024 15:05:13.304 WARNING [http-nio-8080-exec-30] org.apache.catalina.startup.HostConfig.deployDescriptor The path attribute with value [/WiXDi_Web] in deployment descriptor [C:\Users\haloa\Desktop\github\pf_appweb_Pollitos\ProyectoWEB\apache-tomcat-11.0.1\conf\Catalina\localhost\WiXDi_Web.xml] has been ignored
07-Dec-2024 15:05:14.835 INFO [http-nio-8080-exec-30] org.apache.jasper.servlet.TldScanner.scanJars Al menos un JAR, que se ha explorado buscando TLDs, aún no contenía TLDs. Activar historial de depuración para este historiador para una completa lista de los JARs que fueron explorados y de los que nos se halló TLDs. Saltarse JARs no necesarios durante la exploración puede dar lugar a una mejora de tiempo significativa en el arranque y compilación de JSP .
07-Dec-2024 15:05:14.879 INFO [http-nio-8080-exec-30] org.apache.catalina.startup.HostConfig.deployDescriptor Deployment of deployment descriptor [C:\Users\haloa\Desktop\github\pf_appweb_Pollitos\ProyectoWEB\apache-tomcat-11.0.1\conf\Catalina\localhost\WiXDi_Web.xml] has finished in [1.575] ms
07-Dec-2024 15:05:14.882 INFO [http-nio-8080-exec-35] org.apache.catalina.util.LifecycleBase.start The start() method was called on component [StandardEngine[Catalina].StandardHost[localhost].StandardContext[/WiXDi_Web]] after start() had already been called. The second call will be ignored.
