23-Nov-2024 03:59:37.884 INFO [main] org.apache.catalina.core.ApplicationContext.log ContextListener: contextInitialized()
23-Nov-2024 03:59:37.884 INFO [main] org.apache.catalina.core.ApplicationContext.log SessionListener: contextInitialized()
23-Nov-2024 03:59:37.886 INFO [main] org.apache.catalina.core.ApplicationContext.log ContextListener: attributeAdded('StockTicker', 'async.Stockticker@6e521c1e')
23-Nov-2024 03:59:55.089 INFO [http-nio-8080-exec-5] org.apache.catalina.core.ApplicationContext.log Marcando el servlet [Registrar_Servlet] como no disponible
23-Nov-2024 03:59:55.089 SEVERE [http-nio-8080-exec-5] org.apache.catalina.core.StandardWrapperValve.invoke Excepción de reserva de espacio para servlet [Registrar_Servlet]
	java.lang.ClassNotFoundException: com.dixdi.servlets.Registrar_Servlet
		at org.apache.catalina.loader.WebappClassLoaderBase.loadClass(WebappClassLoaderBase.java:1212)
		at org.apache.catalina.loader.WebappClassLoaderBase.loadClass(WebappClassLoaderBase.java:1043)
		at org.apache.catalina.core.DefaultInstanceManager.loadClass(DefaultInstanceManager.java:480)
		at org.apache.catalina.core.DefaultInstanceManager.loadClassMaybePrivileged(DefaultInstanceManager.java:463)
		at org.apache.catalina.core.DefaultInstanceManager.newInstance(DefaultInstanceManager.java:139)
		at org.apache.catalina.core.StandardWrapper.loadServlet(StandardWrapper.java:751)
		at org.apache.catalina.core.StandardWrapper.allocate(StandardWrapper.java:568)
		at org.apache.catalina.core.StandardWrapperValve.invoke(StandardWrapperValve.java:115)
		at org.apache.catalina.core.StandardContextValve.invoke(StandardContextValve.java:79)
		at org.apache.catalina.authenticator.AuthenticatorBase.invoke(AuthenticatorBase.java:483)
		at org.apache.catalina.core.StandardHostValve.invoke(StandardHostValve.java:115)
		at org.apache.catalina.valves.ErrorReportValve.invoke(ErrorReportValve.java:93)
		at org.apache.catalina.valves.AbstractAccessLogValve.invoke(AbstractAccessLogValve.java:663)
		at org.apache.catalina.core.StandardEngineValve.invoke(StandardEngineValve.java:74)
		at org.apache.catalina.connector.CoyoteAdapter.service(CoyoteAdapter.java:342)
		at org.apache.coyote.http11.Http11Processor.service(Http11Processor.java:395)
		at org.apache.coyote.AbstractProcessorLight.process(AbstractProcessorLight.java:63)
		at org.apache.coyote.AbstractProtocol$ConnectionHandler.process(AbstractProtocol.java:905)
		at org.apache.tomcat.util.net.NioEndpoint$SocketProcessor.doRun(NioEndpoint.java:1746)
		at org.apache.tomcat.util.net.SocketProcessorBase.run(SocketProcessorBase.java:52)
		at org.apache.tomcat.util.threads.ThreadPoolExecutor.runWorker(ThreadPoolExecutor.java:1148)
		at org.apache.tomcat.util.threads.ThreadPoolExecutor$Worker.run(ThreadPoolExecutor.java:636)
		at org.apache.tomcat.util.threads.TaskThread$WrappingRunnable.run(TaskThread.java:63)
		at java.base/java.lang.Thread.run(Thread.java:1570)
23-Nov-2024 04:16:47.851 INFO [main] org.apache.catalina.core.ApplicationContext.log SessionListener: contextDestroyed()
23-Nov-2024 04:16:47.851 INFO [main] org.apache.catalina.core.ApplicationContext.log ContextListener: contextDestroyed()
23-Nov-2024 04:47:24.796 INFO [main] org.apache.catalina.core.ApplicationContext.log ContextListener: contextInitialized()
23-Nov-2024 04:47:24.796 INFO [main] org.apache.catalina.core.ApplicationContext.log SessionListener: contextInitialized()
23-Nov-2024 04:47:24.798 INFO [main] org.apache.catalina.core.ApplicationContext.log ContextListener: attributeAdded('StockTicker', 'async.Stockticker@224b4d61')
