03-Dec-2024 00:13:10.048 SEVERE [http-nio-8080-exec-32] org.apache.catalina.core.StandardWrapperValve.invoke Servlet.service() para servlet [Registrar_Servlet] lanzó excepción
	javax.persistence.PersistenceException: Exception [EclipseLink-28019] (Eclipse Persistence Services - 2.7.12.v20230209-e5c4074ef3): org.eclipse.persistence.exceptions.EntityManagerSetupException
Exception Description: Deployment of PersistenceUnit [ConexionPU] failed. Close all factories for this PersistenceUnit.
Internal Exception: Exception [EclipseLink-0] (Eclipse Persistence Services - 2.7.12.v20230209-e5c4074ef3): org.eclipse.persistence.exceptions.IntegrityException
Descriptor Exceptions: 
---------------------------------------------------------

Exception [EclipseLink-63] (Eclipse Persistence Services - 2.7.12.v20230209-e5c4074ef3): org.eclipse.persistence.exceptions.DescriptorException
Exception Description: The instance creation method [dominio.Comentario.<Default Constructor>], with no parameters, does not exist, or is not accessible.
Internal Exception: java.lang.NoSuchMethodException: dominio.Comentario.<init>()
Descriptor: RelationalDescriptor(dominio.Comentario --> [DatabaseTable(Comentario)])

Exception [EclipseLink-63] (Eclipse Persistence Services - 2.7.12.v20230209-e5c4074ef3): org.eclipse.persistence.exceptions.DescriptorException
Exception Description: The instance creation method [dominio.Post.<Default Constructor>], with no parameters, does not exist, or is not accessible.
Internal Exception: java.lang.NoSuchMethodException: dominio.Post.<init>()
Descriptor: RelationalDescriptor(dominio.Post --> [DatabaseTable(Post)])

Runtime Exceptions: 
---------------------------------------------------------

		at org.eclipse.persistence.internal.jpa.EntityManagerSetupImpl.createDeployFailedPersistenceException(EntityManagerSetupImpl.java:908)
		at org.eclipse.persistence.internal.jpa.EntityManagerSetupImpl.deploy(EntityManagerSetupImpl.java:848)
		at org.eclipse.persistence.internal.jpa.EntityManagerFactoryDelegate.getAbstractSession(EntityManagerFactoryDelegate.java:222)
		at org.eclipse.persistence.internal.jpa.EntityManagerFactoryDelegate.getDatabaseSession(EntityManagerFactoryDelegate.java:200)
		at org.eclipse.persistence.internal.jpa.EntityManagerFactoryImpl.getDatabaseSession(EntityManagerFactoryImpl.java:542)
		at org.eclipse.persistence.jpa.PersistenceProvider.createEntityManagerFactoryImpl(PersistenceProvider.java:153)
		at org.eclipse.persistence.jpa.PersistenceProvider.createEntityManagerFactory(PersistenceProvider.java:191)
		at javax.persistence.Persistence.createEntityManagerFactory(Persistence.java:80)
		at javax.persistence.Persistence.createEntityManagerFactory(Persistence.java:55)
		at conexion.Conexion.abrir(Conexion.java:23)
		at DAOs.UsuarioDAO.agregarUsuario(UsuarioDAO.java:32)
		at control.Fachada.agregarUsuario(Fachada.java:83)
		at Servlets.Registrar_Servlet.doPost(Registrar_Servlet.java:185)
		at jakarta.servlet.http.HttpServlet.service(HttpServlet.java:645)
		at jakarta.servlet.http.HttpServlet.service(HttpServlet.java:716)
		at org.apache.catalina.core.ApplicationFilterChain.doFilter(ApplicationFilterChain.java:130)
		at org.apache.tomcat.websocket.server.WsFilter.doFilter(WsFilter.java:51)
		at org.apache.catalina.core.ApplicationFilterChain.doFilter(ApplicationFilterChain.java:109)
		at org.apache.catalina.core.StandardWrapperValve.invoke(StandardWrapperValve.java:167)
		at org.apache.catalina.core.StandardContextValve.invoke(StandardContextValve.java:79)
		at org.apache.catalina.authenticator.AuthenticatorBase.invoke(AuthenticatorBase.java:483)
		at org.apache.catalina.core.StandardHostValve.invoke(StandardHostValve.java:115)
		at org.apache.catalina.valves.ErrorReportValve.invoke(ErrorReportValve.java:93)
		at org.apache.catalina.valves.AbstractAccessLogValve.invoke(AbstractAccessLogValve.java:663)
		at org.apache.catalina.core.StandardEngineValve.invoke(StandardEngineValve.java:74)
		at org.apache.catalina.connector.CoyoteAdapter.service(CoyoteAdapter.java:342)
		at org.apache.coyote.http11.Http11Processor.service(Http11Processor.java:395)
		at org.apache.coyote.AbstractProcessorLight.process(AbstractProcessorLight.java:63)
		at org.apache.coyote.AbstractProtocol$ConnectionHandler.process(AbstractProtocol.java:905)
		at org.apache.tomcat.util.net.NioEndpoint$SocketProcessor.doRun(NioEndpoint.java:1746)
		at org.apache.tomcat.util.net.SocketProcessorBase.run(SocketProcessorBase.java:52)
		at org.apache.tomcat.util.threads.ThreadPoolExecutor.runWorker(ThreadPoolExecutor.java:1148)
		at org.apache.tomcat.util.threads.ThreadPoolExecutor$Worker.run(ThreadPoolExecutor.java:636)
		at org.apache.tomcat.util.threads.TaskThread$WrappingRunnable.run(TaskThread.java:63)
		at java.base/java.lang.Thread.run(Thread.java:1570)
	Caused by: Exception [EclipseLink-28019] (Eclipse Persistence Services - 2.7.12.v20230209-e5c4074ef3): org.eclipse.persistence.exceptions.EntityManagerSetupException
Exception Description: Deployment of PersistenceUnit [ConexionPU] failed. Close all factories for this PersistenceUnit.
Internal Exception: Exception [EclipseLink-0] (Eclipse Persistence Services - 2.7.12.v20230209-e5c4074ef3): org.eclipse.persistence.exceptions.IntegrityException
Descriptor Exceptions: 
---------------------------------------------------------

Exception [EclipseLink-63] (Eclipse Persistence Services - 2.7.12.v20230209-e5c4074ef3): org.eclipse.persistence.exceptions.DescriptorException
Exception Description: The instance creation method [dominio.Comentario.<Default Constructor>], with no parameters, does not exist, or is not accessible.
Internal Exception: java.lang.NoSuchMethodException: dominio.Comentario.<init>()
Descriptor: RelationalDescriptor(dominio.Comentario --> [DatabaseTable(Comentario)])

Exception [EclipseLink-63] (Eclipse Persistence Services - 2.7.12.v20230209-e5c4074ef3): org.eclipse.persistence.exceptions.DescriptorException
Exception Description: The instance creation method [dominio.Post.<Default Constructor>], with no parameters, does not exist, or is not accessible.
Internal Exception: java.lang.NoSuchMethodException: dominio.Post.<init>()
Descriptor: RelationalDescriptor(dominio.Post --> [DatabaseTable(Post)])

Runtime Exceptions: 
---------------------------------------------------------

		at org.eclipse.persistence.exceptions.EntityManagerSetupException.deployFailed(EntityManagerSetupException.java:241)
		... 35 more
	Caused by: Exception [EclipseLink-0] (Eclipse Persistence Services - 2.7.12.v20230209-e5c4074ef3): org.eclipse.persistence.exceptions.IntegrityException
Descriptor Exceptions: 
---------------------------------------------------------

Exception [EclipseLink-63] (Eclipse Persistence Services - 2.7.12.v20230209-e5c4074ef3): org.eclipse.persistence.exceptions.DescriptorException
Exception Description: The instance creation method [dominio.Comentario.<Default Constructor>], with no parameters, does not exist, or is not accessible.
Internal Exception: java.lang.NoSuchMethodException: dominio.Comentario.<init>()
Descriptor: RelationalDescriptor(dominio.Comentario --> [DatabaseTable(Comentario)])

Exception [EclipseLink-63] (Eclipse Persistence Services - 2.7.12.v20230209-e5c4074ef3): org.eclipse.persistence.exceptions.DescriptorException
Exception Description: The instance creation method [dominio.Post.<Default Constructor>], with no parameters, does not exist, or is not accessible.
Internal Exception: java.lang.NoSuchMethodException: dominio.Post.<init>()
Descriptor: RelationalDescriptor(dominio.Post --> [DatabaseTable(Post)])

Runtime Exceptions: 
---------------------------------------------------------

		at org.eclipse.persistence.internal.sessions.DatabaseSessionImpl.initializeDescriptors(DatabaseSessionImpl.java:763)
		at org.eclipse.persistence.internal.sessions.DatabaseSessionImpl.initializeDescriptors(DatabaseSessionImpl.java:699)
		at org.eclipse.persistence.internal.sessions.DatabaseSessionImpl.initializeDescriptors(DatabaseSessionImpl.java:630)
		at org.eclipse.persistence.internal.sessions.DatabaseSessionImpl.postConnectDatasource(DatabaseSessionImpl.java:876)
		at org.eclipse.persistence.internal.sessions.DatabaseSessionImpl.loginAndDetectDatasource(DatabaseSessionImpl.java:812)
		at org.eclipse.persistence.internal.jpa.EntityManagerFactoryProvider.login(EntityManagerFactoryProvider.java:261)
		at org.eclipse.persistence.internal.jpa.EntityManagerSetupImpl.deploy(EntityManagerSetupImpl.java:771)
		... 33 more
03-Dec-2024 00:14:21.456 SEVERE [http-nio-8080-exec-33] org.apache.catalina.core.StandardWrapperValve.invoke Servlet.service() para servlet [Registrar_Servlet] lanzó excepción
	javax.persistence.PersistenceException: Exception [EclipseLink-28019] (Eclipse Persistence Services - 2.7.12.v20230209-e5c4074ef3): org.eclipse.persistence.exceptions.EntityManagerSetupException
Exception Description: Deployment of PersistenceUnit [ConexionPU] failed. Close all factories for this PersistenceUnit.
Internal Exception: Exception [EclipseLink-0] (Eclipse Persistence Services - 2.7.12.v20230209-e5c4074ef3): org.eclipse.persistence.exceptions.IntegrityException
Descriptor Exceptions: 
---------------------------------------------------------

Exception [EclipseLink-63] (Eclipse Persistence Services - 2.7.12.v20230209-e5c4074ef3): org.eclipse.persistence.exceptions.DescriptorException
Exception Description: The instance creation method [dominio.Comentario.<Default Constructor>], with no parameters, does not exist, or is not accessible.
Internal Exception: java.lang.NoSuchMethodException: dominio.Comentario.<init>()
Descriptor: RelationalDescriptor(dominio.Comentario --> [DatabaseTable(Comentario)])

Exception [EclipseLink-63] (Eclipse Persistence Services - 2.7.12.v20230209-e5c4074ef3): org.eclipse.persistence.exceptions.DescriptorException
Exception Description: The instance creation method [dominio.Post.<Default Constructor>], with no parameters, does not exist, or is not accessible.
Internal Exception: java.lang.NoSuchMethodException: dominio.Post.<init>()
Descriptor: RelationalDescriptor(dominio.Post --> [DatabaseTable(Post)])

Runtime Exceptions: 
---------------------------------------------------------

		at org.eclipse.persistence.internal.jpa.EntityManagerSetupImpl.createDeployFailedPersistenceException(EntityManagerSetupImpl.java:908)
		at org.eclipse.persistence.internal.jpa.EntityManagerSetupImpl.deploy(EntityManagerSetupImpl.java:848)
		at org.eclipse.persistence.internal.jpa.EntityManagerFactoryDelegate.getAbstractSession(EntityManagerFactoryDelegate.java:222)
		at org.eclipse.persistence.internal.jpa.EntityManagerFactoryDelegate.getDatabaseSession(EntityManagerFactoryDelegate.java:200)
		at org.eclipse.persistence.internal.jpa.EntityManagerFactoryImpl.getDatabaseSession(EntityManagerFactoryImpl.java:542)
		at org.eclipse.persistence.jpa.PersistenceProvider.createEntityManagerFactoryImpl(PersistenceProvider.java:153)
		at org.eclipse.persistence.jpa.PersistenceProvider.createEntityManagerFactory(PersistenceProvider.java:191)
		at javax.persistence.Persistence.createEntityManagerFactory(Persistence.java:80)
		at javax.persistence.Persistence.createEntityManagerFactory(Persistence.java:55)
		at conexion.Conexion.abrir(Conexion.java:23)
		at DAOs.UsuarioDAO.agregarUsuario(UsuarioDAO.java:32)
		at control.Fachada.agregarUsuario(Fachada.java:83)
		at Servlets.Registrar_Servlet.doPost(Registrar_Servlet.java:185)
		at jakarta.servlet.http.HttpServlet.service(HttpServlet.java:645)
		at jakarta.servlet.http.HttpServlet.service(HttpServlet.java:716)
		at org.apache.catalina.core.ApplicationFilterChain.doFilter(ApplicationFilterChain.java:130)
		at org.apache.tomcat.websocket.server.WsFilter.doFilter(WsFilter.java:51)
		at org.apache.catalina.core.ApplicationFilterChain.doFilter(ApplicationFilterChain.java:109)
		at org.apache.catalina.core.StandardWrapperValve.invoke(StandardWrapperValve.java:167)
		at org.apache.catalina.core.StandardContextValve.invoke(StandardContextValve.java:79)
		at org.apache.catalina.authenticator.AuthenticatorBase.invoke(AuthenticatorBase.java:483)
		at org.apache.catalina.core.StandardHostValve.invoke(StandardHostValve.java:115)
		at org.apache.catalina.valves.ErrorReportValve.invoke(ErrorReportValve.java:93)
		at org.apache.catalina.valves.AbstractAccessLogValve.invoke(AbstractAccessLogValve.java:663)
		at org.apache.catalina.core.StandardEngineValve.invoke(StandardEngineValve.java:74)
		at org.apache.catalina.connector.CoyoteAdapter.service(CoyoteAdapter.java:342)
		at org.apache.coyote.http11.Http11Processor.service(Http11Processor.java:395)
		at org.apache.coyote.AbstractProcessorLight.process(AbstractProcessorLight.java:63)
		at org.apache.coyote.AbstractProtocol$ConnectionHandler.process(AbstractProtocol.java:905)
		at org.apache.tomcat.util.net.NioEndpoint$SocketProcessor.doRun(NioEndpoint.java:1746)
		at org.apache.tomcat.util.net.SocketProcessorBase.run(SocketProcessorBase.java:52)
		at org.apache.tomcat.util.threads.ThreadPoolExecutor.runWorker(ThreadPoolExecutor.java:1148)
		at org.apache.tomcat.util.threads.ThreadPoolExecutor$Worker.run(ThreadPoolExecutor.java:636)
		at org.apache.tomcat.util.threads.TaskThread$WrappingRunnable.run(TaskThread.java:63)
		at java.base/java.lang.Thread.run(Thread.java:1570)
	Caused by: Exception [EclipseLink-28019] (Eclipse Persistence Services - 2.7.12.v20230209-e5c4074ef3): org.eclipse.persistence.exceptions.EntityManagerSetupException
Exception Description: Deployment of PersistenceUnit [ConexionPU] failed. Close all factories for this PersistenceUnit.
Internal Exception: Exception [EclipseLink-0] (Eclipse Persistence Services - 2.7.12.v20230209-e5c4074ef3): org.eclipse.persistence.exceptions.IntegrityException
Descriptor Exceptions: 
---------------------------------------------------------

Exception [EclipseLink-63] (Eclipse Persistence Services - 2.7.12.v20230209-e5c4074ef3): org.eclipse.persistence.exceptions.DescriptorException
Exception Description: The instance creation method [dominio.Comentario.<Default Constructor>], with no parameters, does not exist, or is not accessible.
Internal Exception: java.lang.NoSuchMethodException: dominio.Comentario.<init>()
Descriptor: RelationalDescriptor(dominio.Comentario --> [DatabaseTable(Comentario)])

Exception [EclipseLink-63] (Eclipse Persistence Services - 2.7.12.v20230209-e5c4074ef3): org.eclipse.persistence.exceptions.DescriptorException
Exception Description: The instance creation method [dominio.Post.<Default Constructor>], with no parameters, does not exist, or is not accessible.
Internal Exception: java.lang.NoSuchMethodException: dominio.Post.<init>()
Descriptor: RelationalDescriptor(dominio.Post --> [DatabaseTable(Post)])

Runtime Exceptions: 
---------------------------------------------------------

		at org.eclipse.persistence.exceptions.EntityManagerSetupException.deployFailed(EntityManagerSetupException.java:241)
		... 35 more
	Caused by: Exception [EclipseLink-0] (Eclipse Persistence Services - 2.7.12.v20230209-e5c4074ef3): org.eclipse.persistence.exceptions.IntegrityException
Descriptor Exceptions: 
---------------------------------------------------------

Exception [EclipseLink-63] (Eclipse Persistence Services - 2.7.12.v20230209-e5c4074ef3): org.eclipse.persistence.exceptions.DescriptorException
Exception Description: The instance creation method [dominio.Comentario.<Default Constructor>], with no parameters, does not exist, or is not accessible.
Internal Exception: java.lang.NoSuchMethodException: dominio.Comentario.<init>()
Descriptor: RelationalDescriptor(dominio.Comentario --> [DatabaseTable(Comentario)])

Exception [EclipseLink-63] (Eclipse Persistence Services - 2.7.12.v20230209-e5c4074ef3): org.eclipse.persistence.exceptions.DescriptorException
Exception Description: The instance creation method [dominio.Post.<Default Constructor>], with no parameters, does not exist, or is not accessible.
Internal Exception: java.lang.NoSuchMethodException: dominio.Post.<init>()
Descriptor: RelationalDescriptor(dominio.Post --> [DatabaseTable(Post)])

Runtime Exceptions: 
---------------------------------------------------------

		at org.eclipse.persistence.internal.sessions.DatabaseSessionImpl.initializeDescriptors(DatabaseSessionImpl.java:763)
		at org.eclipse.persistence.internal.sessions.DatabaseSessionImpl.initializeDescriptors(DatabaseSessionImpl.java:699)
		at org.eclipse.persistence.internal.sessions.DatabaseSessionImpl.initializeDescriptors(DatabaseSessionImpl.java:630)
		at org.eclipse.persistence.internal.sessions.DatabaseSessionImpl.postConnectDatasource(DatabaseSessionImpl.java:876)
		at org.eclipse.persistence.internal.sessions.DatabaseSessionImpl.loginAndDetectDatasource(DatabaseSessionImpl.java:812)
		at org.eclipse.persistence.internal.jpa.EntityManagerFactoryProvider.login(EntityManagerFactoryProvider.java:261)
		at org.eclipse.persistence.internal.jpa.EntityManagerSetupImpl.deploy(EntityManagerSetupImpl.java:771)
		... 33 more
03-Dec-2024 00:34:44.954 SEVERE [http-nio-8080-exec-56] org.apache.catalina.core.StandardWrapperValve.invoke El Servlet.service() para el servlet [jsp] en el contexto con ruta [/WiXDi_Web] lanzó la excepción [No se puede compilar la clase para JSP: 

Ha tenido lugar un error en la línea: [94] en el fichero java generado: [C:\Users\haloa\Desktop\github\pf_appweb_Pollitos\ProyectoWEB\apache-tomcat-11.0.1\work\Catalina\localhost\WiXDi_Web\org\apache\jsp\JSP\Valorant_005fJSP_jsp.java]
Syntax error, insert "}" to complete ClassBody

Ha tenido lugar un error en la línea: [370] en el fichero java generado: [C:\Users\haloa\Desktop\github\pf_appweb_Pollitos\ProyectoWEB\apache-tomcat-11.0.1\work\Catalina\localhost\WiXDi_Web\org\apache\jsp\JSP\Valorant_005fJSP_jsp.java]
Syntax error, insert "}" to complete Block

Ha tenido lugar un error en la línea: [370] en el fichero java generado: [C:\Users\haloa\Desktop\github\pf_appweb_Pollitos\ProyectoWEB\apache-tomcat-11.0.1\work\Catalina\localhost\WiXDi_Web\org\apache\jsp\JSP\Valorant_005fJSP_jsp.java]
Syntax error, insert "}" to complete Block

Ha tenido lugar un error en la línea: [388] en el fichero java generado: [C:\Users\haloa\Desktop\github\pf_appweb_Pollitos\ProyectoWEB\apache-tomcat-11.0.1\work\Catalina\localhost\WiXDi_Web\org\apache\jsp\JSP\Valorant_005fJSP_jsp.java]
Syntax error on token "}", delete this token

Stacktrace:] con causa raíz
	org.apache.jasper.JasperException: No se puede compilar la clase para JSP: 

Ha tenido lugar un error en la línea: [94] en el fichero java generado: [C:\Users\haloa\Desktop\github\pf_appweb_Pollitos\ProyectoWEB\apache-tomcat-11.0.1\work\Catalina\localhost\WiXDi_Web\org\apache\jsp\JSP\Valorant_005fJSP_jsp.java]
Syntax error, insert "}" to complete ClassBody

Ha tenido lugar un error en la línea: [370] en el fichero java generado: [C:\Users\haloa\Desktop\github\pf_appweb_Pollitos\ProyectoWEB\apache-tomcat-11.0.1\work\Catalina\localhost\WiXDi_Web\org\apache\jsp\JSP\Valorant_005fJSP_jsp.java]
Syntax error, insert "}" to complete Block

Ha tenido lugar un error en la línea: [370] en el fichero java generado: [C:\Users\haloa\Desktop\github\pf_appweb_Pollitos\ProyectoWEB\apache-tomcat-11.0.1\work\Catalina\localhost\WiXDi_Web\org\apache\jsp\JSP\Valorant_005fJSP_jsp.java]
Syntax error, insert "}" to complete Block

Ha tenido lugar un error en la línea: [388] en el fichero java generado: [C:\Users\haloa\Desktop\github\pf_appweb_Pollitos\ProyectoWEB\apache-tomcat-11.0.1\work\Catalina\localhost\WiXDi_Web\org\apache\jsp\JSP\Valorant_005fJSP_jsp.java]
Syntax error on token "}", delete this token

Stacktrace:
		at org.apache.jasper.compiler.DefaultErrorHandler.javacError(DefaultErrorHandler.java:81)
		at org.apache.jasper.compiler.ErrorDispatcher.javacError(ErrorDispatcher.java:214)
		at org.apache.jasper.compiler.JDTCompiler.generateClass(JDTCompiler.java:525)
		at org.apache.jasper.compiler.Compiler.compile(Compiler.java:402)
		at org.apache.jasper.compiler.Compiler.compile(Compiler.java:372)
		at org.apache.jasper.compiler.Compiler.compile(Compiler.java:356)
		at org.apache.jasper.JspCompilationContext.compile(JspCompilationContext.java:602)
		at org.apache.jasper.servlet.JspServletWrapper.service(JspServletWrapper.java:396)
		at org.apache.jasper.servlet.JspServlet.serviceJspFile(JspServlet.java:354)
		at org.apache.jasper.servlet.JspServlet.service(JspServlet.java:302)
		at jakarta.servlet.http.HttpServlet.service(HttpServlet.java:716)
		at org.apache.catalina.core.ApplicationFilterChain.doFilter(ApplicationFilterChain.java:130)
		at org.apache.tomcat.websocket.server.WsFilter.doFilter(WsFilter.java:51)
		at org.apache.catalina.core.ApplicationFilterChain.doFilter(ApplicationFilterChain.java:109)
		at Autenticador.AutenticadorFiltro.doFilter(AutenticadorFiltro.java:50)
		at org.apache.catalina.core.ApplicationFilterChain.doFilter(ApplicationFilterChain.java:109)
		at org.apache.catalina.core.StandardWrapperValve.invoke(StandardWrapperValve.java:167)
		at org.apache.catalina.core.StandardContextValve.invoke(StandardContextValve.java:79)
		at org.apache.catalina.authenticator.AuthenticatorBase.invoke(AuthenticatorBase.java:483)
		at org.apache.catalina.core.StandardHostValve.invoke(StandardHostValve.java:115)
		at org.apache.catalina.valves.ErrorReportValve.invoke(ErrorReportValve.java:93)
		at org.apache.catalina.valves.AbstractAccessLogValve.invoke(AbstractAccessLogValve.java:663)
		at org.apache.catalina.core.StandardEngineValve.invoke(StandardEngineValve.java:74)
		at org.apache.catalina.connector.CoyoteAdapter.service(CoyoteAdapter.java:342)
		at org.apache.coyote.http11.Http11Processor.service(Http11Processor.java:395)
		at org.apache.coyote.AbstractProcessorLight.process(AbstractProcessorLight.java:63)
		at org.apache.coyote.AbstractProtocol$ConnectionHandler.process(AbstractProtocol.java:905)
		at org.apache.tomcat.util.net.NioEndpoint$SocketProcessor.doRun(NioEndpoint.java:1746)
		at org.apache.tomcat.util.net.SocketProcessorBase.run(SocketProcessorBase.java:52)
		at org.apache.tomcat.util.threads.ThreadPoolExecutor.runWorker(ThreadPoolExecutor.java:1148)
		at org.apache.tomcat.util.threads.ThreadPoolExecutor$Worker.run(ThreadPoolExecutor.java:636)
		at org.apache.tomcat.util.threads.TaskThread$WrappingRunnable.run(TaskThread.java:63)
		at java.base/java.lang.Thread.run(Thread.java:1570)
03-Dec-2024 00:52:30.765 SEVERE [http-nio-8080-exec-51] org.apache.catalina.core.StandardWrapperValve.invoke El Servlet.service() para el servlet [jsp] en el contexto con ruta [/WiXDi_Web] lanzó la excepción [No se puede compilar la clase para JSP: 

Ha tenido lugar un error en la línea: [94] en el fichero java generado: [C:\Users\haloa\Desktop\github\pf_appweb_Pollitos\ProyectoWEB\apache-tomcat-11.0.1\work\Catalina\localhost\WiXDi_Web\org\apache\jsp\JSP\Valorant_005fJSP_jsp.java]
Syntax error, insert "}" to complete ClassBody

Ha tenido lugar un error en la línea: [362] en el fichero java generado: [C:\Users\haloa\Desktop\github\pf_appweb_Pollitos\ProyectoWEB\apache-tomcat-11.0.1\work\Catalina\localhost\WiXDi_Web\org\apache\jsp\JSP\Valorant_005fJSP_jsp.java]
Syntax error, insert "}" to complete Block

Ha tenido lugar un error en la línea: [362] en el fichero java generado: [C:\Users\haloa\Desktop\github\pf_appweb_Pollitos\ProyectoWEB\apache-tomcat-11.0.1\work\Catalina\localhost\WiXDi_Web\org\apache\jsp\JSP\Valorant_005fJSP_jsp.java]
Syntax error, insert "}" to complete Block

Ha tenido lugar un error en la línea: [380] en el fichero java generado: [C:\Users\haloa\Desktop\github\pf_appweb_Pollitos\ProyectoWEB\apache-tomcat-11.0.1\work\Catalina\localhost\WiXDi_Web\org\apache\jsp\JSP\Valorant_005fJSP_jsp.java]
Syntax error on token "}", delete this token

Stacktrace:] con causa raíz
	org.apache.jasper.JasperException: No se puede compilar la clase para JSP: 

Ha tenido lugar un error en la línea: [94] en el fichero java generado: [C:\Users\haloa\Desktop\github\pf_appweb_Pollitos\ProyectoWEB\apache-tomcat-11.0.1\work\Catalina\localhost\WiXDi_Web\org\apache\jsp\JSP\Valorant_005fJSP_jsp.java]
Syntax error, insert "}" to complete ClassBody

Ha tenido lugar un error en la línea: [362] en el fichero java generado: [C:\Users\haloa\Desktop\github\pf_appweb_Pollitos\ProyectoWEB\apache-tomcat-11.0.1\work\Catalina\localhost\WiXDi_Web\org\apache\jsp\JSP\Valorant_005fJSP_jsp.java]
Syntax error, insert "}" to complete Block

Ha tenido lugar un error en la línea: [362] en el fichero java generado: [C:\Users\haloa\Desktop\github\pf_appweb_Pollitos\ProyectoWEB\apache-tomcat-11.0.1\work\Catalina\localhost\WiXDi_Web\org\apache\jsp\JSP\Valorant_005fJSP_jsp.java]
Syntax error, insert "}" to complete Block

Ha tenido lugar un error en la línea: [380] en el fichero java generado: [C:\Users\haloa\Desktop\github\pf_appweb_Pollitos\ProyectoWEB\apache-tomcat-11.0.1\work\Catalina\localhost\WiXDi_Web\org\apache\jsp\JSP\Valorant_005fJSP_jsp.java]
Syntax error on token "}", delete this token

Stacktrace:
		at org.apache.jasper.compiler.DefaultErrorHandler.javacError(DefaultErrorHandler.java:81)
		at org.apache.jasper.compiler.ErrorDispatcher.javacError(ErrorDispatcher.java:214)
		at org.apache.jasper.compiler.JDTCompiler.generateClass(JDTCompiler.java:525)
		at org.apache.jasper.compiler.Compiler.compile(Compiler.java:402)
		at org.apache.jasper.compiler.Compiler.compile(Compiler.java:372)
		at org.apache.jasper.compiler.Compiler.compile(Compiler.java:356)
		at org.apache.jasper.JspCompilationContext.compile(JspCompilationContext.java:602)
		at org.apache.jasper.servlet.JspServletWrapper.service(JspServletWrapper.java:396)
		at org.apache.jasper.servlet.JspServlet.serviceJspFile(JspServlet.java:354)
		at org.apache.jasper.servlet.JspServlet.service(JspServlet.java:302)
		at jakarta.servlet.http.HttpServlet.service(HttpServlet.java:716)
		at org.apache.catalina.core.ApplicationFilterChain.doFilter(ApplicationFilterChain.java:130)
		at org.apache.tomcat.websocket.server.WsFilter.doFilter(WsFilter.java:51)
		at org.apache.catalina.core.ApplicationFilterChain.doFilter(ApplicationFilterChain.java:109)
		at Autenticador.AutenticadorFiltro.doFilter(AutenticadorFiltro.java:50)
		at org.apache.catalina.core.ApplicationFilterChain.doFilter(ApplicationFilterChain.java:109)
		at org.apache.catalina.core.StandardWrapperValve.invoke(StandardWrapperValve.java:167)
		at org.apache.catalina.core.StandardContextValve.invoke(StandardContextValve.java:79)
		at org.apache.catalina.authenticator.AuthenticatorBase.invoke(AuthenticatorBase.java:483)
		at org.apache.catalina.core.StandardHostValve.invoke(StandardHostValve.java:115)
		at org.apache.catalina.valves.ErrorReportValve.invoke(ErrorReportValve.java:93)
		at org.apache.catalina.valves.AbstractAccessLogValve.invoke(AbstractAccessLogValve.java:663)
		at org.apache.catalina.core.StandardEngineValve.invoke(StandardEngineValve.java:74)
		at org.apache.catalina.connector.CoyoteAdapter.service(CoyoteAdapter.java:342)
		at org.apache.coyote.http11.Http11Processor.service(Http11Processor.java:395)
		at org.apache.coyote.AbstractProcessorLight.process(AbstractProcessorLight.java:63)
		at org.apache.coyote.AbstractProtocol$ConnectionHandler.process(AbstractProtocol.java:905)
		at org.apache.tomcat.util.net.NioEndpoint$SocketProcessor.doRun(NioEndpoint.java:1746)
		at org.apache.tomcat.util.net.SocketProcessorBase.run(SocketProcessorBase.java:52)
		at org.apache.tomcat.util.threads.ThreadPoolExecutor.runWorker(ThreadPoolExecutor.java:1148)
		at org.apache.tomcat.util.threads.ThreadPoolExecutor$Worker.run(ThreadPoolExecutor.java:636)
		at org.apache.tomcat.util.threads.TaskThread$WrappingRunnable.run(TaskThread.java:63)
		at java.base/java.lang.Thread.run(Thread.java:1570)
03-Dec-2024 03:14:19.298 SEVERE [http-nio-8080-exec-236] org.apache.catalina.core.StandardWrapperValve.invoke Servlet.service() para servlet [IniciarSesion_Servlet] lanzó excepción
	javax.persistence.NoResultException: getSingleResult() did not retrieve any entities.
		at org.eclipse.persistence.internal.jpa.QueryImpl.throwNoResultException(QueryImpl.java:987)
		at org.eclipse.persistence.internal.jpa.QueryImpl.getSingleResult(QueryImpl.java:535)
		at org.eclipse.persistence.internal.jpa.EJBQueryImpl.getSingleResult(EJBQueryImpl.java:404)
		at DAOs.UsuarioDAO.iniciarSesion(UsuarioDAO.java:119)
		at control.Fachada.iniciarSesion(Fachada.java:108)
		at Servlets.IniciarSesion_Servlet.doGet(IniciarSesion_Servlet.java:79)
		at jakarta.servlet.http.HttpServlet.service(HttpServlet.java:619)
		at jakarta.servlet.http.HttpServlet.service(HttpServlet.java:716)
		at org.apache.catalina.core.ApplicationFilterChain.doFilter(ApplicationFilterChain.java:130)
		at org.apache.tomcat.websocket.server.WsFilter.doFilter(WsFilter.java:51)
		at org.apache.catalina.core.ApplicationFilterChain.doFilter(ApplicationFilterChain.java:109)
		at org.apache.catalina.core.StandardWrapperValve.invoke(StandardWrapperValve.java:167)
		at org.apache.catalina.core.StandardContextValve.invoke(StandardContextValve.java:79)
		at org.apache.catalina.authenticator.AuthenticatorBase.invoke(AuthenticatorBase.java:483)
		at org.apache.catalina.core.StandardHostValve.invoke(StandardHostValve.java:115)
		at org.apache.catalina.valves.ErrorReportValve.invoke(ErrorReportValve.java:93)
		at org.apache.catalina.valves.AbstractAccessLogValve.invoke(AbstractAccessLogValve.java:663)
		at org.apache.catalina.core.StandardEngineValve.invoke(StandardEngineValve.java:74)
		at org.apache.catalina.connector.CoyoteAdapter.service(CoyoteAdapter.java:342)
		at org.apache.coyote.http11.Http11Processor.service(Http11Processor.java:395)
		at org.apache.coyote.AbstractProcessorLight.process(AbstractProcessorLight.java:63)
		at org.apache.coyote.AbstractProtocol$ConnectionHandler.process(AbstractProtocol.java:905)
		at org.apache.tomcat.util.net.NioEndpoint$SocketProcessor.doRun(NioEndpoint.java:1746)
		at org.apache.tomcat.util.net.SocketProcessorBase.run(SocketProcessorBase.java:52)
		at org.apache.tomcat.util.threads.ThreadPoolExecutor.runWorker(ThreadPoolExecutor.java:1148)
		at org.apache.tomcat.util.threads.ThreadPoolExecutor$Worker.run(ThreadPoolExecutor.java:636)
		at org.apache.tomcat.util.threads.TaskThread$WrappingRunnable.run(TaskThread.java:63)
		at java.base/java.lang.Thread.run(Thread.java:1570)
