03-Dec-2024 00:03:49.879 INFO [http-nio-8080-exec-15] org.apache.catalina.core.ApplicationContext.log Manager: list: Listing contexts for virtual host 'localhost'
03-Dec-2024 00:03:49.882 INFO [http-nio-8080-exec-17] org.apache.catalina.core.ApplicationContext.log Manager: list: Listing contexts for virtual host 'localhost'
03-Dec-2024 00:03:49.892 INFO [http-nio-8080-exec-18] org.apache.catalina.core.ApplicationContext.log Manager: undeploy: Undeploying web application at '/WiXDi_Web'
03-Dec-2024 00:03:50.416 INFO [http-nio-8080-exec-17] org.apache.catalina.core.ApplicationContext.log Manager: install: Installing context configuration at 'file:/C:/Users/haloa/AppData/Local/Temp/context7670377689299437641.xml'
03-Dec-2024 00:03:51.741 INFO [http-nio-8080-exec-12] org.apache.catalina.core.ApplicationContext.log Manager: start: Starting web application '/WiXDi_Web'
03-Dec-2024 00:12:39.646 INFO [http-nio-8080-exec-28] org.apache.catalina.core.ApplicationContext.log Manager: list: Listing contexts for virtual host 'localhost'
03-Dec-2024 00:12:39.651 INFO [http-nio-8080-exec-21] org.apache.catalina.core.ApplicationContext.log Manager: undeploy: Undeploying web application at '/WiXDi_Web'
03-Dec-2024 00:12:54.824 INFO [http-nio-8080-exec-22] org.apache.catalina.core.ApplicationContext.log Manager: list: Listing contexts for virtual host 'localhost'
03-Dec-2024 00:12:54.826 INFO [http-nio-8080-exec-30] org.apache.catalina.core.ApplicationContext.log Manager: list: Listing contexts for virtual host 'localhost'
03-Dec-2024 00:12:54.841 INFO [http-nio-8080-exec-28] org.apache.catalina.core.ApplicationContext.log Manager: install: Installing context configuration at 'file:/C:/Users/haloa/AppData/Local/Temp/context10296881123842278971.xml'
03-Dec-2024 00:12:56.140 INFO [http-nio-8080-exec-27] org.apache.catalina.core.ApplicationContext.log Manager: start: Starting web application '/WiXDi_Web'
03-Dec-2024 00:14:37.550 INFO [http-nio-8080-exec-35] org.apache.catalina.core.ApplicationContext.log Manager: list: Listing contexts for virtual host 'localhost'
03-Dec-2024 00:14:37.552 INFO [http-nio-8080-exec-30] org.apache.catalina.core.ApplicationContext.log Manager: list: Listing contexts for virtual host 'localhost'
03-Dec-2024 00:14:37.558 INFO [http-nio-8080-exec-33] org.apache.catalina.core.ApplicationContext.log Manager: undeploy: Undeploying web application at '/WiXDi_Web'
03-Dec-2024 00:14:38.084 INFO [http-nio-8080-exec-23] org.apache.catalina.core.ApplicationContext.log Manager: install: Installing context configuration at 'file:/C:/Users/haloa/AppData/Local/Temp/context6812199940932979287.xml'
03-Dec-2024 00:14:39.392 INFO [http-nio-8080-exec-31] org.apache.catalina.core.ApplicationContext.log Manager: start: Starting web application '/WiXDi_Web'
03-Dec-2024 00:24:12.305 INFO [http-nio-8080-exec-46] org.apache.catalina.core.ApplicationContext.log Manager: list: Listing contexts for virtual host 'localhost'
03-Dec-2024 00:24:12.316 INFO [http-nio-8080-exec-47] org.apache.catalina.core.ApplicationContext.log Manager: undeploy: Undeploying web application at '/WiXDi_Web'
03-Dec-2024 00:24:24.819 INFO [http-nio-8080-exec-42] org.apache.catalina.core.ApplicationContext.log Manager: list: Listing contexts for virtual host 'localhost'
03-Dec-2024 00:24:24.821 INFO [http-nio-8080-exec-43] org.apache.catalina.core.ApplicationContext.log Manager: list: Listing contexts for virtual host 'localhost'
03-Dec-2024 00:24:24.851 INFO [http-nio-8080-exec-44] org.apache.catalina.core.ApplicationContext.log Manager: install: Installing context configuration at 'file:/C:/Users/haloa/AppData/Local/Temp/context9099777960608470085.xml'
03-Dec-2024 00:24:26.193 INFO [http-nio-8080-exec-49] org.apache.catalina.core.ApplicationContext.log Manager: start: Starting web application '/WiXDi_Web'
03-Dec-2024 01:14:51.537 INFO [http-nio-8080-exec-55] org.apache.catalina.core.ApplicationContext.log Manager: list: Listing contexts for virtual host 'localhost'
03-Dec-2024 01:14:51.540 INFO [http-nio-8080-exec-58] org.apache.catalina.core.ApplicationContext.log Manager: list: Listing contexts for virtual host 'localhost'
03-Dec-2024 01:14:51.550 INFO [http-nio-8080-exec-50] org.apache.catalina.core.ApplicationContext.log Manager: undeploy: Undeploying web application at '/WiXDi_Web'
03-Dec-2024 01:14:54.379 INFO [http-nio-8080-exec-51] org.apache.catalina.core.ApplicationContext.log Manager: install: Installing context configuration at 'file:/C:/Users/haloa/AppData/Local/Temp/context3943092946587710280.xml'
03-Dec-2024 01:14:55.750 INFO [http-nio-8080-exec-54] org.apache.catalina.core.ApplicationContext.log Manager: start: Starting web application '/WiXDi_Web'
03-Dec-2024 01:19:02.031 INFO [http-nio-8080-exec-65] org.apache.catalina.core.ApplicationContext.log Manager: list: Listing contexts for virtual host 'localhost'
03-Dec-2024 01:19:02.035 INFO [http-nio-8080-exec-67] org.apache.catalina.core.ApplicationContext.log Manager: list: Listing contexts for virtual host 'localhost'
03-Dec-2024 01:19:02.044 INFO [http-nio-8080-exec-62] org.apache.catalina.core.ApplicationContext.log Manager: undeploy: Undeploying web application at '/WiXDi_Web'
03-Dec-2024 01:19:02.575 INFO [http-nio-8080-exec-67] org.apache.catalina.core.ApplicationContext.log Manager: install: Installing context configuration at 'file:/C:/Users/haloa/AppData/Local/Temp/context12193612738463564241.xml'
03-Dec-2024 01:19:03.944 INFO [http-nio-8080-exec-63] org.apache.catalina.core.ApplicationContext.log Manager: start: Starting web application '/WiXDi_Web'
03-Dec-2024 01:22:40.729 INFO [http-nio-8080-exec-74] org.apache.catalina.core.ApplicationContext.log Manager: list: Listing contexts for virtual host 'localhost'
03-Dec-2024 01:22:40.731 INFO [http-nio-8080-exec-68] org.apache.catalina.core.ApplicationContext.log Manager: list: Listing contexts for virtual host 'localhost'
03-Dec-2024 01:22:40.742 INFO [http-nio-8080-exec-70] org.apache.catalina.core.ApplicationContext.log Manager: undeploy: Undeploying web application at '/WiXDi_Web'
03-Dec-2024 01:22:41.277 INFO [http-nio-8080-exec-75] org.apache.catalina.core.ApplicationContext.log Manager: install: Installing context configuration at 'file:/C:/Users/haloa/AppData/Local/Temp/context10221716966819460171.xml'
03-Dec-2024 01:22:42.650 INFO [http-nio-8080-exec-71] org.apache.catalina.core.ApplicationContext.log Manager: start: Starting web application '/WiXDi_Web'
03-Dec-2024 01:48:45.049 INFO [http-nio-8080-exec-93] org.apache.catalina.core.ApplicationContext.log Manager: list: Listing contexts for virtual host 'localhost'
03-Dec-2024 01:48:45.054 INFO [http-nio-8080-exec-86] org.apache.catalina.core.ApplicationContext.log Manager: undeploy: Undeploying web application at '/WiXDi_Web'
03-Dec-2024 02:05:47.732 INFO [http-nio-8080-exec-103] org.apache.catalina.core.ApplicationContext.log Manager: list: Listing contexts for virtual host 'localhost'
03-Dec-2024 02:06:00.965 INFO [http-nio-8080-exec-100] org.apache.catalina.core.ApplicationContext.log Manager: list: Listing contexts for virtual host 'localhost'
03-Dec-2024 02:06:00.971 INFO [http-nio-8080-exec-103] org.apache.catalina.core.ApplicationContext.log Manager: list: Listing contexts for virtual host 'localhost'
03-Dec-2024 02:06:00.987 INFO [http-nio-8080-exec-95] org.apache.catalina.core.ApplicationContext.log Manager: install: Installing context configuration at 'file:/C:/Users/haloa/AppData/Local/Temp/context18217939579561215247.xml'
03-Dec-2024 02:06:02.449 INFO [http-nio-8080-exec-96] org.apache.catalina.core.ApplicationContext.log Manager: start: Starting web application '/WiXDi_Web'
03-Dec-2024 02:09:25.612 INFO [http-nio-8080-exec-96] org.apache.catalina.core.ApplicationContext.log Manager: list: Listing contexts for virtual host 'localhost'
03-Dec-2024 02:09:25.616 INFO [http-nio-8080-exec-97] org.apache.catalina.core.ApplicationContext.log Manager: undeploy: Undeploying web application at '/WiXDi_Web'
03-Dec-2024 02:10:11.541 INFO [http-nio-8080-exec-100] org.apache.catalina.core.ApplicationContext.log Manager: list: Listing contexts for virtual host 'localhost'
03-Dec-2024 02:10:11.543 INFO [http-nio-8080-exec-105] org.apache.catalina.core.ApplicationContext.log Manager: list: Listing contexts for virtual host 'localhost'
03-Dec-2024 02:10:11.554 INFO [http-nio-8080-exec-106] org.apache.catalina.core.ApplicationContext.log Manager: install: Installing context configuration at 'file:/C:/Users/haloa/AppData/Local/Temp/context18010210550682416952.xml'
03-Dec-2024 02:10:12.952 INFO [http-nio-8080-exec-96] org.apache.catalina.core.ApplicationContext.log Manager: start: Starting web application '/WiXDi_Web'
03-Dec-2024 02:16:34.458 INFO [http-nio-8080-exec-107] org.apache.catalina.core.ApplicationContext.log Manager: list: Listing contexts for virtual host 'localhost'
03-Dec-2024 02:16:34.459 INFO [http-nio-8080-exec-110] org.apache.catalina.core.ApplicationContext.log Manager: list: Listing contexts for virtual host 'localhost'
03-Dec-2024 02:16:34.471 INFO [http-nio-8080-exec-111] org.apache.catalina.core.ApplicationContext.log Manager: undeploy: Undeploying web application at '/WiXDi_Web'
03-Dec-2024 02:16:34.997 INFO [http-nio-8080-exec-105] org.apache.catalina.core.ApplicationContext.log Manager: install: Installing context configuration at 'file:/C:/Users/haloa/AppData/Local/Temp/context15387312872517441421.xml'
03-Dec-2024 02:16:36.436 INFO [http-nio-8080-exec-108] org.apache.catalina.core.ApplicationContext.log Manager: start: Starting web application '/WiXDi_Web'
03-Dec-2024 02:28:53.221 INFO [http-nio-8080-exec-119] org.apache.catalina.core.ApplicationContext.log Manager: list: Listing contexts for virtual host 'localhost'
03-Dec-2024 02:28:53.233 INFO [http-nio-8080-exec-120] org.apache.catalina.core.ApplicationContext.log Manager: undeploy: Undeploying web application at '/WiXDi_Web'
03-Dec-2024 02:29:06.314 INFO [http-nio-8080-exec-115] org.apache.catalina.core.ApplicationContext.log Manager: list: Listing contexts for virtual host 'localhost'
03-Dec-2024 02:29:06.317 INFO [http-nio-8080-exec-122] org.apache.catalina.core.ApplicationContext.log Manager: list: Listing contexts for virtual host 'localhost'
03-Dec-2024 02:29:06.350 INFO [http-nio-8080-exec-123] org.apache.catalina.core.ApplicationContext.log Manager: install: Installing context configuration at 'file:/C:/Users/haloa/AppData/Local/Temp/context2329572770079842958.xml'
03-Dec-2024 02:29:07.683 INFO [http-nio-8080-exec-114] org.apache.catalina.core.ApplicationContext.log Manager: start: Starting web application '/WiXDi_Web'
03-Dec-2024 02:31:09.885 INFO [http-nio-8080-exec-129] org.apache.catalina.core.ApplicationContext.log Manager: list: Listing contexts for virtual host 'localhost'
03-Dec-2024 02:31:09.888 INFO [http-nio-8080-exec-130] org.apache.catalina.core.ApplicationContext.log Manager: undeploy: Undeploying web application at '/WiXDi_Web'
03-Dec-2024 02:31:46.276 INFO [http-nio-8080-exec-122] org.apache.catalina.core.ApplicationContext.log Manager: list: Listing contexts for virtual host 'localhost'
03-Dec-2024 02:31:46.278 INFO [http-nio-8080-exec-132] org.apache.catalina.core.ApplicationContext.log Manager: list: Listing contexts for virtual host 'localhost'
03-Dec-2024 02:31:46.288 INFO [http-nio-8080-exec-133] org.apache.catalina.core.ApplicationContext.log Manager: install: Installing context configuration at 'file:/C:/Users/haloa/AppData/Local/Temp/context11660541391847630688.xml'
03-Dec-2024 02:31:47.719 INFO [http-nio-8080-exec-129] org.apache.catalina.core.ApplicationContext.log Manager: start: Starting web application '/WiXDi_Web'
03-Dec-2024 02:36:34.662 INFO [http-nio-8080-exec-135] org.apache.catalina.core.ApplicationContext.log Manager: list: Listing contexts for virtual host 'localhost'
03-Dec-2024 02:36:34.665 INFO [http-nio-8080-exec-131] org.apache.catalina.core.ApplicationContext.log Manager: undeploy: Undeploying web application at '/WiXDi_Web'
03-Dec-2024 02:36:46.231 INFO [http-nio-8080-exec-138] org.apache.catalina.core.ApplicationContext.log Manager: list: Listing contexts for virtual host 'localhost'
03-Dec-2024 02:36:46.233 INFO [http-nio-8080-exec-140] org.apache.catalina.core.ApplicationContext.log Manager: list: Listing contexts for virtual host 'localhost'
03-Dec-2024 02:36:46.247 INFO [http-nio-8080-exec-141] org.apache.catalina.core.ApplicationContext.log Manager: install: Installing context configuration at 'file:/C:/Users/haloa/AppData/Local/Temp/context3085746611704425684.xml'
03-Dec-2024 02:36:47.570 INFO [http-nio-8080-exec-134] org.apache.catalina.core.ApplicationContext.log Manager: start: Starting web application '/WiXDi_Web'
03-Dec-2024 02:39:22.804 INFO [http-nio-8080-exec-142] org.apache.catalina.core.ApplicationContext.log Manager: list: Listing contexts for virtual host 'localhost'
03-Dec-2024 02:39:22.806 INFO [http-nio-8080-exec-148] org.apache.catalina.core.ApplicationContext.log Manager: list: Listing contexts for virtual host 'localhost'
03-Dec-2024 02:39:22.811 INFO [http-nio-8080-exec-143] org.apache.catalina.core.ApplicationContext.log Manager: undeploy: Undeploying web application at '/WiXDi_Web'
03-Dec-2024 02:39:23.339 INFO [http-nio-8080-exec-147] org.apache.catalina.core.ApplicationContext.log Manager: install: Installing context configuration at 'file:/C:/Users/haloa/AppData/Local/Temp/context5748656864516052973.xml'
03-Dec-2024 02:39:24.684 INFO [http-nio-8080-exec-146] org.apache.catalina.core.ApplicationContext.log Manager: start: Starting web application '/WiXDi_Web'
03-Dec-2024 02:47:27.541 INFO [http-nio-8080-exec-151] org.apache.catalina.core.ApplicationContext.log Manager: list: Listing contexts for virtual host 'localhost'
03-Dec-2024 02:47:27.543 INFO [http-nio-8080-exec-152] org.apache.catalina.core.ApplicationContext.log Manager: list: Listing contexts for virtual host 'localhost'
03-Dec-2024 02:47:27.549 INFO [http-nio-8080-exec-150] org.apache.catalina.core.ApplicationContext.log Manager: undeploy: Undeploying web application at '/WiXDi_Web'
03-Dec-2024 02:47:28.083 INFO [http-nio-8080-exec-149] org.apache.catalina.core.ApplicationContext.log Manager: install: Installing context configuration at 'file:/C:/Users/haloa/AppData/Local/Temp/context2897609884257025659.xml'
03-Dec-2024 02:47:29.454 INFO [http-nio-8080-exec-157] org.apache.catalina.core.ApplicationContext.log Manager: start: Starting web application '/WiXDi_Web'
03-Dec-2024 02:51:30.379 INFO [http-nio-8080-exec-165] org.apache.catalina.core.ApplicationContext.log Manager: list: Listing contexts for virtual host 'localhost'
03-Dec-2024 02:51:30.380 INFO [http-nio-8080-exec-166] org.apache.catalina.core.ApplicationContext.log Manager: list: Listing contexts for virtual host 'localhost'
03-Dec-2024 02:51:30.387 INFO [http-nio-8080-exec-160] org.apache.catalina.core.ApplicationContext.log Manager: undeploy: Undeploying web application at '/WiXDi_Web'
03-Dec-2024 02:51:30.925 INFO [http-nio-8080-exec-159] org.apache.catalina.core.ApplicationContext.log Manager: install: Installing context configuration at 'file:/C:/Users/haloa/AppData/Local/Temp/context1702192771405431169.xml'
03-Dec-2024 02:51:32.235 INFO [http-nio-8080-exec-166] org.apache.catalina.core.ApplicationContext.log Manager: start: Starting web application '/WiXDi_Web'
03-Dec-2024 02:52:47.939 INFO [http-nio-8080-exec-172] org.apache.catalina.core.ApplicationContext.log Manager: list: Listing contexts for virtual host 'localhost'
03-Dec-2024 02:52:47.941 INFO [http-nio-8080-exec-175] org.apache.catalina.core.ApplicationContext.log Manager: list: Listing contexts for virtual host 'localhost'
03-Dec-2024 02:52:47.947 INFO [http-nio-8080-exec-169] org.apache.catalina.core.ApplicationContext.log Manager: undeploy: Undeploying web application at '/WiXDi_Web'
03-Dec-2024 02:52:48.476 INFO [http-nio-8080-exec-175] org.apache.catalina.core.ApplicationContext.log Manager: install: Installing context configuration at 'file:/C:/Users/haloa/AppData/Local/Temp/context12763127288216318484.xml'
03-Dec-2024 02:52:49.847 INFO [http-nio-8080-exec-170] org.apache.catalina.core.ApplicationContext.log Manager: start: Starting web application '/WiXDi_Web'
03-Dec-2024 02:53:29.385 INFO [http-nio-8080-exec-181] org.apache.catalina.core.ApplicationContext.log Manager: list: Listing contexts for virtual host 'localhost'
03-Dec-2024 02:53:29.389 INFO [http-nio-8080-exec-182] org.apache.catalina.core.ApplicationContext.log Manager: undeploy: Undeploying web application at '/WiXDi_Web'
03-Dec-2024 02:53:42.229 INFO [http-nio-8080-exec-180] org.apache.catalina.core.ApplicationContext.log Manager: list: Listing contexts for virtual host 'localhost'
03-Dec-2024 02:53:42.231 INFO [http-nio-8080-exec-182] org.apache.catalina.core.ApplicationContext.log Manager: list: Listing contexts for virtual host 'localhost'
03-Dec-2024 02:53:42.243 INFO [http-nio-8080-exec-183] org.apache.catalina.core.ApplicationContext.log Manager: install: Installing context configuration at 'file:/C:/Users/haloa/AppData/Local/Temp/context15326281637356827255.xml'
03-Dec-2024 02:53:43.613 INFO [http-nio-8080-exec-177] org.apache.catalina.core.ApplicationContext.log Manager: start: Starting web application '/WiXDi_Web'
03-Dec-2024 02:56:45.060 INFO [http-nio-8080-exec-188] org.apache.catalina.core.ApplicationContext.log Manager: list: Listing contexts for virtual host 'localhost'
03-Dec-2024 02:56:45.063 INFO [http-nio-8080-exec-191] org.apache.catalina.core.ApplicationContext.log Manager: list: Listing contexts for virtual host 'localhost'
03-Dec-2024 02:56:45.069 INFO [http-nio-8080-exec-186] org.apache.catalina.core.ApplicationContext.log Manager: undeploy: Undeploying web application at '/WiXDi_Web'
03-Dec-2024 02:56:45.593 INFO [http-nio-8080-exec-187] org.apache.catalina.core.ApplicationContext.log Manager: install: Installing context configuration at 'file:/C:/Users/haloa/AppData/Local/Temp/context8688763207920039880.xml'
03-Dec-2024 02:56:47.027 INFO [http-nio-8080-exec-190] org.apache.catalina.core.ApplicationContext.log Manager: start: Starting web application '/WiXDi_Web'
03-Dec-2024 02:59:02.029 INFO [http-nio-8080-exec-199] org.apache.catalina.core.ApplicationContext.log Manager: list: Listing contexts for virtual host 'localhost'
03-Dec-2024 02:59:02.031 INFO [http-nio-8080-exec-200] org.apache.catalina.core.ApplicationContext.log Manager: list: Listing contexts for virtual host 'localhost'
03-Dec-2024 02:59:02.037 INFO [http-nio-8080-exec-193] org.apache.catalina.core.ApplicationContext.log Manager: undeploy: Undeploying web application at '/WiXDi_Web'
03-Dec-2024 02:59:02.563 INFO [http-nio-8080-exec-194] org.apache.catalina.core.ApplicationContext.log Manager: install: Installing context configuration at 'file:/C:/Users/haloa/AppData/Local/Temp/context16007078405276103043.xml'
03-Dec-2024 02:59:03.925 INFO [http-nio-8080-exec-196] org.apache.catalina.core.ApplicationContext.log Manager: start: Starting web application '/WiXDi_Web'
03-Dec-2024 03:07:19.592 INFO [http-nio-8080-exec-209] org.apache.catalina.core.ApplicationContext.log Manager: list: Listing contexts for virtual host 'localhost'
03-Dec-2024 03:07:19.595 INFO [http-nio-8080-exec-202] org.apache.catalina.core.ApplicationContext.log Manager: undeploy: Undeploying web application at '/WiXDi_Web'
03-Dec-2024 03:07:39.197 INFO [http-nio-8080-exec-205] org.apache.catalina.core.ApplicationContext.log Manager: list: Listing contexts for virtual host 'localhost'
03-Dec-2024 03:07:39.198 INFO [http-nio-8080-exec-210] org.apache.catalina.core.ApplicationContext.log Manager: list: Listing contexts for virtual host 'localhost'
03-Dec-2024 03:07:39.206 INFO [http-nio-8080-exec-211] org.apache.catalina.core.ApplicationContext.log Manager: install: Installing context configuration at 'file:/C:/Users/haloa/AppData/Local/Temp/context2836059532735040310.xml'
03-Dec-2024 03:07:40.588 INFO [http-nio-8080-exec-207] org.apache.catalina.core.ApplicationContext.log Manager: start: Starting web application '/WiXDi_Web'
03-Dec-2024 03:09:35.058 INFO [http-nio-8080-exec-218] org.apache.catalina.core.ApplicationContext.log Manager: list: Listing contexts for virtual host 'localhost'
03-Dec-2024 03:09:35.064 INFO [http-nio-8080-exec-217] org.apache.catalina.core.ApplicationContext.log Manager: list: Listing contexts for virtual host 'localhost'
03-Dec-2024 03:09:35.073 INFO [http-nio-8080-exec-210] org.apache.catalina.core.ApplicationContext.log Manager: undeploy: Undeploying web application at '/WiXDi_Web'
03-Dec-2024 03:09:35.607 INFO [http-nio-8080-exec-214] org.apache.catalina.core.ApplicationContext.log Manager: install: Installing context configuration at 'file:/C:/Users/haloa/AppData/Local/Temp/context4536873234716807264.xml'
03-Dec-2024 03:09:37.114 INFO [http-nio-8080-exec-211] org.apache.catalina.core.ApplicationContext.log Manager: start: Starting web application '/WiXDi_Web'
03-Dec-2024 03:10:43.261 INFO [http-nio-8080-exec-220] org.apache.catalina.core.ApplicationContext.log Manager: list: Listing contexts for virtual host 'localhost'
03-Dec-2024 03:10:43.264 INFO [http-nio-8080-exec-225] org.apache.catalina.core.ApplicationContext.log Manager: undeploy: Undeploying web application at '/WiXDi_Web'
03-Dec-2024 03:10:57.865 INFO [http-nio-8080-exec-224] org.apache.catalina.core.ApplicationContext.log Manager: list: Listing contexts for virtual host 'localhost'
03-Dec-2024 03:10:57.866 INFO [http-nio-8080-exec-225] org.apache.catalina.core.ApplicationContext.log Manager: list: Listing contexts for virtual host 'localhost'
03-Dec-2024 03:10:57.884 INFO [http-nio-8080-exec-226] org.apache.catalina.core.ApplicationContext.log Manager: install: Installing context configuration at 'file:/C:/Users/haloa/AppData/Local/Temp/context11453992540937078305.xml'
03-Dec-2024 03:10:59.425 INFO [http-nio-8080-exec-220] org.apache.catalina.core.ApplicationContext.log Manager: start: Starting web application '/WiXDi_Web'
03-Dec-2024 03:13:52.365 INFO [http-nio-8080-exec-234] org.apache.catalina.core.ApplicationContext.log Manager: list: Listing contexts for virtual host 'localhost'
03-Dec-2024 03:13:52.368 INFO [http-nio-8080-exec-229] org.apache.catalina.core.ApplicationContext.log Manager: undeploy: Undeploying web application at '/WiXDi_Web'
03-Dec-2024 03:14:04.950 INFO [http-nio-8080-exec-228] org.apache.catalina.core.ApplicationContext.log Manager: list: Listing contexts for virtual host 'localhost'
03-Dec-2024 03:14:04.951 INFO [http-nio-8080-exec-235] org.apache.catalina.core.ApplicationContext.log Manager: list: Listing contexts for virtual host 'localhost'
03-Dec-2024 03:14:04.970 INFO [http-nio-8080-exec-236] org.apache.catalina.core.ApplicationContext.log Manager: install: Installing context configuration at 'file:/C:/Users/haloa/AppData/Local/Temp/context13527925359981801958.xml'
03-Dec-2024 03:14:06.321 INFO [http-nio-8080-exec-227] org.apache.catalina.core.ApplicationContext.log Manager: start: Starting web application '/WiXDi_Web'
03-Dec-2024 03:15:51.757 INFO [http-nio-8080-exec-242] org.apache.catalina.core.ApplicationContext.log Manager: list: Listing contexts for virtual host 'localhost'
03-Dec-2024 03:15:51.759 INFO [http-nio-8080-exec-243] org.apache.catalina.core.ApplicationContext.log Manager: list: Listing contexts for virtual host 'localhost'
03-Dec-2024 03:15:51.766 INFO [http-nio-8080-exec-238] org.apache.catalina.core.ApplicationContext.log Manager: undeploy: Undeploying web application at '/WiXDi_Web'
03-Dec-2024 03:15:52.290 INFO [http-nio-8080-exec-236] org.apache.catalina.core.ApplicationContext.log Manager: install: Installing context configuration at 'file:/C:/Users/haloa/AppData/Local/Temp/context15525435604406843360.xml'
03-Dec-2024 03:15:53.707 INFO [http-nio-8080-exec-242] org.apache.catalina.core.ApplicationContext.log Manager: start: Starting web application '/WiXDi_Web'
03-Dec-2024 03:16:47.214 INFO [http-nio-8080-exec-246] org.apache.catalina.core.ApplicationContext.log Manager: list: Listing contexts for virtual host 'localhost'
03-Dec-2024 03:16:47.217 INFO [http-nio-8080-exec-250] org.apache.catalina.core.ApplicationContext.log Manager: undeploy: Undeploying web application at '/WiXDi_Web'
03-Dec-2024 03:17:02.786 INFO [http-nio-8080-exec-244] org.apache.catalina.core.ApplicationContext.log Manager: list: Listing contexts for virtual host 'localhost'
03-Dec-2024 03:17:02.788 INFO [http-nio-8080-exec-250] org.apache.catalina.core.ApplicationContext.log Manager: list: Listing contexts for virtual host 'localhost'
03-Dec-2024 03:17:02.797 INFO [http-nio-8080-exec-251] org.apache.catalina.core.ApplicationContext.log Manager: install: Installing context configuration at 'file:/C:/Users/haloa/AppData/Local/Temp/context1601684573669507142.xml'
03-Dec-2024 03:17:04.068 INFO [http-nio-8080-exec-247] org.apache.catalina.core.ApplicationContext.log Manager: start: Starting web application '/WiXDi_Web'
03-Dec-2024 03:24:04.236 INFO [http-nio-8080-exec-259] org.apache.catalina.core.ApplicationContext.log Manager: list: Listing contexts for virtual host 'localhost'
03-Dec-2024 03:24:04.239 INFO [http-nio-8080-exec-255] org.apache.catalina.core.ApplicationContext.log Manager: undeploy: Undeploying web application at '/WiXDi_Web'
03-Dec-2024 03:24:16.477 INFO [http-nio-8080-exec-258] org.apache.catalina.core.ApplicationContext.log Manager: list: Listing contexts for virtual host 'localhost'
03-Dec-2024 03:24:16.479 INFO [http-nio-8080-exec-260] org.apache.catalina.core.ApplicationContext.log Manager: list: Listing contexts for virtual host 'localhost'
03-Dec-2024 03:24:16.489 INFO [http-nio-8080-exec-261] org.apache.catalina.core.ApplicationContext.log Manager: install: Installing context configuration at 'file:/C:/Users/haloa/AppData/Local/Temp/context14641382588287122079.xml'
03-Dec-2024 03:24:17.903 INFO [http-nio-8080-exec-259] org.apache.catalina.core.ApplicationContext.log Manager: start: Starting web application '/WiXDi_Web'
03-Dec-2024 03:25:40.447 INFO [http-nio-8080-exec-268] org.apache.catalina.core.ApplicationContext.log Manager: list: Listing contexts for virtual host 'localhost'
03-Dec-2024 03:25:40.450 INFO [http-nio-8080-exec-263] org.apache.catalina.core.ApplicationContext.log Manager: undeploy: Undeploying web application at '/WiXDi_Web'
03-Dec-2024 03:25:52.572 INFO [http-nio-8080-exec-264] org.apache.catalina.core.ApplicationContext.log Manager: list: Listing contexts for virtual host 'localhost'
03-Dec-2024 03:25:52.574 INFO [http-nio-8080-exec-269] org.apache.catalina.core.ApplicationContext.log Manager: list: Listing contexts for virtual host 'localhost'
03-Dec-2024 03:25:52.584 INFO [http-nio-8080-exec-270] org.apache.catalina.core.ApplicationContext.log Manager: install: Installing context configuration at 'file:/C:/Users/haloa/AppData/Local/Temp/context12638402227583714948.xml'
03-Dec-2024 03:25:53.934 INFO [http-nio-8080-exec-267] org.apache.catalina.core.ApplicationContext.log Manager: start: Starting web application '/WiXDi_Web'
03-Dec-2024 03:30:31.075 INFO [http-nio-8080-exec-277] org.apache.catalina.core.ApplicationContext.log Manager: list: Listing contexts for virtual host 'localhost'
03-Dec-2024 03:30:31.078 INFO [http-nio-8080-exec-274] org.apache.catalina.core.ApplicationContext.log Manager: undeploy: Undeploying web application at '/WiXDi_Web'
03-Dec-2024 03:30:44.823 INFO [http-nio-8080-exec-271] org.apache.catalina.core.ApplicationContext.log Manager: list: Listing contexts for virtual host 'localhost'
03-Dec-2024 03:30:44.824 INFO [http-nio-8080-exec-278] org.apache.catalina.core.ApplicationContext.log Manager: list: Listing contexts for virtual host 'localhost'
03-Dec-2024 03:30:44.833 INFO [http-nio-8080-exec-279] org.apache.catalina.core.ApplicationContext.log Manager: install: Installing context configuration at 'file:/C:/Users/haloa/AppData/Local/Temp/context8125294335028204066.xml'
03-Dec-2024 03:30:46.188 INFO [http-nio-8080-exec-275] org.apache.catalina.core.ApplicationContext.log Manager: start: Starting web application '/WiXDi_Web'
03-Dec-2024 03:32:39.060 INFO [http-nio-8080-exec-285] org.apache.catalina.core.ApplicationContext.log Manager: list: Listing contexts for virtual host 'localhost'
03-Dec-2024 03:32:39.064 INFO [http-nio-8080-exec-281] org.apache.catalina.core.ApplicationContext.log Manager: undeploy: Undeploying web application at '/WiXDi_Web'
03-Dec-2024 03:32:50.478 INFO [http-nio-8080-exec-280] org.apache.catalina.core.ApplicationContext.log Manager: list: Listing contexts for virtual host 'localhost'
03-Dec-2024 03:32:50.479 INFO [http-nio-8080-exec-281] org.apache.catalina.core.ApplicationContext.log Manager: list: Listing contexts for virtual host 'localhost'
03-Dec-2024 03:32:50.489 INFO [http-nio-8080-exec-287] org.apache.catalina.core.ApplicationContext.log Manager: install: Installing context configuration at 'file:/C:/Users/haloa/AppData/Local/Temp/context18314897309984900767.xml'
03-Dec-2024 03:32:52.147 INFO [http-nio-8080-exec-284] org.apache.catalina.core.ApplicationContext.log Manager: start: Starting web application '/WiXDi_Web'
03-Dec-2024 03:40:37.072 INFO [http-nio-8080-exec-295] org.apache.catalina.core.ApplicationContext.log Manager: list: Listing contexts for virtual host 'localhost'
03-Dec-2024 03:40:37.075 INFO [http-nio-8080-exec-289] org.apache.catalina.core.ApplicationContext.log Manager: undeploy: Undeploying web application at '/WiXDi_Web'
03-Dec-2024 03:40:50.126 INFO [http-nio-8080-exec-292] org.apache.catalina.core.ApplicationContext.log Manager: list: Listing contexts for virtual host 'localhost'
03-Dec-2024 03:40:53.129 INFO [http-nio-8080-exec-296] org.apache.catalina.core.ApplicationContext.log Manager: list: Listing contexts for virtual host 'localhost'
03-Dec-2024 03:40:53.145 INFO [http-nio-8080-exec-297] org.apache.catalina.core.ApplicationContext.log Manager: install: Installing context configuration at 'file:/C:/Users/haloa/AppData/Local/Temp/context17404565414054822383.xml'
03-Dec-2024 03:40:54.506 INFO [http-nio-8080-exec-295] org.apache.catalina.core.ApplicationContext.log Manager: start: Starting web application '/WiXDi_Web'
03-Dec-2024 03:41:27.785 INFO [http-nio-8080-exec-297] org.apache.catalina.core.ApplicationContext.log Manager: list: Listing contexts for virtual host 'localhost'
03-Dec-2024 03:41:27.787 INFO [http-nio-8080-exec-298] org.apache.catalina.core.ApplicationContext.log Manager: undeploy: Undeploying web application at '/WiXDi_Web'
03-Dec-2024 03:41:49.813 INFO [http-nio-8080-exec-296] org.apache.catalina.core.ApplicationContext.log Manager: list: Listing contexts for virtual host 'localhost'
03-Dec-2024 03:41:49.816 INFO [http-nio-8080-exec-304] org.apache.catalina.core.ApplicationContext.log Manager: list: Listing contexts for virtual host 'localhost'
03-Dec-2024 03:41:49.829 INFO [http-nio-8080-exec-305] org.apache.catalina.core.ApplicationContext.log Manager: install: Installing context configuration at 'file:/C:/Users/haloa/AppData/Local/Temp/context9463513486268143816.xml'
03-Dec-2024 03:41:51.169 INFO [http-nio-8080-exec-299] org.apache.catalina.core.ApplicationContext.log Manager: start: Starting web application '/WiXDi_Web'
03-Dec-2024 03:42:41.590 INFO [http-nio-8080-exec-307] org.apache.catalina.core.ApplicationContext.log Manager: list: Listing contexts for virtual host 'localhost'
03-Dec-2024 03:42:41.592 INFO [http-nio-8080-exec-310] org.apache.catalina.core.ApplicationContext.log Manager: list: Listing contexts for virtual host 'localhost'
03-Dec-2024 03:42:41.600 INFO [http-nio-8080-exec-308] org.apache.catalina.core.ApplicationContext.log Manager: undeploy: Undeploying web application at '/WiXDi_Web'
03-Dec-2024 03:42:42.122 INFO [http-nio-8080-exec-306] org.apache.catalina.core.ApplicationContext.log Manager: install: Installing context configuration at 'file:/C:/Users/haloa/AppData/Local/Temp/context10904629625262292606.xml'
03-Dec-2024 03:42:43.433 INFO [http-nio-8080-exec-310] org.apache.catalina.core.ApplicationContext.log Manager: start: Starting web application '/WiXDi_Web'
03-Dec-2024 03:44:18.186 INFO [http-nio-8080-exec-319] org.apache.catalina.core.ApplicationContext.log Manager: list: Listing contexts for virtual host 'localhost'
03-Dec-2024 03:44:18.189 INFO [http-nio-8080-exec-312] org.apache.catalina.core.ApplicationContext.log Manager: list: Listing contexts for virtual host 'localhost'
03-Dec-2024 03:44:18.195 INFO [http-nio-8080-exec-316] org.apache.catalina.core.ApplicationContext.log Manager: undeploy: Undeploying web application at '/WiXDi_Web'
03-Dec-2024 03:44:18.712 INFO [http-nio-8080-exec-313] org.apache.catalina.core.ApplicationContext.log Manager: install: Installing context configuration at 'file:/C:/Users/haloa/AppData/Local/Temp/context6474720086364025816.xml'
03-Dec-2024 03:44:20.070 INFO [http-nio-8080-exec-315] org.apache.catalina.core.ApplicationContext.log Manager: start: Starting web application '/WiXDi_Web'
03-Dec-2024 03:45:52.995 INFO [http-nio-8080-exec-322] org.apache.catalina.core.ApplicationContext.log Manager: list: Listing contexts for virtual host 'localhost'
03-Dec-2024 03:45:52.996 INFO [http-nio-8080-exec-328] org.apache.catalina.core.ApplicationContext.log Manager: list: Listing contexts for virtual host 'localhost'
03-Dec-2024 03:45:53.002 INFO [http-nio-8080-exec-324] org.apache.catalina.core.ApplicationContext.log Manager: undeploy: Undeploying web application at '/WiXDi_Web'
03-Dec-2024 03:45:53.526 INFO [http-nio-8080-exec-329] org.apache.catalina.core.ApplicationContext.log Manager: install: Installing context configuration at 'file:/C:/Users/haloa/AppData/Local/Temp/context1370598098649906791.xml'
03-Dec-2024 03:45:55.044 INFO [http-nio-8080-exec-323] org.apache.catalina.core.ApplicationContext.log Manager: start: Starting web application '/WiXDi_Web'
03-Dec-2024 03:50:12.099 INFO [http-nio-8080-exec-332] org.apache.catalina.core.ApplicationContext.log Manager: list: Listing contexts for virtual host 'localhost'
03-Dec-2024 03:50:12.101 INFO [http-nio-8080-exec-333] org.apache.catalina.core.ApplicationContext.log Manager: undeploy: Undeploying web application at '/WiXDi_Web'
03-Dec-2024 03:50:22.964 INFO [http-nio-8080-exec-334] org.apache.catalina.core.ApplicationContext.log Manager: list: Listing contexts for virtual host 'localhost'
03-Dec-2024 03:50:22.966 INFO [http-nio-8080-exec-338] org.apache.catalina.core.ApplicationContext.log Manager: list: Listing contexts for virtual host 'localhost'
03-Dec-2024 03:50:22.979 INFO [http-nio-8080-exec-339] org.apache.catalina.core.ApplicationContext.log Manager: install: Installing context configuration at 'file:/C:/Users/haloa/AppData/Local/Temp/context16466884138322755269.xml'
03-Dec-2024 03:50:24.431 INFO [http-nio-8080-exec-340] org.apache.catalina.core.ApplicationContext.log Manager: start: Starting web application '/WiXDi_Web'
03-Dec-2024 03:52:44.979 INFO [http-nio-8080-exec-347] org.apache.catalina.core.ApplicationContext.log Manager: list: Listing contexts for virtual host 'localhost'
03-Dec-2024 03:52:44.981 INFO [http-nio-8080-exec-343] org.apache.catalina.core.ApplicationContext.log Manager: undeploy: Undeploying web application at '/WiXDi_Web'
03-Dec-2024 03:52:58.454 INFO [http-nio-8080-exec-345] org.apache.catalina.core.ApplicationContext.log Manager: list: Listing contexts for virtual host 'localhost'
03-Dec-2024 03:52:58.455 INFO [http-nio-8080-exec-348] org.apache.catalina.core.ApplicationContext.log Manager: list: Listing contexts for virtual host 'localhost'
03-Dec-2024 03:52:58.472 INFO [http-nio-8080-exec-349] org.apache.catalina.core.ApplicationContext.log Manager: install: Installing context configuration at 'file:/C:/Users/haloa/AppData/Local/Temp/context2839686674159136802.xml'
03-Dec-2024 03:52:59.944 INFO [http-nio-8080-exec-346] org.apache.catalina.core.ApplicationContext.log Manager: start: Starting web application '/WiXDi_Web'
03-Dec-2024 11:14:45.153 INFO [http-nio-8080-exec-5] org.apache.catalina.core.ApplicationContext.log Manager: init: Associated with Deployer 'Catalina:type=Deployer,host=localhost'
03-Dec-2024 11:14:45.153 INFO [http-nio-8080-exec-5] org.apache.catalina.core.ApplicationContext.log Manager: init: Global resources are available
03-Dec-2024 11:14:45.181 INFO [http-nio-8080-exec-8] org.apache.catalina.core.ApplicationContext.log Manager: list: Listing contexts for virtual host 'localhost'
03-Dec-2024 11:14:45.185 INFO [http-nio-8080-exec-9] org.apache.catalina.core.ApplicationContext.log Manager: list: Listing contexts for virtual host 'localhost'
03-Dec-2024 11:14:45.204 INFO [http-nio-8080-exec-10] org.apache.catalina.core.ApplicationContext.log Manager: undeploy: Undeploying web application at '/WiXDi_Web'
03-Dec-2024 11:14:45.751 INFO [http-nio-8080-exec-3] org.apache.catalina.core.ApplicationContext.log Manager: install: Installing context configuration at 'file:/C:/Users/haloa/AppData/Local/Temp/context9123662261324004640.xml'
03-Dec-2024 11:14:47.116 INFO [http-nio-8080-exec-1] org.apache.catalina.core.ApplicationContext.log Manager: start: Starting web application '/WiXDi_Web'
03-Dec-2024 11:15:41.303 INFO [http-nio-8080-exec-13] org.apache.catalina.core.ApplicationContext.log Manager: list: Listing contexts for virtual host 'localhost'
03-Dec-2024 11:15:41.309 INFO [http-nio-8080-exec-17] org.apache.catalina.core.ApplicationContext.log Manager: undeploy: Undeploying web application at '/WiXDi_Web'
03-Dec-2024 11:15:55.924 INFO [http-nio-8080-exec-19] org.apache.catalina.core.ApplicationContext.log Manager: list: Listing contexts for virtual host 'localhost'
03-Dec-2024 11:15:55.928 INFO [http-nio-8080-exec-13] org.apache.catalina.core.ApplicationContext.log Manager: list: Listing contexts for virtual host 'localhost'
03-Dec-2024 11:15:55.938 INFO [http-nio-8080-exec-15] org.apache.catalina.core.ApplicationContext.log Manager: install: Installing context configuration at 'file:/C:/Users/haloa/AppData/Local/Temp/context8087368532999703988.xml'
03-Dec-2024 11:15:57.250 INFO [http-nio-8080-exec-17] org.apache.catalina.core.ApplicationContext.log Manager: start: Starting web application '/WiXDi_Web'
03-Dec-2024 11:22:31.046 INFO [http-nio-8080-exec-29] org.apache.catalina.core.ApplicationContext.log Manager: list: Listing contexts for virtual host 'localhost'
03-Dec-2024 11:22:31.049 INFO [http-nio-8080-exec-23] org.apache.catalina.core.ApplicationContext.log Manager: list: Listing contexts for virtual host 'localhost'
03-Dec-2024 11:22:31.057 INFO [http-nio-8080-exec-21] org.apache.catalina.core.ApplicationContext.log Manager: undeploy: Undeploying web application at '/WiXDi_Web'
03-Dec-2024 11:22:31.585 INFO [http-nio-8080-exec-26] org.apache.catalina.core.ApplicationContext.log Manager: install: Installing context configuration at 'file:/C:/Users/haloa/AppData/Local/Temp/context4156046607447476360.xml'
03-Dec-2024 11:22:33.174 INFO [http-nio-8080-exec-22] org.apache.catalina.core.ApplicationContext.log Manager: start: Starting web application '/WiXDi_Web'
03-Dec-2024 11:26:13.293 INFO [http-nio-8080-exec-37] org.apache.catalina.core.ApplicationContext.log Manager: list: Listing contexts for virtual host 'localhost'
03-Dec-2024 11:26:13.299 INFO [http-nio-8080-exec-38] org.apache.catalina.core.ApplicationContext.log Manager: undeploy: Undeploying web application at '/WiXDi_Web'
03-Dec-2024 11:26:24.373 INFO [http-nio-8080-exec-34] org.apache.catalina.core.ApplicationContext.log Manager: list: Listing contexts for virtual host 'localhost'
03-Dec-2024 11:26:24.376 INFO [http-nio-8080-exec-36] org.apache.catalina.core.ApplicationContext.log Manager: list: Listing contexts for virtual host 'localhost'
03-Dec-2024 11:26:24.386 INFO [http-nio-8080-exec-39] org.apache.catalina.core.ApplicationContext.log Manager: install: Installing context configuration at 'file:/C:/Users/haloa/AppData/Local/Temp/context9556284887742428311.xml'
03-Dec-2024 11:26:25.696 INFO [http-nio-8080-exec-40] org.apache.catalina.core.ApplicationContext.log Manager: start: Starting web application '/WiXDi_Web'
03-Dec-2024 11:32:50.844 INFO [http-nio-8080-exec-45] org.apache.catalina.core.ApplicationContext.log Manager: list: Listing contexts for virtual host 'localhost'
03-Dec-2024 11:32:50.845 INFO [http-nio-8080-exec-40] org.apache.catalina.core.ApplicationContext.log Manager: list: Listing contexts for virtual host 'localhost'
03-Dec-2024 11:32:50.853 INFO [http-nio-8080-exec-48] org.apache.catalina.core.ApplicationContext.log Manager: undeploy: Undeploying web application at '/WiXDi_Web'
03-Dec-2024 11:32:51.385 INFO [http-nio-8080-exec-44] org.apache.catalina.core.ApplicationContext.log Manager: install: Installing context configuration at 'file:/C:/Users/haloa/AppData/Local/Temp/context3071800976908367014.xml'
03-Dec-2024 11:32:52.624 INFO [http-nio-8080-exec-46] org.apache.catalina.core.ApplicationContext.log Manager: start: Starting web application '/WiXDi_Web'
03-Dec-2024 11:41:29.902 INFO [http-nio-8080-exec-57] org.apache.catalina.core.ApplicationContext.log Manager: list: Listing contexts for virtual host 'localhost'
03-Dec-2024 11:41:29.907 INFO [http-nio-8080-exec-58] org.apache.catalina.core.ApplicationContext.log Manager: undeploy: Undeploying web application at '/WiXDi_Web'
03-Dec-2024 11:42:05.217 INFO [http-nio-8080-exec-51] org.apache.catalina.core.ApplicationContext.log Manager: list: Listing contexts for virtual host 'localhost'
03-Dec-2024 11:42:05.219 INFO [http-nio-8080-exec-50] org.apache.catalina.core.ApplicationContext.log Manager: list: Listing contexts for virtual host 'localhost'
03-Dec-2024 11:42:05.230 INFO [http-nio-8080-exec-60] org.apache.catalina.core.ApplicationContext.log Manager: install: Installing context configuration at 'file:/C:/Users/haloa/AppData/Local/Temp/context6680941516094574715.xml'
03-Dec-2024 11:42:06.524 INFO [http-nio-8080-exec-61] org.apache.catalina.core.ApplicationContext.log Manager: start: Starting web application '/WiXDi_Web'
03-Dec-2024 11:47:01.870 INFO [http-nio-8080-exec-67] org.apache.catalina.core.ApplicationContext.log Manager: list: Listing contexts for virtual host 'localhost'
03-Dec-2024 11:47:01.874 INFO [http-nio-8080-exec-68] org.apache.catalina.core.ApplicationContext.log Manager: undeploy: Undeploying web application at '/WiXDi_Web'
03-Dec-2024 11:47:21.573 INFO [http-nio-8080-exec-67] org.apache.catalina.core.ApplicationContext.log Manager: list: Listing contexts for virtual host 'localhost'
03-Dec-2024 11:47:21.575 INFO [http-nio-8080-exec-66] org.apache.catalina.core.ApplicationContext.log Manager: list: Listing contexts for virtual host 'localhost'
03-Dec-2024 11:47:21.590 INFO [http-nio-8080-exec-65] org.apache.catalina.core.ApplicationContext.log Manager: install: Installing context configuration at 'file:/C:/Users/haloa/AppData/Local/Temp/context15530232484328903243.xml'
03-Dec-2024 11:47:22.866 INFO [http-nio-8080-exec-70] org.apache.catalina.core.ApplicationContext.log Manager: start: Starting web application '/WiXDi_Web'
03-Dec-2024 11:51:07.936 INFO [http-nio-8080-exec-72] org.apache.catalina.core.ApplicationContext.log Manager: list: Listing contexts for virtual host 'localhost'
03-Dec-2024 11:51:07.938 INFO [http-nio-8080-exec-77] org.apache.catalina.core.ApplicationContext.log Manager: list: Listing contexts for virtual host 'localhost'
03-Dec-2024 11:51:07.948 INFO [http-nio-8080-exec-78] org.apache.catalina.core.ApplicationContext.log Manager: undeploy: Undeploying web application at '/WiXDi_Web'
03-Dec-2024 11:51:08.472 INFO [http-nio-8080-exec-77] org.apache.catalina.core.ApplicationContext.log Manager: install: Installing context configuration at 'file:/C:/Users/haloa/AppData/Local/Temp/context12829592618523350202.xml'
03-Dec-2024 11:51:09.684 INFO [http-nio-8080-exec-71] org.apache.catalina.core.ApplicationContext.log Manager: start: Starting web application '/WiXDi_Web'
03-Dec-2024 11:56:18.538 INFO [http-nio-8080-exec-80] org.apache.catalina.core.ApplicationContext.log Manager: list: Listing contexts for virtual host 'localhost'
03-Dec-2024 11:56:18.542 INFO [http-nio-8080-exec-81] org.apache.catalina.core.ApplicationContext.log Manager: undeploy: Undeploying web application at '/WiXDi_Web'
03-Dec-2024 11:56:55.424 INFO [http-nio-8080-exec-83] org.apache.catalina.core.ApplicationContext.log Manager: list: Listing contexts for virtual host 'localhost'
03-Dec-2024 11:56:55.426 INFO [http-nio-8080-exec-89] org.apache.catalina.core.ApplicationContext.log Manager: list: Listing contexts for virtual host 'localhost'
03-Dec-2024 11:56:55.437 INFO [http-nio-8080-exec-82] org.apache.catalina.core.ApplicationContext.log Manager: install: Installing context configuration at 'file:/C:/Users/haloa/AppData/Local/Temp/context12662944747277832212.xml'
03-Dec-2024 11:56:56.668 INFO [http-nio-8080-exec-90] org.apache.catalina.core.ApplicationContext.log Manager: start: Starting web application '/WiXDi_Web'
03-Dec-2024 12:03:58.701 INFO [http-nio-8080-exec-91] org.apache.catalina.core.ApplicationContext.log Manager: list: Listing contexts for virtual host 'localhost'
03-Dec-2024 12:03:58.704 INFO [http-nio-8080-exec-93] org.apache.catalina.core.ApplicationContext.log Manager: list: Listing contexts for virtual host 'localhost'
03-Dec-2024 12:03:58.712 INFO [http-nio-8080-exec-98] org.apache.catalina.core.ApplicationContext.log Manager: undeploy: Undeploying web application at '/WiXDi_Web'
03-Dec-2024 12:03:59.237 INFO [http-nio-8080-exec-90] org.apache.catalina.core.ApplicationContext.log Manager: install: Installing context configuration at 'file:/C:/Users/haloa/AppData/Local/Temp/context7619864080237321780.xml'
03-Dec-2024 12:04:00.533 INFO [http-nio-8080-exec-92] org.apache.catalina.core.ApplicationContext.log Manager: start: Starting web application '/WiXDi_Web'
03-Dec-2024 12:58:39.895 INFO [http-nio-8080-exec-100] org.apache.catalina.core.ApplicationContext.log Manager: list: Listing contexts for virtual host 'localhost'
03-Dec-2024 12:58:39.899 INFO [http-nio-8080-exec-109] org.apache.catalina.core.ApplicationContext.log Manager: undeploy: Undeploying web application at '/WiXDi_Web'
03-Dec-2024 13:17:56.667 INFO [http-nio-8080-exec-116] org.apache.catalina.core.ApplicationContext.log Manager: list: Listing contexts for virtual host 'localhost'
03-Dec-2024 13:17:56.669 INFO [http-nio-8080-exec-117] org.apache.catalina.core.ApplicationContext.log Manager: list: Listing contexts for virtual host 'localhost'
03-Dec-2024 13:17:56.683 INFO [http-nio-8080-exec-118] org.apache.catalina.core.ApplicationContext.log Manager: install: Installing context configuration at 'file:/C:/Users/haloa/AppData/Local/Temp/context11411672192834205140.xml'
03-Dec-2024 13:17:58.206 INFO [http-nio-8080-exec-119] org.apache.catalina.core.ApplicationContext.log Manager: start: Starting web application '/WiXDi_Web'
03-Dec-2024 13:23:21.402 INFO [http-nio-8080-exec-119] org.apache.catalina.core.ApplicationContext.log Manager: list: Listing contexts for virtual host 'localhost'
03-Dec-2024 13:23:21.406 INFO [http-nio-8080-exec-111] org.apache.catalina.core.ApplicationContext.log Manager: undeploy: Undeploying web application at '/WiXDi_Web'
03-Dec-2024 13:27:04.587 INFO [http-nio-8080-exec-122] org.apache.catalina.core.ApplicationContext.log Manager: list: Listing contexts for virtual host 'localhost'
03-Dec-2024 13:37:24.401 INFO [http-nio-8080-exec-121] org.apache.catalina.core.ApplicationContext.log Manager: list: Listing contexts for virtual host 'localhost'
03-Dec-2024 13:37:24.404 INFO [http-nio-8080-exec-123] org.apache.catalina.core.ApplicationContext.log Manager: list: Listing contexts for virtual host 'localhost'
03-Dec-2024 13:37:24.426 INFO [http-nio-8080-exec-125] org.apache.catalina.core.ApplicationContext.log Manager: install: Installing context configuration at 'file:/C:/Users/haloa/AppData/Local/Temp/context2464340455522815293.xml'
03-Dec-2024 13:37:25.679 INFO [http-nio-8080-exec-127] org.apache.catalina.core.ApplicationContext.log Manager: start: Starting web application '/WiXDi_Web'
03-Dec-2024 13:44:21.841 INFO [http-nio-8080-exec-121] org.apache.catalina.core.ApplicationContext.log Manager: list: Listing contexts for virtual host 'localhost'
03-Dec-2024 13:44:21.843 INFO [http-nio-8080-exec-123] org.apache.catalina.core.ApplicationContext.log Manager: list: Listing contexts for virtual host 'localhost'
03-Dec-2024 13:44:21.853 INFO [http-nio-8080-exec-125] org.apache.catalina.core.ApplicationContext.log Manager: undeploy: Undeploying web application at '/WiXDi_Web'
03-Dec-2024 13:44:22.382 INFO [http-nio-8080-exec-129] org.apache.catalina.core.ApplicationContext.log Manager: install: Installing context configuration at 'file:/C:/Users/haloa/AppData/Local/Temp/context4950036818509140100.xml'
03-Dec-2024 13:44:23.649 INFO [http-nio-8080-exec-124] org.apache.catalina.core.ApplicationContext.log Manager: start: Starting web application '/WiXDi_Web'
03-Dec-2024 13:46:09.996 INFO [http-nio-8080-exec-3] org.apache.catalina.core.ApplicationContext.log Manager: init: Associated with Deployer 'Catalina:type=Deployer,host=localhost'
03-Dec-2024 13:46:09.996 INFO [http-nio-8080-exec-3] org.apache.catalina.core.ApplicationContext.log Manager: init: Global resources are available
03-Dec-2024 13:46:11.036 INFO [http-nio-8080-exec-4] org.apache.catalina.core.ApplicationContext.log Manager: list: Listing contexts for virtual host 'localhost'
03-Dec-2024 13:46:11.040 INFO [http-nio-8080-exec-3] org.apache.catalina.core.ApplicationContext.log Manager: list: Listing contexts for virtual host 'localhost'
03-Dec-2024 13:46:11.050 INFO [http-nio-8080-exec-5] org.apache.catalina.core.ApplicationContext.log Manager: undeploy: Undeploying web application at '/WiXDi_Web'
03-Dec-2024 13:46:11.592 INFO [http-nio-8080-exec-2] org.apache.catalina.core.ApplicationContext.log Manager: install: Installing context configuration at 'file:/C:/Users/haloa/AppData/Local/Temp/context16335948618817658948.xml'
03-Dec-2024 13:46:13.175 INFO [http-nio-8080-exec-4] org.apache.catalina.core.ApplicationContext.log Manager: start: Starting web application '/WiXDi_Web'
03-Dec-2024 13:56:03.598 INFO [http-nio-8080-exec-20] org.apache.catalina.core.ApplicationContext.log Manager: list: Listing contexts for virtual host 'localhost'
03-Dec-2024 13:56:03.603 INFO [http-nio-8080-exec-14] org.apache.catalina.core.ApplicationContext.log Manager: undeploy: Undeploying web application at '/WiXDi_Web'
03-Dec-2024 13:56:14.705 INFO [http-nio-8080-exec-18] org.apache.catalina.core.ApplicationContext.log Manager: list: Listing contexts for virtual host 'localhost'
03-Dec-2024 13:56:14.707 INFO [http-nio-8080-exec-13] org.apache.catalina.core.ApplicationContext.log Manager: list: Listing contexts for virtual host 'localhost'
03-Dec-2024 13:56:14.718 INFO [http-nio-8080-exec-20] org.apache.catalina.core.ApplicationContext.log Manager: install: Installing context configuration at 'file:/C:/Users/haloa/AppData/Local/Temp/context11575878037212838991.xml'
03-Dec-2024 13:56:16.035 INFO [http-nio-8080-exec-21] org.apache.catalina.core.ApplicationContext.log Manager: start: Starting web application '/WiXDi_Web'
03-Dec-2024 14:00:51.132 INFO [http-nio-8080-exec-30] org.apache.catalina.core.ApplicationContext.log Manager: list: Listing contexts for virtual host 'localhost'
03-Dec-2024 14:00:51.136 INFO [http-nio-8080-exec-23] org.apache.catalina.core.ApplicationContext.log Manager: undeploy: Undeploying web application at '/WiXDi_Web'
03-Dec-2024 14:02:20.573 INFO [http-nio-8080-exec-39] org.apache.catalina.core.ApplicationContext.log Manager: list: Listing contexts for virtual host 'localhost'
03-Dec-2024 14:02:20.575 INFO [http-nio-8080-exec-32] org.apache.catalina.core.ApplicationContext.log Manager: list: Listing contexts for virtual host 'localhost'
03-Dec-2024 14:02:20.586 INFO [http-nio-8080-exec-33] org.apache.catalina.core.ApplicationContext.log Manager: install: Installing context configuration at 'file:/C:/Users/haloa/AppData/Local/Temp/context16497640326579013904.xml'
03-Dec-2024 14:02:22.006 INFO [http-nio-8080-exec-34] org.apache.catalina.core.ApplicationContext.log Manager: start: Starting web application '/WiXDi_Web'
03-Dec-2024 14:11:31.590 INFO [http-nio-8080-exec-38] org.apache.catalina.core.ApplicationContext.log Manager: list: Listing contexts for virtual host 'localhost'
03-Dec-2024 14:11:31.594 INFO [http-nio-8080-exec-31] org.apache.catalina.core.ApplicationContext.log Manager: undeploy: Undeploying web application at '/WiXDi_Web'
03-Dec-2024 14:12:44.904 INFO [http-nio-8080-exec-34] org.apache.catalina.core.ApplicationContext.log Manager: list: Listing contexts for virtual host 'localhost'
03-Dec-2024 14:13:14.078 INFO [http-nio-8080-exec-45] org.apache.catalina.core.ApplicationContext.log Manager: list: Listing contexts for virtual host 'localhost'
03-Dec-2024 14:13:14.080 INFO [http-nio-8080-exec-39] org.apache.catalina.core.ApplicationContext.log Manager: list: Listing contexts for virtual host 'localhost'
03-Dec-2024 14:13:14.089 INFO [http-nio-8080-exec-34] org.apache.catalina.core.ApplicationContext.log Manager: install: Installing context configuration at 'file:/C:/Users/haloa/AppData/Local/Temp/context4251650764419813907.xml'
03-Dec-2024 14:13:15.483 INFO [http-nio-8080-exec-44] org.apache.catalina.core.ApplicationContext.log Manager: start: Starting web application '/WiXDi_Web'
03-Dec-2024 14:32:12.655 INFO [http-nio-8080-exec-44] org.apache.catalina.core.ApplicationContext.log Manager: list: Listing contexts for virtual host 'localhost'
03-Dec-2024 14:32:12.658 INFO [http-nio-8080-exec-42] org.apache.catalina.core.ApplicationContext.log Manager: undeploy: Undeploying web application at '/WiXDi_Web'
03-Dec-2024 14:32:23.891 INFO [http-nio-8080-exec-44] org.apache.catalina.core.ApplicationContext.log Manager: list: Listing contexts for virtual host 'localhost'
03-Dec-2024 14:32:23.894 INFO [http-nio-8080-exec-41] org.apache.catalina.core.ApplicationContext.log Manager: list: Listing contexts for virtual host 'localhost'
03-Dec-2024 14:32:23.907 INFO [http-nio-8080-exec-43] org.apache.catalina.core.ApplicationContext.log Manager: install: Installing context configuration at 'file:/C:/Users/haloa/AppData/Local/Temp/context17322176324182121680.xml'
03-Dec-2024 14:32:25.314 INFO [http-nio-8080-exec-51] org.apache.catalina.core.ApplicationContext.log Manager: start: Starting web application '/WiXDi_Web'
03-Dec-2024 14:39:48.412 INFO [http-nio-8080-exec-57] org.apache.catalina.core.ApplicationContext.log Manager: list: Listing contexts for virtual host 'localhost'
03-Dec-2024 14:39:48.415 INFO [http-nio-8080-exec-53] org.apache.catalina.core.ApplicationContext.log Manager: undeploy: Undeploying web application at '/WiXDi_Web'
03-Dec-2024 14:40:56.876 INFO [http-nio-8080-exec-55] org.apache.catalina.core.ApplicationContext.log Manager: list: Listing contexts for virtual host 'localhost'
03-Dec-2024 14:40:56.879 INFO [http-nio-8080-exec-56] org.apache.catalina.core.ApplicationContext.log Manager: list: Listing contexts for virtual host 'localhost'
03-Dec-2024 14:40:56.889 INFO [http-nio-8080-exec-57] org.apache.catalina.core.ApplicationContext.log Manager: install: Installing context configuration at 'file:/C:/Users/haloa/AppData/Local/Temp/context9272002259830586868.xml'
03-Dec-2024 14:40:58.304 INFO [http-nio-8080-exec-64] org.apache.catalina.core.ApplicationContext.log Manager: start: Starting web application '/WiXDi_Web'
03-Dec-2024 14:49:00.165 INFO [http-nio-8080-exec-66] org.apache.catalina.core.ApplicationContext.log Manager: list: Listing contexts for virtual host 'localhost'
03-Dec-2024 14:49:00.168 INFO [http-nio-8080-exec-64] org.apache.catalina.core.ApplicationContext.log Manager: undeploy: Undeploying web application at '/WiXDi_Web'
03-Dec-2024 14:49:23.688 INFO [http-nio-8080-exec-61] org.apache.catalina.core.ApplicationContext.log Manager: list: Listing contexts for virtual host 'localhost'
03-Dec-2024 14:49:23.689 INFO [http-nio-8080-exec-73] org.apache.catalina.core.ApplicationContext.log Manager: list: Listing contexts for virtual host 'localhost'
03-Dec-2024 14:49:23.699 INFO [http-nio-8080-exec-75] org.apache.catalina.core.ApplicationContext.log Manager: install: Installing context configuration at 'file:/C:/Users/haloa/AppData/Local/Temp/context14659212261654979352.xml'
03-Dec-2024 14:49:25.097 INFO [http-nio-8080-exec-76] org.apache.catalina.core.ApplicationContext.log Manager: start: Starting web application '/WiXDi_Web'
03-Dec-2024 14:55:49.699 INFO [http-nio-8080-exec-75] org.apache.catalina.core.ApplicationContext.log Manager: list: Listing contexts for virtual host 'localhost'
03-Dec-2024 14:55:49.708 INFO [http-nio-8080-exec-76] org.apache.catalina.core.ApplicationContext.log Manager: undeploy: Undeploying web application at '/WiXDi_Web'
03-Dec-2024 14:56:01.751 INFO [http-nio-8080-exec-80] org.apache.catalina.core.ApplicationContext.log Manager: list: Listing contexts for virtual host 'localhost'
03-Dec-2024 14:56:01.752 INFO [http-nio-8080-exec-73] org.apache.catalina.core.ApplicationContext.log Manager: list: Listing contexts for virtual host 'localhost'
03-Dec-2024 14:56:01.784 INFO [http-nio-8080-exec-77] org.apache.catalina.core.ApplicationContext.log Manager: install: Installing context configuration at 'file:/C:/Users/haloa/AppData/Local/Temp/context7058412037436860501.xml'
03-Dec-2024 14:56:03.234 INFO [http-nio-8080-exec-71] org.apache.catalina.core.ApplicationContext.log Manager: start: Starting web application '/WiXDi_Web'
03-Dec-2024 15:00:44.106 INFO [http-nio-8080-exec-82] org.apache.catalina.core.ApplicationContext.log Manager: list: Listing contexts for virtual host 'localhost'
03-Dec-2024 15:00:44.108 INFO [http-nio-8080-exec-88] org.apache.catalina.core.ApplicationContext.log Manager: list: Listing contexts for virtual host 'localhost'
03-Dec-2024 15:00:44.114 INFO [http-nio-8080-exec-89] org.apache.catalina.core.ApplicationContext.log Manager: undeploy: Undeploying web application at '/WiXDi_Web'
03-Dec-2024 15:00:44.641 INFO [http-nio-8080-exec-82] org.apache.catalina.core.ApplicationContext.log Manager: install: Installing context configuration at 'file:/C:/Users/haloa/AppData/Local/Temp/context919170037245904762.xml'
03-Dec-2024 15:00:46.104 INFO [http-nio-8080-exec-87] org.apache.catalina.core.ApplicationContext.log Manager: start: Starting web application '/WiXDi_Web'
03-Dec-2024 15:06:37.770 INFO [http-nio-8080-exec-95] org.apache.catalina.core.ApplicationContext.log Manager: list: Listing contexts for virtual host 'localhost'
03-Dec-2024 15:06:37.772 INFO [http-nio-8080-exec-96] org.apache.catalina.core.ApplicationContext.log Manager: list: Listing contexts for virtual host 'localhost'
03-Dec-2024 15:06:37.777 INFO [http-nio-8080-exec-97] org.apache.catalina.core.ApplicationContext.log Manager: undeploy: Undeploying web application at '/WiXDi_Web'
03-Dec-2024 15:06:38.305 INFO [http-nio-8080-exec-98] org.apache.catalina.core.ApplicationContext.log Manager: install: Installing context configuration at 'file:/C:/Users/haloa/AppData/Local/Temp/context17940498902474242229.xml'
03-Dec-2024 15:06:39.769 INFO [http-nio-8080-exec-93] org.apache.catalina.core.ApplicationContext.log Manager: start: Starting web application '/WiXDi_Web'
03-Dec-2024 15:07:38.286 INFO [http-nio-8080-exec-109] org.apache.catalina.core.ApplicationContext.log Manager: list: Listing contexts for virtual host 'localhost'
03-Dec-2024 15:07:38.289 INFO [http-nio-8080-exec-110] org.apache.catalina.core.ApplicationContext.log Manager: undeploy: Undeploying web application at '/WiXDi_Web'
03-Dec-2024 15:07:50.220 INFO [http-nio-8080-exec-110] org.apache.catalina.core.ApplicationContext.log Manager: list: Listing contexts for virtual host 'localhost'
03-Dec-2024 15:07:50.222 INFO [http-nio-8080-exec-112] org.apache.catalina.core.ApplicationContext.log Manager: list: Listing contexts for virtual host 'localhost'
03-Dec-2024 15:07:50.234 INFO [http-nio-8080-exec-113] org.apache.catalina.core.ApplicationContext.log Manager: install: Installing context configuration at 'file:/C:/Users/haloa/AppData/Local/Temp/context7518342656794766697.xml'
03-Dec-2024 15:07:51.594 INFO [http-nio-8080-exec-114] org.apache.catalina.core.ApplicationContext.log Manager: start: Starting web application '/WiXDi_Web'
03-Dec-2024 15:10:19.868 INFO [http-nio-8080-exec-119] org.apache.catalina.core.ApplicationContext.log Manager: list: Listing contexts for virtual host 'localhost'
03-Dec-2024 15:10:19.870 INFO [http-nio-8080-exec-111] org.apache.catalina.core.ApplicationContext.log Manager: list: Listing contexts for virtual host 'localhost'
03-Dec-2024 15:10:19.875 INFO [http-nio-8080-exec-112] org.apache.catalina.core.ApplicationContext.log Manager: undeploy: Undeploying web application at '/WiXDi_Web'
03-Dec-2024 15:10:20.393 INFO [http-nio-8080-exec-118] org.apache.catalina.core.ApplicationContext.log Manager: install: Installing context configuration at 'file:/C:/Users/haloa/AppData/Local/Temp/context11238903351194362890.xml'
03-Dec-2024 15:10:21.858 INFO [http-nio-8080-exec-119] org.apache.catalina.core.ApplicationContext.log Manager: start: Starting web application '/WiXDi_Web'
03-Dec-2024 15:40:01.353 INFO [http-nio-8080-exec-124] org.apache.catalina.core.ApplicationContext.log Manager: list: Listing contexts for virtual host 'localhost'
03-Dec-2024 15:40:01.355 INFO [http-nio-8080-exec-129] org.apache.catalina.core.ApplicationContext.log Manager: list: Listing contexts for virtual host 'localhost'
03-Dec-2024 15:40:01.361 INFO [http-nio-8080-exec-125] org.apache.catalina.core.ApplicationContext.log Manager: undeploy: Undeploying web application at '/WiXDi_Web'
03-Dec-2024 15:40:01.895 INFO [http-nio-8080-exec-121] org.apache.catalina.core.ApplicationContext.log Manager: install: Installing context configuration at 'file:/C:/Users/haloa/AppData/Local/Temp/context507442772730641078.xml'
03-Dec-2024 15:40:03.267 INFO [http-nio-8080-exec-126] org.apache.catalina.core.ApplicationContext.log Manager: start: Starting web application '/WiXDi_Web'
03-Dec-2024 16:00:49.525 INFO [http-nio-8080-exec-140] org.apache.catalina.core.ApplicationContext.log Manager: list: Listing contexts for virtual host 'localhost'
03-Dec-2024 16:00:49.528 INFO [http-nio-8080-exec-137] org.apache.catalina.core.ApplicationContext.log Manager: undeploy: Undeploying web application at '/WiXDi_Web'
03-Dec-2024 16:01:07.649 INFO [http-nio-8080-exec-139] org.apache.catalina.core.ApplicationContext.log Manager: list: Listing contexts for virtual host 'localhost'
03-Dec-2024 16:01:07.651 INFO [http-nio-8080-exec-134] org.apache.catalina.core.ApplicationContext.log Manager: list: Listing contexts for virtual host 'localhost'
03-Dec-2024 16:01:07.658 INFO [http-nio-8080-exec-141] org.apache.catalina.core.ApplicationContext.log Manager: install: Installing context configuration at 'file:/C:/Users/haloa/AppData/Local/Temp/context7114556865567692899.xml'
03-Dec-2024 16:01:09.027 INFO [http-nio-8080-exec-142] org.apache.catalina.core.ApplicationContext.log Manager: start: Starting web application '/WiXDi_Web'
03-Dec-2024 16:08:14.107 INFO [http-nio-8080-exec-149] org.apache.catalina.core.ApplicationContext.log Manager: list: Listing contexts for virtual host 'localhost'
03-Dec-2024 16:08:14.110 INFO [http-nio-8080-exec-150] org.apache.catalina.core.ApplicationContext.log Manager: undeploy: Undeploying web application at '/WiXDi_Web'
03-Dec-2024 16:08:25.589 INFO [http-nio-8080-exec-143] org.apache.catalina.core.ApplicationContext.log Manager: list: Listing contexts for virtual host 'localhost'
03-Dec-2024 16:08:25.591 INFO [http-nio-8080-exec-145] org.apache.catalina.core.ApplicationContext.log Manager: list: Listing contexts for virtual host 'localhost'
03-Dec-2024 16:08:25.599 INFO [http-nio-8080-exec-146] org.apache.catalina.core.ApplicationContext.log Manager: install: Installing context configuration at 'file:/C:/Users/haloa/AppData/Local/Temp/context12411087674717424436.xml'
03-Dec-2024 16:08:26.954 INFO [http-nio-8080-exec-151] org.apache.catalina.core.ApplicationContext.log Manager: start: Starting web application '/WiXDi_Web'
03-Dec-2024 16:14:58.493 INFO [http-nio-8080-exec-159] org.apache.catalina.core.ApplicationContext.log Manager: list: Listing contexts for virtual host 'localhost'
03-Dec-2024 16:14:58.495 INFO [http-nio-8080-exec-160] org.apache.catalina.core.ApplicationContext.log Manager: list: Listing contexts for virtual host 'localhost'
03-Dec-2024 16:14:58.500 INFO [http-nio-8080-exec-155] org.apache.catalina.core.ApplicationContext.log Manager: undeploy: Undeploying web application at '/WiXDi_Web'
03-Dec-2024 16:14:59.023 INFO [http-nio-8080-exec-159] org.apache.catalina.core.ApplicationContext.log Manager: install: Installing context configuration at 'file:/C:/Users/haloa/AppData/Local/Temp/context12117142688880747659.xml'
03-Dec-2024 16:15:00.394 INFO [http-nio-8080-exec-156] org.apache.catalina.core.ApplicationContext.log Manager: start: Starting web application '/WiXDi_Web'
03-Dec-2024 16:15:52.898 INFO [http-nio-8080-exec-161] org.apache.catalina.core.ApplicationContext.log Manager: list: Listing contexts for virtual host 'localhost'
03-Dec-2024 16:15:52.900 INFO [http-nio-8080-exec-162] org.apache.catalina.core.ApplicationContext.log Manager: undeploy: Undeploying web application at '/WiXDi_Web'
03-Dec-2024 16:16:07.087 INFO [http-nio-8080-exec-169] org.apache.catalina.core.ApplicationContext.log Manager: list: Listing contexts for virtual host 'localhost'
03-Dec-2024 16:16:07.088 INFO [http-nio-8080-exec-165] org.apache.catalina.core.ApplicationContext.log Manager: list: Listing contexts for virtual host 'localhost'
03-Dec-2024 16:16:07.099 INFO [http-nio-8080-exec-164] org.apache.catalina.core.ApplicationContext.log Manager: install: Installing context configuration at 'file:/C:/Users/haloa/AppData/Local/Temp/context10762883287463810937.xml'
03-Dec-2024 16:16:08.399 INFO [http-nio-8080-exec-171] org.apache.catalina.core.ApplicationContext.log Manager: start: Starting web application '/WiXDi_Web'
03-Dec-2024 16:33:46.694 INFO [http-nio-8080-exec-171] org.apache.catalina.core.ApplicationContext.log Manager: list: Listing contexts for virtual host 'localhost'
03-Dec-2024 16:33:46.696 INFO [http-nio-8080-exec-173] org.apache.catalina.core.ApplicationContext.log Manager: list: Listing contexts for virtual host 'localhost'
03-Dec-2024 16:33:46.703 INFO [http-nio-8080-exec-172] org.apache.catalina.core.ApplicationContext.log Manager: undeploy: Undeploying web application at '/WiXDi_Web'
03-Dec-2024 16:33:47.233 INFO [http-nio-8080-exec-176] org.apache.catalina.core.ApplicationContext.log Manager: install: Installing context configuration at 'file:/C:/Users/haloa/AppData/Local/Temp/context11397841786805617464.xml'
03-Dec-2024 16:33:48.607 INFO [http-nio-8080-exec-174] org.apache.catalina.core.ApplicationContext.log Manager: start: Starting web application '/WiXDi_Web'
