23-Nov-2024 03:59:40.641 INFO [http-nio-8080-exec-4] org.apache.catalina.core.ApplicationContext.log Manager: init: Associated with Deployer 'Catalina:type=Deployer,host=localhost'
23-Nov-2024 03:59:40.641 INFO [http-nio-8080-exec-4] org.apache.catalina.core.ApplicationContext.log Manager: init: Global resources are available
23-Nov-2024 03:59:40.661 INFO [http-nio-8080-exec-7] org.apache.catalina.core.ApplicationContext.log Manager: list: Listing contexts for virtual host 'localhost'
23-Nov-2024 03:59:40.664 INFO [http-nio-8080-exec-3] org.apache.catalina.core.ApplicationContext.log Manager: list: Listing contexts for virtual host 'localhost'
23-Nov-2024 03:59:40.686 INFO [http-nio-8080-exec-8] org.apache.catalina.core.ApplicationContext.log Manager: install: Installing context configuration at 'file:/C:/Users/haloa/AppData/Local/Temp/context11412506790006000626.xml'
23-Nov-2024 03:59:41.832 INFO [http-nio-8080-exec-9] org.apache.catalina.core.ApplicationContext.log Manager: start: Starting web application '/WiXDi_WebApplication'
23-Nov-2024 04:10:07.421 INFO [http-nio-8080-exec-2] org.apache.catalina.core.ApplicationContext.log Manager: list: Listing contexts for virtual host 'localhost'
23-Nov-2024 04:10:07.426 INFO [http-nio-8080-exec-7] org.apache.catalina.core.ApplicationContext.log Manager: undeploy: Undeploying web application at '/WiXDi_WebApplication'
23-Nov-2024 04:47:26.424 INFO [http-nio-8080-exec-4] org.apache.catalina.core.ApplicationContext.log Manager: init: Associated with Deployer 'Catalina:type=Deployer,host=localhost'
23-Nov-2024 04:47:26.424 INFO [http-nio-8080-exec-4] org.apache.catalina.core.ApplicationContext.log Manager: init: Global resources are available
23-Nov-2024 04:47:26.439 INFO [http-nio-8080-exec-7] org.apache.catalina.core.ApplicationContext.log Manager: list: Listing contexts for virtual host 'localhost'
23-Nov-2024 04:47:26.444 INFO [http-nio-8080-exec-6] org.apache.catalina.core.ApplicationContext.log Manager: list: Listing contexts for virtual host 'localhost'
23-Nov-2024 04:47:26.462 INFO [http-nio-8080-exec-10] org.apache.catalina.core.ApplicationContext.log Manager: install: Installing context configuration at 'file:/C:/Users/haloa/AppData/Local/Temp/context9907796405993921399.xml'
23-Nov-2024 04:47:27.589 INFO [http-nio-8080-exec-9] org.apache.catalina.core.ApplicationContext.log Manager: start: Starting web application '/WiXDi_Web'
23-Nov-2024 04:56:40.333 INFO [http-nio-8080-exec-9] org.apache.catalina.core.ApplicationContext.log Manager: list: Listing contexts for virtual host 'localhost'
23-Nov-2024 04:56:40.335 INFO [http-nio-8080-exec-8] org.apache.catalina.core.ApplicationContext.log Manager: list: Listing contexts for virtual host 'localhost'
23-Nov-2024 04:56:40.341 INFO [http-nio-8080-exec-5] org.apache.catalina.core.ApplicationContext.log Manager: undeploy: Undeploying web application at '/WiXDi_Web'
23-Nov-2024 04:56:40.877 INFO [http-nio-8080-exec-8] org.apache.catalina.core.ApplicationContext.log Manager: install: Installing context configuration at 'file:/C:/Users/haloa/AppData/Local/Temp/context10765524875745511598.xml'
23-Nov-2024 04:56:41.847 INFO [http-nio-8080-exec-9] org.apache.catalina.core.ApplicationContext.log Manager: start: Starting web application '/WiXDi_Web'
23-Nov-2024 14:38:20.712 INFO [http-nio-8080-exec-4] org.apache.catalina.core.ApplicationContext.log Manager: init: Associated with Deployer 'Catalina:type=Deployer,host=localhost'
23-Nov-2024 14:38:20.712 INFO [http-nio-8080-exec-4] org.apache.catalina.core.ApplicationContext.log Manager: init: Global resources are available
23-Nov-2024 14:38:20.779 INFO [http-nio-8080-exec-7] org.apache.catalina.core.ApplicationContext.log Manager: list: Listing contexts for virtual host 'localhost'
23-Nov-2024 14:38:20.783 INFO [http-nio-8080-exec-8] org.apache.catalina.core.ApplicationContext.log Manager: list: Listing contexts for virtual host 'localhost'
23-Nov-2024 14:38:20.798 INFO [http-nio-8080-exec-9] org.apache.catalina.core.ApplicationContext.log Manager: undeploy: Undeploying web application at '/WiXDi_Web'
23-Nov-2024 14:38:21.352 INFO [http-nio-8080-exec-7] org.apache.catalina.core.ApplicationContext.log Manager: install: Installing context configuration at 'file:/C:/Users/haloa/AppData/Local/Temp/context11912252276110029314.xml'
23-Nov-2024 14:38:22.411 INFO [http-nio-8080-exec-4] org.apache.catalina.core.ApplicationContext.log Manager: start: Starting web application '/WiXDi_Web'
23-Nov-2024 14:40:35.134 INFO [http-nio-8080-exec-13] org.apache.catalina.core.ApplicationContext.log Manager: list: Listing contexts for virtual host 'localhost'
23-Nov-2024 14:40:35.137 INFO [http-nio-8080-exec-17] org.apache.catalina.core.ApplicationContext.log Manager: list: Listing contexts for virtual host 'localhost'
23-Nov-2024 14:40:35.142 INFO [http-nio-8080-exec-18] org.apache.catalina.core.ApplicationContext.log Manager: undeploy: Undeploying web application at '/WiXDi_Web'
23-Nov-2024 14:40:35.663 INFO [http-nio-8080-exec-17] org.apache.catalina.core.ApplicationContext.log Manager: install: Installing context configuration at 'file:/C:/Users/haloa/AppData/Local/Temp/context8844726864971099246.xml'
23-Nov-2024 14:40:36.629 INFO [http-nio-8080-exec-14] org.apache.catalina.core.ApplicationContext.log Manager: start: Starting web application '/WiXDi_Web'
23-Nov-2024 14:53:54.723 INFO [http-nio-8080-exec-21] org.apache.catalina.core.ApplicationContext.log Manager: list: Listing contexts for virtual host 'localhost'
23-Nov-2024 14:53:54.725 INFO [http-nio-8080-exec-25] org.apache.catalina.core.ApplicationContext.log Manager: list: Listing contexts for virtual host 'localhost'
23-Nov-2024 14:53:54.729 INFO [http-nio-8080-exec-26] org.apache.catalina.core.ApplicationContext.log Manager: undeploy: Undeploying web application at '/WiXDi_Web'
23-Nov-2024 14:53:55.261 INFO [http-nio-8080-exec-20] org.apache.catalina.core.ApplicationContext.log Manager: install: Installing context configuration at 'file:/C:/Users/haloa/AppData/Local/Temp/context15987377899838489068.xml'
23-Nov-2024 14:53:55.630 INFO [http-nio-8080-exec-29] org.apache.catalina.core.ApplicationContext.log Manager: start: Starting web application '/WiXDi_Web'
23-Nov-2024 15:14:07.617 INFO [http-nio-8080-exec-4] org.apache.catalina.core.ApplicationContext.log Manager: init: Associated with Deployer 'Catalina:type=Deployer,host=localhost'
23-Nov-2024 15:14:07.617 INFO [http-nio-8080-exec-4] org.apache.catalina.core.ApplicationContext.log Manager: init: Global resources are available
23-Nov-2024 15:14:07.636 INFO [http-nio-8080-exec-7] org.apache.catalina.core.ApplicationContext.log Manager: list: Listing contexts for virtual host 'localhost'
23-Nov-2024 15:14:07.639 INFO [http-nio-8080-exec-9] org.apache.catalina.core.ApplicationContext.log Manager: list: Listing contexts for virtual host 'localhost'
23-Nov-2024 15:14:07.648 INFO [http-nio-8080-exec-8] org.apache.catalina.core.ApplicationContext.log Manager: undeploy: Undeploying web application at '/WiXDi_Web'
23-Nov-2024 15:14:08.185 INFO [http-nio-8080-exec-7] org.apache.catalina.core.ApplicationContext.log Manager: install: Installing context configuration at 'file:/C:/Users/haloa/AppData/Local/Temp/context3080017240422681830.xml'
23-Nov-2024 15:14:09.266 INFO [http-nio-8080-exec-2] org.apache.catalina.core.ApplicationContext.log Manager: start: Starting web application '/WiXDi_Web'
23-Nov-2024 15:14:42.379 INFO [http-nio-8080-exec-2] org.apache.catalina.core.ApplicationContext.log Manager: init: Associated with Deployer 'Catalina:type=Deployer,host=localhost'
23-Nov-2024 15:14:42.379 INFO [http-nio-8080-exec-2] org.apache.catalina.core.ApplicationContext.log Manager: init: Global resources are available
23-Nov-2024 15:14:42.396 INFO [http-nio-8080-exec-2] org.apache.catalina.core.ApplicationContext.log Manager: list: Listing contexts for virtual host 'localhost'
23-Nov-2024 15:14:42.400 INFO [http-nio-8080-exec-8] org.apache.catalina.core.ApplicationContext.log Manager: list: Listing contexts for virtual host 'localhost'
23-Nov-2024 15:14:42.406 INFO [http-nio-8080-exec-5] org.apache.catalina.core.ApplicationContext.log Manager: undeploy: Undeploying web application at '/WiXDi_Web'
23-Nov-2024 15:14:42.944 INFO [http-nio-8080-exec-9] org.apache.catalina.core.ApplicationContext.log Manager: install: Installing context configuration at 'file:/C:/Users/haloa/AppData/Local/Temp/context16901378296002255040.xml'
23-Nov-2024 15:14:43.986 INFO [http-nio-8080-exec-6] org.apache.catalina.core.ApplicationContext.log Manager: start: Starting web application '/WiXDi_Web'
23-Nov-2024 15:15:43.653 INFO [http-nio-8080-exec-12] org.apache.catalina.core.ApplicationContext.log Manager: list: Listing contexts for virtual host 'localhost'
23-Nov-2024 15:15:43.655 INFO [http-nio-8080-exec-10] org.apache.catalina.core.ApplicationContext.log Manager: list: Listing contexts for virtual host 'localhost'
23-Nov-2024 15:15:43.659 INFO [http-nio-8080-exec-1] org.apache.catalina.core.ApplicationContext.log Manager: undeploy: Undeploying web application at '/WiXDi_Web'
23-Nov-2024 15:15:44.183 INFO [http-nio-8080-exec-7] org.apache.catalina.core.ApplicationContext.log Manager: install: Installing context configuration at 'file:/C:/Users/haloa/AppData/Local/Temp/context8221276501284030481.xml'
23-Nov-2024 15:15:45.194 INFO [http-nio-8080-exec-17] org.apache.catalina.core.ApplicationContext.log Manager: start: Starting web application '/WiXDi_Web'
23-Nov-2024 15:43:19.422 INFO [http-nio-8080-exec-25] org.apache.catalina.core.ApplicationContext.log Manager: list: Listing contexts for virtual host 'localhost'
23-Nov-2024 15:43:19.428 INFO [http-nio-8080-exec-26] org.apache.catalina.core.ApplicationContext.log Manager: undeploy: Undeploying web application at '/WiXDi_Web'
23-Nov-2024 15:43:31.405 INFO [http-nio-8080-exec-29] org.apache.catalina.core.ApplicationContext.log Manager: list: Listing contexts for virtual host 'localhost'
23-Nov-2024 15:43:31.410 INFO [http-nio-8080-exec-20] org.apache.catalina.core.ApplicationContext.log Manager: list: Listing contexts for virtual host 'localhost'
23-Nov-2024 15:43:31.424 INFO [http-nio-8080-exec-25] org.apache.catalina.core.ApplicationContext.log Manager: install: Installing context configuration at 'file:/C:/Users/haloa/AppData/Local/Temp/context2286017101198238770.xml'
23-Nov-2024 15:43:32.395 INFO [http-nio-8080-exec-22] org.apache.catalina.core.ApplicationContext.log Manager: start: Starting web application '/WiXDi_Web'
23-Nov-2024 15:49:38.577 INFO [http-nio-8080-exec-30] org.apache.catalina.core.ApplicationContext.log Manager: list: Listing contexts for virtual host 'localhost'
23-Nov-2024 15:49:38.580 INFO [http-nio-8080-exec-33] org.apache.catalina.core.ApplicationContext.log Manager: list: Listing contexts for virtual host 'localhost'
23-Nov-2024 15:49:38.586 INFO [http-nio-8080-exec-34] org.apache.catalina.core.ApplicationContext.log Manager: undeploy: Undeploying web application at '/WiXDi_Web'
23-Nov-2024 15:49:39.112 INFO [http-nio-8080-exec-29] org.apache.catalina.core.ApplicationContext.log Manager: install: Installing context configuration at 'file:/C:/Users/haloa/AppData/Local/Temp/context5771591671599070398.xml'
23-Nov-2024 15:49:40.075 INFO [http-nio-8080-exec-31] org.apache.catalina.core.ApplicationContext.log Manager: start: Starting web application '/WiXDi_Web'
23-Nov-2024 15:57:42.548 INFO [http-nio-8080-exec-40] org.apache.catalina.core.ApplicationContext.log Manager: list: Listing contexts for virtual host 'localhost'
23-Nov-2024 15:57:42.551 INFO [http-nio-8080-exec-41] org.apache.catalina.core.ApplicationContext.log Manager: list: Listing contexts for virtual host 'localhost'
23-Nov-2024 15:59:15.146 INFO [http-nio-8080-exec-45] org.apache.catalina.core.ApplicationContext.log Manager: list: Listing contexts for virtual host 'localhost'
23-Nov-2024 15:59:15.149 INFO [http-nio-8080-exec-39] org.apache.catalina.core.ApplicationContext.log Manager: list: Listing contexts for virtual host 'localhost'
23-Nov-2024 15:59:15.153 INFO [http-nio-8080-exec-40] org.apache.catalina.core.ApplicationContext.log Manager: undeploy: Undeploying web application at '/WiXDi_Web'
23-Nov-2024 15:59:15.678 INFO [http-nio-8080-exec-46] org.apache.catalina.core.ApplicationContext.log Manager: install: Installing context configuration at 'file:/C:/Users/haloa/AppData/Local/Temp/context10723060411230916501.xml'
23-Nov-2024 15:59:16.638 INFO [http-nio-8080-exec-43] org.apache.catalina.core.ApplicationContext.log Manager: start: Starting web application '/WiXDi_Web'
23-Nov-2024 16:05:32.109 INFO [http-nio-8080-exec-49] org.apache.catalina.core.ApplicationContext.log Manager: list: Listing contexts for virtual host 'localhost'
23-Nov-2024 16:05:32.111 INFO [http-nio-8080-exec-52] org.apache.catalina.core.ApplicationContext.log Manager: list: Listing contexts for virtual host 'localhost'
23-Nov-2024 16:05:32.116 INFO [http-nio-8080-exec-53] org.apache.catalina.core.ApplicationContext.log Manager: undeploy: Undeploying web application at '/WiXDi_Web'
23-Nov-2024 16:05:32.643 INFO [http-nio-8080-exec-55] org.apache.catalina.core.ApplicationContext.log Manager: install: Installing context configuration at 'file:/C:/Users/haloa/AppData/Local/Temp/context3560159177947974303.xml'
23-Nov-2024 16:05:33.617 INFO [http-nio-8080-exec-50] org.apache.catalina.core.ApplicationContext.log Manager: start: Starting web application '/WiXDi_Web'
23-Nov-2024 16:16:01.864 INFO [http-nio-8080-exec-59] org.apache.catalina.core.ApplicationContext.log Manager: list: Listing contexts for virtual host 'localhost'
23-Nov-2024 16:16:01.866 INFO [http-nio-8080-exec-64] org.apache.catalina.core.ApplicationContext.log Manager: list: Listing contexts for virtual host 'localhost'
23-Nov-2024 16:16:01.871 INFO [http-nio-8080-exec-65] org.apache.catalina.core.ApplicationContext.log Manager: undeploy: Undeploying web application at '/WiXDi_Web'
23-Nov-2024 16:16:02.399 INFO [http-nio-8080-exec-66] org.apache.catalina.core.ApplicationContext.log Manager: install: Installing context configuration at 'file:/C:/Users/haloa/AppData/Local/Temp/context13839156348094423818.xml'
23-Nov-2024 16:16:03.348 INFO [http-nio-8080-exec-61] org.apache.catalina.core.ApplicationContext.log Manager: start: Starting web application '/WiXDi_Web'
23-Nov-2024 16:20:29.469 INFO [http-nio-8080-exec-72] org.apache.catalina.core.ApplicationContext.log Manager: list: Listing contexts for virtual host 'localhost'
23-Nov-2024 16:20:29.472 INFO [http-nio-8080-exec-74] org.apache.catalina.core.ApplicationContext.log Manager: list: Listing contexts for virtual host 'localhost'
23-Nov-2024 16:20:29.476 INFO [http-nio-8080-exec-75] org.apache.catalina.core.ApplicationContext.log Manager: undeploy: Undeploying web application at '/WiXDi_Web'
23-Nov-2024 16:20:30.000 INFO [http-nio-8080-exec-69] org.apache.catalina.core.ApplicationContext.log Manager: install: Installing context configuration at 'file:/C:/Users/haloa/AppData/Local/Temp/context7412296118396191338.xml'
23-Nov-2024 16:20:30.953 INFO [http-nio-8080-exec-68] org.apache.catalina.core.ApplicationContext.log Manager: start: Starting web application '/WiXDi_Web'
23-Nov-2024 16:24:16.802 INFO [http-nio-8080-exec-85] org.apache.catalina.core.ApplicationContext.log Manager: list: Listing contexts for virtual host 'localhost'
23-Nov-2024 16:24:16.805 INFO [http-nio-8080-exec-86] org.apache.catalina.core.ApplicationContext.log Manager: undeploy: Undeploying web application at '/WiXDi_Web'
23-Nov-2024 16:24:29.213 INFO [http-nio-8080-exec-79] org.apache.catalina.core.ApplicationContext.log Manager: list: Listing contexts for virtual host 'localhost'
23-Nov-2024 16:24:29.215 INFO [http-nio-8080-exec-82] org.apache.catalina.core.ApplicationContext.log Manager: list: Listing contexts for virtual host 'localhost'
23-Nov-2024 16:24:29.223 INFO [http-nio-8080-exec-84] org.apache.catalina.core.ApplicationContext.log Manager: install: Installing context configuration at 'file:/C:/Users/haloa/AppData/Local/Temp/context670151303181643028.xml'
23-Nov-2024 16:24:30.182 INFO [http-nio-8080-exec-88] org.apache.catalina.core.ApplicationContext.log Manager: start: Starting web application '/WiXDi_Web'
23-Nov-2024 17:07:53.486 INFO [http-nio-8080-exec-90] org.apache.catalina.core.ApplicationContext.log Manager: list: Listing contexts for virtual host 'localhost'
23-Nov-2024 17:07:53.488 INFO [http-nio-8080-exec-94] org.apache.catalina.core.ApplicationContext.log Manager: list: Listing contexts for virtual host 'localhost'
23-Nov-2024 17:07:53.494 INFO [http-nio-8080-exec-95] org.apache.catalina.core.ApplicationContext.log Manager: undeploy: Undeploying web application at '/WiXDi_Web'
23-Nov-2024 17:07:54.043 INFO [http-nio-8080-exec-94] org.apache.catalina.core.ApplicationContext.log Manager: install: Installing context configuration at 'file:/C:/Users/haloa/AppData/Local/Temp/context13786674144619733003.xml'
23-Nov-2024 17:07:55.094 INFO [http-nio-8080-exec-89] org.apache.catalina.core.ApplicationContext.log Manager: start: Starting web application '/WiXDi_Web'
23-Nov-2024 17:09:02.676 INFO [http-nio-8080-exec-103] org.apache.catalina.core.ApplicationContext.log Manager: list: Listing contexts for virtual host 'localhost'
23-Nov-2024 17:09:02.681 INFO [http-nio-8080-exec-90] org.apache.catalina.core.ApplicationContext.log Manager: undeploy: Undeploying web application at '/WiXDi_Web'
23-Nov-2024 17:09:19.623 INFO [http-nio-8080-exec-98] org.apache.catalina.core.ApplicationContext.log Manager: list: Listing contexts for virtual host 'localhost'
23-Nov-2024 17:09:19.625 INFO [http-nio-8080-exec-93] org.apache.catalina.core.ApplicationContext.log Manager: list: Listing contexts for virtual host 'localhost'
23-Nov-2024 17:09:19.634 INFO [http-nio-8080-exec-102] org.apache.catalina.core.ApplicationContext.log Manager: install: Installing context configuration at 'file:/C:/Users/haloa/AppData/Local/Temp/context7798882031293433302.xml'
23-Nov-2024 17:09:20.686 INFO [http-nio-8080-exec-90] org.apache.catalina.core.ApplicationContext.log Manager: start: Starting web application '/WiXDi_Web'
23-Nov-2024 17:10:54.048 INFO [http-nio-8080-exec-103] org.apache.catalina.core.ApplicationContext.log Manager: list: Listing contexts for virtual host 'localhost'
23-Nov-2024 17:10:54.053 INFO [http-nio-8080-exec-111] org.apache.catalina.core.ApplicationContext.log Manager: undeploy: Undeploying web application at '/WiXDi_Web'
23-Nov-2024 17:11:05.444 INFO [http-nio-8080-exec-108] org.apache.catalina.core.ApplicationContext.log Manager: list: Listing contexts for virtual host 'localhost'
23-Nov-2024 17:11:05.446 INFO [http-nio-8080-exec-112] org.apache.catalina.core.ApplicationContext.log Manager: list: Listing contexts for virtual host 'localhost'
23-Nov-2024 17:11:05.463 INFO [http-nio-8080-exec-110] org.apache.catalina.core.ApplicationContext.log Manager: install: Installing context configuration at 'file:/C:/Users/haloa/AppData/Local/Temp/context10757765678608281227.xml'
23-Nov-2024 17:11:06.423 INFO [http-nio-8080-exec-111] org.apache.catalina.core.ApplicationContext.log Manager: start: Starting web application '/WiXDi_Web'
23-Nov-2024 17:12:43.320 INFO [http-nio-8080-exec-115] org.apache.catalina.core.ApplicationContext.log Manager: list: Listing contexts for virtual host 'localhost'
23-Nov-2024 17:12:43.323 INFO [http-nio-8080-exec-107] org.apache.catalina.core.ApplicationContext.log Manager: list: Listing contexts for virtual host 'localhost'
23-Nov-2024 17:12:43.329 INFO [http-nio-8080-exec-110] org.apache.catalina.core.ApplicationContext.log Manager: undeploy: Undeploying web application at '/WiXDi_Web'
23-Nov-2024 17:12:43.854 INFO [http-nio-8080-exec-117] org.apache.catalina.core.ApplicationContext.log Manager: install: Installing context configuration at 'file:/C:/Users/haloa/AppData/Local/Temp/context6662808816192958567.xml'
23-Nov-2024 17:12:44.949 INFO [http-nio-8080-exec-116] org.apache.catalina.core.ApplicationContext.log Manager: start: Starting web application '/WiXDi_Web'
23-Nov-2024 17:14:02.066 INFO [http-nio-8080-exec-115] org.apache.catalina.core.ApplicationContext.log Manager: list: Listing contexts for virtual host 'localhost'
23-Nov-2024 17:14:02.069 INFO [http-nio-8080-exec-124] org.apache.catalina.core.ApplicationContext.log Manager: list: Listing contexts for virtual host 'localhost'
23-Nov-2024 17:14:02.072 INFO [http-nio-8080-exec-119] org.apache.catalina.core.ApplicationContext.log Manager: undeploy: Undeploying web application at '/WiXDi_Web'
23-Nov-2024 17:14:02.602 INFO [http-nio-8080-exec-123] org.apache.catalina.core.ApplicationContext.log Manager: install: Installing context configuration at 'file:/C:/Users/haloa/AppData/Local/Temp/context16101354454700797131.xml'
23-Nov-2024 17:14:03.661 INFO [http-nio-8080-exec-113] org.apache.catalina.core.ApplicationContext.log Manager: start: Starting web application '/WiXDi_Web'
23-Nov-2024 17:14:41.518 INFO [http-nio-8080-exec-127] org.apache.catalina.core.ApplicationContext.log Manager: list: Listing contexts for virtual host 'localhost'
23-Nov-2024 17:14:41.522 INFO [http-nio-8080-exec-121] org.apache.catalina.core.ApplicationContext.log Manager: undeploy: Undeploying web application at '/WiXDi_Web'
23-Nov-2024 17:14:53.019 INFO [http-nio-8080-exec-126] org.apache.catalina.core.ApplicationContext.log Manager: list: Listing contexts for virtual host 'localhost'
23-Nov-2024 17:14:53.022 INFO [http-nio-8080-exec-124] org.apache.catalina.core.ApplicationContext.log Manager: list: Listing contexts for virtual host 'localhost'
23-Nov-2024 17:14:53.034 INFO [http-nio-8080-exec-127] org.apache.catalina.core.ApplicationContext.log Manager: install: Installing context configuration at 'file:/C:/Users/haloa/AppData/Local/Temp/context4693576734526352205.xml'
23-Nov-2024 17:14:54.062 INFO [http-nio-8080-exec-121] org.apache.catalina.core.ApplicationContext.log Manager: start: Starting web application '/WiXDi_Web'
23-Nov-2024 17:17:21.833 INFO [http-nio-8080-exec-138] org.apache.catalina.core.ApplicationContext.log Manager: list: Listing contexts for virtual host 'localhost'
23-Nov-2024 17:17:21.838 INFO [http-nio-8080-exec-139] org.apache.catalina.core.ApplicationContext.log Manager: undeploy: Undeploying web application at '/WiXDi_Web'
23-Nov-2024 17:17:32.988 INFO [http-nio-8080-exec-130] org.apache.catalina.core.ApplicationContext.log Manager: list: Listing contexts for virtual host 'localhost'
23-Nov-2024 17:17:32.990 INFO [http-nio-8080-exec-132] org.apache.catalina.core.ApplicationContext.log Manager: list: Listing contexts for virtual host 'localhost'
23-Nov-2024 17:17:32.998 INFO [http-nio-8080-exec-137] org.apache.catalina.core.ApplicationContext.log Manager: install: Installing context configuration at 'file:/C:/Users/haloa/AppData/Local/Temp/context5197513786254885728.xml'
23-Nov-2024 17:17:33.972 INFO [http-nio-8080-exec-134] org.apache.catalina.core.ApplicationContext.log Manager: start: Starting web application '/WiXDi_Web'
23-Nov-2024 17:21:10.056 INFO [http-nio-8080-exec-146] org.apache.catalina.core.ApplicationContext.log Manager: list: Listing contexts for virtual host 'localhost'
23-Nov-2024 17:21:10.059 INFO [http-nio-8080-exec-140] org.apache.catalina.core.ApplicationContext.log Manager: list: Listing contexts for virtual host 'localhost'
23-Nov-2024 17:21:10.063 INFO [http-nio-8080-exec-148] org.apache.catalina.core.ApplicationContext.log Manager: undeploy: Undeploying web application at '/WiXDi_Web'
23-Nov-2024 17:21:10.583 INFO [http-nio-8080-exec-147] org.apache.catalina.core.ApplicationContext.log Manager: install: Installing context configuration at 'file:/C:/Users/haloa/AppData/Local/Temp/context12781370153401115737.xml'
23-Nov-2024 17:21:11.565 INFO [http-nio-8080-exec-143] org.apache.catalina.core.ApplicationContext.log Manager: start: Starting web application '/WiXDi_Web'
23-Nov-2024 17:21:54.231 INFO [http-nio-8080-exec-146] org.apache.catalina.core.ApplicationContext.log Manager: list: Listing contexts for virtual host 'localhost'
23-Nov-2024 17:21:54.232 INFO [http-nio-8080-exec-152] org.apache.catalina.core.ApplicationContext.log Manager: list: Listing contexts for virtual host 'localhost'
23-Nov-2024 17:21:54.236 INFO [http-nio-8080-exec-145] org.apache.catalina.core.ApplicationContext.log Manager: undeploy: Undeploying web application at '/WiXDi_Web'
23-Nov-2024 17:21:54.766 INFO [http-nio-8080-exec-153] org.apache.catalina.core.ApplicationContext.log Manager: install: Installing context configuration at 'file:/C:/Users/haloa/AppData/Local/Temp/context9582715000208602862.xml'
23-Nov-2024 17:21:55.837 INFO [http-nio-8080-exec-151] org.apache.catalina.core.ApplicationContext.log Manager: start: Starting web application '/WiXDi_Web'
23-Nov-2024 17:38:50.206 INFO [http-nio-8080-exec-159] org.apache.catalina.core.ApplicationContext.log Manager: list: Listing contexts for virtual host 'localhost'
23-Nov-2024 17:38:50.208 INFO [http-nio-8080-exec-161] org.apache.catalina.core.ApplicationContext.log Manager: list: Listing contexts for virtual host 'localhost'
23-Nov-2024 17:38:50.212 INFO [http-nio-8080-exec-162] org.apache.catalina.core.ApplicationContext.log Manager: undeploy: Undeploying web application at '/WiXDi_Web'
23-Nov-2024 17:38:50.733 INFO [http-nio-8080-exec-156] org.apache.catalina.core.ApplicationContext.log Manager: install: Installing context configuration at 'file:/C:/Users/haloa/AppData/Local/Temp/context10035017357246287357.xml'
23-Nov-2024 17:38:51.752 INFO [http-nio-8080-exec-161] org.apache.catalina.core.ApplicationContext.log Manager: start: Starting web application '/WiXDi_Web'
23-Nov-2024 17:43:38.841 INFO [http-nio-8080-exec-174] org.apache.catalina.core.ApplicationContext.log Manager: list: Listing contexts for virtual host 'localhost'
23-Nov-2024 17:43:38.844 INFO [http-nio-8080-exec-175] org.apache.catalina.core.ApplicationContext.log Manager: undeploy: Undeploying web application at '/WiXDi_Web'
23-Nov-2024 17:43:59.122 INFO [http-nio-8080-exec-170] org.apache.catalina.core.ApplicationContext.log Manager: list: Listing contexts for virtual host 'localhost'
23-Nov-2024 17:43:59.124 INFO [http-nio-8080-exec-167] org.apache.catalina.core.ApplicationContext.log Manager: list: Listing contexts for virtual host 'localhost'
23-Nov-2024 17:43:59.138 INFO [http-nio-8080-exec-169] org.apache.catalina.core.ApplicationContext.log Manager: install: Installing context configuration at 'file:/C:/Users/haloa/AppData/Local/Temp/context7222507631188208906.xml'
23-Nov-2024 17:44:00.075 INFO [http-nio-8080-exec-172] org.apache.catalina.core.ApplicationContext.log Manager: start: Starting web application '/WiXDi_Web'
23-Nov-2024 17:44:40.805 INFO [http-nio-8080-exec-169] org.apache.catalina.core.ApplicationContext.log Manager: list: Listing contexts for virtual host 'localhost'
23-Nov-2024 17:44:40.806 INFO [http-nio-8080-exec-177] org.apache.catalina.core.ApplicationContext.log Manager: list: Listing contexts for virtual host 'localhost'
23-Nov-2024 17:44:40.811 INFO [http-nio-8080-exec-173] org.apache.catalina.core.ApplicationContext.log Manager: undeploy: Undeploying web application at '/WiXDi_Web'
23-Nov-2024 17:44:41.331 INFO [http-nio-8080-exec-169] org.apache.catalina.core.ApplicationContext.log Manager: install: Installing context configuration at 'file:/C:/Users/haloa/AppData/Local/Temp/context16179759502369472058.xml'
23-Nov-2024 17:44:42.252 INFO [http-nio-8080-exec-172] org.apache.catalina.core.ApplicationContext.log Manager: start: Starting web application '/WiXDi_Web'
23-Nov-2024 17:45:13.116 INFO [http-nio-8080-exec-180] org.apache.catalina.core.ApplicationContext.log Manager: list: Listing contexts for virtual host 'localhost'
23-Nov-2024 17:45:13.119 INFO [http-nio-8080-exec-170] org.apache.catalina.core.ApplicationContext.log Manager: list: Listing contexts for virtual host 'localhost'
23-Nov-2024 17:45:13.123 INFO [http-nio-8080-exec-177] org.apache.catalina.core.ApplicationContext.log Manager: undeploy: Undeploying web application at '/WiXDi_Web'
23-Nov-2024 17:45:13.650 INFO [http-nio-8080-exec-170] org.apache.catalina.core.ApplicationContext.log Manager: install: Installing context configuration at 'file:/C:/Users/haloa/AppData/Local/Temp/context2281829597475525592.xml'
23-Nov-2024 17:45:14.551 INFO [http-nio-8080-exec-173] org.apache.catalina.core.ApplicationContext.log Manager: start: Starting web application '/WiXDi_Web'
23-Nov-2024 17:50:05.378 INFO [http-nio-8080-exec-192] org.apache.catalina.core.ApplicationContext.log Manager: list: Listing contexts for virtual host 'localhost'
23-Nov-2024 17:50:05.380 INFO [http-nio-8080-exec-188] org.apache.catalina.core.ApplicationContext.log Manager: list: Listing contexts for virtual host 'localhost'
23-Nov-2024 17:50:05.384 INFO [http-nio-8080-exec-189] org.apache.catalina.core.ApplicationContext.log Manager: undeploy: Undeploying web application at '/WiXDi_Web'
23-Nov-2024 17:50:05.906 INFO [http-nio-8080-exec-184] org.apache.catalina.core.ApplicationContext.log Manager: install: Installing context configuration at 'file:/C:/Users/haloa/AppData/Local/Temp/context8678298844895724818.xml'
23-Nov-2024 17:50:06.857 INFO [http-nio-8080-exec-192] org.apache.catalina.core.ApplicationContext.log Manager: start: Starting web application '/WiXDi_Web'
23-Nov-2024 17:51:37.238 INFO [http-nio-8080-exec-197] org.apache.catalina.core.ApplicationContext.log Manager: list: Listing contexts for virtual host 'localhost'
23-Nov-2024 17:51:37.240 INFO [http-nio-8080-exec-199] org.apache.catalina.core.ApplicationContext.log Manager: list: Listing contexts for virtual host 'localhost'
23-Nov-2024 17:51:37.244 INFO [http-nio-8080-exec-201] org.apache.catalina.core.ApplicationContext.log Manager: undeploy: Undeploying web application at '/WiXDi_Web'
23-Nov-2024 17:51:37.764 INFO [http-nio-8080-exec-197] org.apache.catalina.core.ApplicationContext.log Manager: install: Installing context configuration at 'file:/C:/Users/haloa/AppData/Local/Temp/context10999159546809486273.xml'
23-Nov-2024 17:51:38.717 INFO [http-nio-8080-exec-199] org.apache.catalina.core.ApplicationContext.log Manager: start: Starting web application '/WiXDi_Web'
23-Nov-2024 17:52:27.758 INFO [http-nio-8080-exec-204] org.apache.catalina.core.ApplicationContext.log Manager: list: Listing contexts for virtual host 'localhost'
23-Nov-2024 17:52:27.763 INFO [http-nio-8080-exec-205] org.apache.catalina.core.ApplicationContext.log Manager: undeploy: Undeploying web application at '/WiXDi_Web'
23-Nov-2024 17:52:46.549 INFO [http-nio-8080-exec-204] org.apache.catalina.core.ApplicationContext.log Manager: list: Listing contexts for virtual host 'localhost'
23-Nov-2024 17:52:46.551 INFO [http-nio-8080-exec-206] org.apache.catalina.core.ApplicationContext.log Manager: list: Listing contexts for virtual host 'localhost'
23-Nov-2024 17:52:46.558 INFO [http-nio-8080-exec-194] org.apache.catalina.core.ApplicationContext.log Manager: install: Installing context configuration at 'file:/C:/Users/haloa/AppData/Local/Temp/context1005645291916888321.xml'
23-Nov-2024 17:52:47.582 INFO [http-nio-8080-exec-205] org.apache.catalina.core.ApplicationContext.log Manager: start: Starting web application '/WiXDi_Web'
23-Nov-2024 18:33:59.289 INFO [http-nio-8080-exec-223] org.apache.catalina.core.ApplicationContext.log Manager: list: Listing contexts for virtual host 'localhost'
23-Nov-2024 18:33:59.293 INFO [http-nio-8080-exec-224] org.apache.catalina.core.ApplicationContext.log Manager: undeploy: Undeploying web application at '/WiXDi_Web'
23-Nov-2024 18:34:17.075 INFO [http-nio-8080-exec-218] org.apache.catalina.core.ApplicationContext.log Manager: list: Listing contexts for virtual host 'localhost'
23-Nov-2024 18:34:17.077 INFO [http-nio-8080-exec-219] org.apache.catalina.core.ApplicationContext.log Manager: list: Listing contexts for virtual host 'localhost'
23-Nov-2024 18:34:17.088 INFO [http-nio-8080-exec-223] org.apache.catalina.core.ApplicationContext.log Manager: install: Installing context configuration at 'file:/C:/Users/haloa/AppData/Local/Temp/context16627951574792625117.xml'
23-Nov-2024 18:34:18.356 INFO [http-nio-8080-exec-220] org.apache.catalina.core.ApplicationContext.log Manager: start: Starting web application '/WiXDi_Web'
23-Nov-2024 18:36:22.227 INFO [http-nio-8080-exec-234] org.apache.catalina.core.ApplicationContext.log Manager: list: Listing contexts for virtual host 'localhost'
23-Nov-2024 18:36:22.229 INFO [http-nio-8080-exec-235] org.apache.catalina.core.ApplicationContext.log Manager: undeploy: Undeploying web application at '/WiXDi_Web'
23-Nov-2024 18:36:32.709 INFO [http-nio-8080-exec-227] org.apache.catalina.core.ApplicationContext.log Manager: list: Listing contexts for virtual host 'localhost'
23-Nov-2024 18:36:32.710 INFO [http-nio-8080-exec-231] org.apache.catalina.core.ApplicationContext.log Manager: list: Listing contexts for virtual host 'localhost'
23-Nov-2024 18:36:32.719 INFO [http-nio-8080-exec-230] org.apache.catalina.core.ApplicationContext.log Manager: install: Installing context configuration at 'file:/C:/Users/haloa/AppData/Local/Temp/context3368971115309879368.xml'
23-Nov-2024 18:36:33.704 INFO [http-nio-8080-exec-233] org.apache.catalina.core.ApplicationContext.log Manager: start: Starting web application '/WiXDi_Web'
23-Nov-2024 18:39:07.136 INFO [http-nio-8080-exec-244] org.apache.catalina.core.ApplicationContext.log Manager: list: Listing contexts for virtual host 'localhost'
23-Nov-2024 18:39:07.140 INFO [http-nio-8080-exec-230] org.apache.catalina.core.ApplicationContext.log Manager: undeploy: Undeploying web application at '/WiXDi_Web'
23-Nov-2024 18:39:20.000 INFO [http-nio-8080-exec-239] org.apache.catalina.core.ApplicationContext.log Manager: list: Listing contexts for virtual host 'localhost'
23-Nov-2024 18:39:20.001 INFO [http-nio-8080-exec-240] org.apache.catalina.core.ApplicationContext.log Manager: list: Listing contexts for virtual host 'localhost'
23-Nov-2024 18:39:20.013 INFO [http-nio-8080-exec-241] org.apache.catalina.core.ApplicationContext.log Manager: install: Installing context configuration at 'file:/C:/Users/haloa/AppData/Local/Temp/context3245304346580849735.xml'
23-Nov-2024 18:39:21.054 INFO [http-nio-8080-exec-238] org.apache.catalina.core.ApplicationContext.log Manager: start: Starting web application '/WiXDi_Web'
23-Nov-2024 19:02:21.089 INFO [http-nio-8080-exec-248] org.apache.catalina.core.ApplicationContext.log Manager: list: Listing contexts for virtual host 'localhost'
23-Nov-2024 19:02:21.091 INFO [http-nio-8080-exec-253] org.apache.catalina.core.ApplicationContext.log Manager: list: Listing contexts for virtual host 'localhost'
23-Nov-2024 19:02:21.097 INFO [http-nio-8080-exec-247] org.apache.catalina.core.ApplicationContext.log Manager: undeploy: Undeploying web application at '/WiXDi_Web'
23-Nov-2024 19:02:21.629 INFO [http-nio-8080-exec-251] org.apache.catalina.core.ApplicationContext.log Manager: install: Installing context configuration at 'file:/C:/Users/haloa/AppData/Local/Temp/context12733838307638021685.xml'
23-Nov-2024 19:02:22.827 INFO [http-nio-8080-exec-248] org.apache.catalina.core.ApplicationContext.log Manager: start: Starting web application '/WiXDi_Web'
23-Nov-2024 19:27:31.472 INFO [http-nio-8080-exec-258] org.apache.catalina.core.ApplicationContext.log Manager: list: Listing contexts for virtual host 'localhost'
23-Nov-2024 19:27:31.473 INFO [http-nio-8080-exec-263] org.apache.catalina.core.ApplicationContext.log Manager: list: Listing contexts for virtual host 'localhost'
23-Nov-2024 19:27:31.479 INFO [http-nio-8080-exec-259] org.apache.catalina.core.ApplicationContext.log Manager: undeploy: Undeploying web application at '/WiXDi_Web'
23-Nov-2024 19:27:32.014 INFO [http-nio-8080-exec-257] org.apache.catalina.core.ApplicationContext.log Manager: install: Installing context configuration at 'file:/C:/Users/haloa/AppData/Local/Temp/context8155569174339336446.xml'
23-Nov-2024 19:27:33.192 INFO [http-nio-8080-exec-256] org.apache.catalina.core.ApplicationContext.log Manager: start: Starting web application '/WiXDi_Web'
23-Nov-2024 19:52:34.830 INFO [http-nio-8080-exec-272] org.apache.catalina.core.ApplicationContext.log Manager: list: Listing contexts for virtual host 'localhost'
23-Nov-2024 19:52:34.832 INFO [http-nio-8080-exec-273] org.apache.catalina.core.ApplicationContext.log Manager: list: Listing contexts for virtual host 'localhost'
23-Nov-2024 19:52:34.838 INFO [http-nio-8080-exec-274] org.apache.catalina.core.ApplicationContext.log Manager: undeploy: Undeploying web application at '/WiXDi_Web'
23-Nov-2024 19:52:35.365 INFO [http-nio-8080-exec-266] org.apache.catalina.core.ApplicationContext.log Manager: install: Installing context configuration at 'file:/C:/Users/haloa/AppData/Local/Temp/context15041859272041772659.xml'
23-Nov-2024 19:52:36.703 INFO [http-nio-8080-exec-268] org.apache.catalina.core.ApplicationContext.log Manager: start: Starting web application '/WiXDi_Web'
23-Nov-2024 20:25:27.431 INFO [http-nio-8080-exec-284] org.apache.catalina.core.ApplicationContext.log Manager: list: Listing contexts for virtual host 'localhost'
23-Nov-2024 20:25:27.434 INFO [http-nio-8080-exec-285] org.apache.catalina.core.ApplicationContext.log Manager: undeploy: Undeploying web application at '/WiXDi_Web'
23-Nov-2024 20:25:39.611 INFO [http-nio-8080-exec-278] org.apache.catalina.core.ApplicationContext.log Manager: list: Listing contexts for virtual host 'localhost'
23-Nov-2024 20:25:39.613 INFO [http-nio-8080-exec-281] org.apache.catalina.core.ApplicationContext.log Manager: list: Listing contexts for virtual host 'localhost'
23-Nov-2024 20:25:39.624 INFO [http-nio-8080-exec-280] org.apache.catalina.core.ApplicationContext.log Manager: install: Installing context configuration at 'file:/C:/Users/haloa/AppData/Local/Temp/context6833217934243013265.xml'
23-Nov-2024 20:25:40.887 INFO [http-nio-8080-exec-283] org.apache.catalina.core.ApplicationContext.log Manager: start: Starting web application '/WiXDi_Web'
23-Nov-2024 20:29:36.870 INFO [http-nio-8080-exec-293] org.apache.catalina.core.ApplicationContext.log Manager: list: Listing contexts for virtual host 'localhost'
23-Nov-2024 20:29:36.873 INFO [http-nio-8080-exec-294] org.apache.catalina.core.ApplicationContext.log Manager: undeploy: Undeploying web application at '/WiXDi_Web'
23-Nov-2024 20:29:47.707 INFO [http-nio-8080-exec-295] org.apache.catalina.core.ApplicationContext.log Manager: list: Listing contexts for virtual host 'localhost'
23-Nov-2024 20:29:47.708 INFO [http-nio-8080-exec-292] org.apache.catalina.core.ApplicationContext.log Manager: list: Listing contexts for virtual host 'localhost'
23-Nov-2024 20:29:47.716 INFO [http-nio-8080-exec-293] org.apache.catalina.core.ApplicationContext.log Manager: install: Installing context configuration at 'file:/C:/Users/haloa/AppData/Local/Temp/context11532997980112977273.xml'
23-Nov-2024 20:29:48.945 INFO [http-nio-8080-exec-296] org.apache.catalina.core.ApplicationContext.log Manager: start: Starting web application '/WiXDi_Web'
23-Nov-2024 21:07:00.335 INFO [http-nio-8080-exec-297] org.apache.catalina.core.ApplicationContext.log Manager: list: Listing contexts for virtual host 'localhost'
23-Nov-2024 21:07:00.338 INFO [http-nio-8080-exec-299] org.apache.catalina.core.ApplicationContext.log Manager: list: Listing contexts for virtual host 'localhost'
23-Nov-2024 21:07:00.343 INFO [http-nio-8080-exec-304] org.apache.catalina.core.ApplicationContext.log Manager: undeploy: Undeploying web application at '/WiXDi_Web'
23-Nov-2024 21:07:00.877 INFO [http-nio-8080-exec-301] org.apache.catalina.core.ApplicationContext.log Manager: install: Installing context configuration at 'file:/C:/Users/haloa/AppData/Local/Temp/context2996594090328614846.xml'
23-Nov-2024 21:07:02.199 INFO [http-nio-8080-exec-298] org.apache.catalina.core.ApplicationContext.log Manager: start: Starting web application '/WiXDi_Web'
23-Nov-2024 21:07:23.126 INFO [http-nio-8080-exec-296] org.apache.catalina.core.ApplicationContext.log Manager: list: Listing contexts for virtual host 'localhost'
23-Nov-2024 21:07:23.128 INFO [http-nio-8080-exec-303] org.apache.catalina.core.ApplicationContext.log Manager: list: Listing contexts for virtual host 'localhost'
23-Nov-2024 21:07:23.133 INFO [http-nio-8080-exec-300] org.apache.catalina.core.ApplicationContext.log Manager: undeploy: Undeploying web application at '/WiXDi_Web'
23-Nov-2024 21:07:23.651 INFO [http-nio-8080-exec-303] org.apache.catalina.core.ApplicationContext.log Manager: install: Installing context configuration at 'file:/C:/Users/haloa/AppData/Local/Temp/context15606800001397293275.xml'
23-Nov-2024 21:07:24.952 INFO [http-nio-8080-exec-298] org.apache.catalina.core.ApplicationContext.log Manager: start: Starting web application '/WiXDi_Web'
23-Nov-2024 21:09:57.970 INFO [http-nio-8080-exec-313] org.apache.catalina.core.ApplicationContext.log Manager: list: Listing contexts for virtual host 'localhost'
23-Nov-2024 21:09:57.972 INFO [http-nio-8080-exec-317] org.apache.catalina.core.ApplicationContext.log Manager: list: Listing contexts for virtual host 'localhost'
23-Nov-2024 21:09:57.975 INFO [http-nio-8080-exec-308] org.apache.catalina.core.ApplicationContext.log Manager: undeploy: Undeploying web application at '/WiXDi_Web'
23-Nov-2024 21:09:58.509 INFO [http-nio-8080-exec-309] org.apache.catalina.core.ApplicationContext.log Manager: install: Installing context configuration at 'file:/C:/Users/haloa/AppData/Local/Temp/context1313070737139276015.xml'
23-Nov-2024 21:09:59.802 INFO [http-nio-8080-exec-310] org.apache.catalina.core.ApplicationContext.log Manager: start: Starting web application '/WiXDi_Web'
23-Nov-2024 21:33:45.227 INFO [http-nio-8080-exec-322] org.apache.catalina.core.ApplicationContext.log Manager: list: Listing contexts for virtual host 'localhost'
23-Nov-2024 21:33:45.230 INFO [http-nio-8080-exec-325] org.apache.catalina.core.ApplicationContext.log Manager: list: Listing contexts for virtual host 'localhost'
23-Nov-2024 21:33:45.235 INFO [http-nio-8080-exec-326] org.apache.catalina.core.ApplicationContext.log Manager: undeploy: Undeploying web application at '/WiXDi_Web'
23-Nov-2024 21:33:45.758 INFO [http-nio-8080-exec-319] org.apache.catalina.core.ApplicationContext.log Manager: install: Installing context configuration at 'file:/C:/Users/haloa/AppData/Local/Temp/context16290031531030104272.xml'
23-Nov-2024 21:33:47.078 INFO [http-nio-8080-exec-322] org.apache.catalina.core.ApplicationContext.log Manager: start: Starting web application '/WiXDi_Web'
23-Nov-2024 21:43:55.658 INFO [http-nio-8080-exec-336] org.apache.catalina.core.ApplicationContext.log Manager: list: Listing contexts for virtual host 'localhost'
23-Nov-2024 21:43:55.661 INFO [http-nio-8080-exec-337] org.apache.catalina.core.ApplicationContext.log Manager: undeploy: Undeploying web application at '/WiXDi_Web'
23-Nov-2024 21:44:07.541 INFO [http-nio-8080-exec-334] org.apache.catalina.core.ApplicationContext.log Manager: list: Listing contexts for virtual host 'localhost'
23-Nov-2024 21:44:07.543 INFO [http-nio-8080-exec-328] org.apache.catalina.core.ApplicationContext.log Manager: list: Listing contexts for virtual host 'localhost'
23-Nov-2024 21:44:07.557 INFO [http-nio-8080-exec-330] org.apache.catalina.core.ApplicationContext.log Manager: install: Installing context configuration at 'file:/C:/Users/haloa/AppData/Local/Temp/context8604964609372926655.xml'
23-Nov-2024 21:44:08.894 INFO [http-nio-8080-exec-338] org.apache.catalina.core.ApplicationContext.log Manager: start: Starting web application '/WiXDi_Web'
23-Nov-2024 21:46:43.129 INFO [http-nio-8080-exec-343] org.apache.catalina.core.ApplicationContext.log Manager: list: Listing contexts for virtual host 'localhost'
23-Nov-2024 21:46:43.131 INFO [http-nio-8080-exec-344] org.apache.catalina.core.ApplicationContext.log Manager: list: Listing contexts for virtual host 'localhost'
23-Nov-2024 21:46:43.136 INFO [http-nio-8080-exec-347] org.apache.catalina.core.ApplicationContext.log Manager: undeploy: Undeploying web application at '/WiXDi_Web'
23-Nov-2024 21:46:43.658 INFO [http-nio-8080-exec-342] org.apache.catalina.core.ApplicationContext.log Manager: install: Installing context configuration at 'file:/C:/Users/haloa/AppData/Local/Temp/context1274948662612848744.xml'
23-Nov-2024 21:46:44.940 INFO [http-nio-8080-exec-338] org.apache.catalina.core.ApplicationContext.log Manager: start: Starting web application '/WiXDi_Web'
23-Nov-2024 21:50:10.943 INFO [http-nio-8080-exec-356] org.apache.catalina.core.ApplicationContext.log Manager: list: Listing contexts for virtual host 'localhost'
23-Nov-2024 21:50:10.948 INFO [http-nio-8080-exec-357] org.apache.catalina.core.ApplicationContext.log Manager: undeploy: Undeploying web application at '/WiXDi_Web'
23-Nov-2024 21:50:34.009 INFO [http-nio-8080-exec-348] org.apache.catalina.core.ApplicationContext.log Manager: list: Listing contexts for virtual host 'localhost'
23-Nov-2024 21:50:34.010 INFO [http-nio-8080-exec-350] org.apache.catalina.core.ApplicationContext.log Manager: list: Listing contexts for virtual host 'localhost'
23-Nov-2024 21:50:34.019 INFO [http-nio-8080-exec-358] org.apache.catalina.core.ApplicationContext.log Manager: install: Installing context configuration at 'file:/C:/Users/haloa/AppData/Local/Temp/context962599076934396569.xml'
23-Nov-2024 21:50:35.301 INFO [http-nio-8080-exec-359] org.apache.catalina.core.ApplicationContext.log Manager: start: Starting web application '/WiXDi_Web'
23-Nov-2024 21:56:38.683 INFO [http-nio-8080-exec-365] org.apache.catalina.core.ApplicationContext.log Manager: list: Listing contexts for virtual host 'localhost'
23-Nov-2024 21:56:38.687 INFO [http-nio-8080-exec-366] org.apache.catalina.core.ApplicationContext.log Manager: undeploy: Undeploying web application at '/WiXDi_Web'
23-Nov-2024 21:56:54.954 INFO [http-nio-8080-exec-359] org.apache.catalina.core.ApplicationContext.log Manager: list: Listing contexts for virtual host 'localhost'
23-Nov-2024 21:56:54.956 INFO [http-nio-8080-exec-362] org.apache.catalina.core.ApplicationContext.log Manager: list: Listing contexts for virtual host 'localhost'
23-Nov-2024 21:56:54.964 INFO [http-nio-8080-exec-361] org.apache.catalina.core.ApplicationContext.log Manager: install: Installing context configuration at 'file:/C:/Users/haloa/AppData/Local/Temp/context13497606756835648906.xml'
23-Nov-2024 21:56:56.220 INFO [http-nio-8080-exec-367] org.apache.catalina.core.ApplicationContext.log Manager: start: Starting web application '/WiXDi_Web'
23-Nov-2024 22:00:07.179 INFO [http-nio-8080-exec-375] org.apache.catalina.core.ApplicationContext.log Manager: list: Listing contexts for virtual host 'localhost'
23-Nov-2024 22:00:07.182 INFO [http-nio-8080-exec-376] org.apache.catalina.core.ApplicationContext.log Manager: undeploy: Undeploying web application at '/WiXDi_Web'
23-Nov-2024 22:00:38.747 INFO [http-nio-8080-exec-369] org.apache.catalina.core.ApplicationContext.log Manager: list: Listing contexts for virtual host 'localhost'
23-Nov-2024 22:00:38.749 INFO [http-nio-8080-exec-371] org.apache.catalina.core.ApplicationContext.log Manager: list: Listing contexts for virtual host 'localhost'
23-Nov-2024 22:00:38.758 INFO [http-nio-8080-exec-378] org.apache.catalina.core.ApplicationContext.log Manager: install: Installing context configuration at 'file:/C:/Users/haloa/AppData/Local/Temp/context6073094953398285582.xml'
23-Nov-2024 22:00:40.011 INFO [http-nio-8080-exec-379] org.apache.catalina.core.ApplicationContext.log Manager: start: Starting web application '/WiXDi_Web'
23-Nov-2024 22:01:39.471 INFO [http-nio-8080-exec-369] org.apache.catalina.core.ApplicationContext.log Manager: list: Listing contexts for virtual host 'localhost'
23-Nov-2024 22:01:39.473 INFO [http-nio-8080-exec-383] org.apache.catalina.core.ApplicationContext.log Manager: list: Listing contexts for virtual host 'localhost'
23-Nov-2024 22:01:39.476 INFO [http-nio-8080-exec-384] org.apache.catalina.core.ApplicationContext.log Manager: undeploy: Undeploying web application at '/WiXDi_Web'
23-Nov-2024 22:01:40.008 INFO [http-nio-8080-exec-380] org.apache.catalina.core.ApplicationContext.log Manager: install: Installing context configuration at 'file:/C:/Users/haloa/AppData/Local/Temp/context16766281373250012360.xml'
23-Nov-2024 22:01:41.308 INFO [http-nio-8080-exec-379] org.apache.catalina.core.ApplicationContext.log Manager: start: Starting web application '/WiXDi_Web'
23-Nov-2024 22:03:49.184 INFO [http-nio-8080-exec-394] org.apache.catalina.core.ApplicationContext.log Manager: list: Listing contexts for virtual host 'localhost'
23-Nov-2024 22:03:49.187 INFO [http-nio-8080-exec-369] org.apache.catalina.core.ApplicationContext.log Manager: undeploy: Undeploying web application at '/WiXDi_Web'
23-Nov-2024 22:04:01.614 INFO [http-nio-8080-exec-391] org.apache.catalina.core.ApplicationContext.log Manager: list: Listing contexts for virtual host 'localhost'
23-Nov-2024 22:04:01.616 INFO [http-nio-8080-exec-390] org.apache.catalina.core.ApplicationContext.log Manager: list: Listing contexts for virtual host 'localhost'
23-Nov-2024 22:04:01.628 INFO [http-nio-8080-exec-388] org.apache.catalina.core.ApplicationContext.log Manager: install: Installing context configuration at 'file:/C:/Users/haloa/AppData/Local/Temp/context16718787572687456749.xml'
23-Nov-2024 22:04:02.901 INFO [http-nio-8080-exec-395] org.apache.catalina.core.ApplicationContext.log Manager: start: Starting web application '/WiXDi_Web'
23-Nov-2024 22:09:32.627 INFO [http-nio-8080-exec-400] org.apache.catalina.core.ApplicationContext.log Manager: list: Listing contexts for virtual host 'localhost'
23-Nov-2024 22:09:32.629 INFO [http-nio-8080-exec-401] org.apache.catalina.core.ApplicationContext.log Manager: list: Listing contexts for virtual host 'localhost'
23-Nov-2024 22:09:32.634 INFO [http-nio-8080-exec-402] org.apache.catalina.core.ApplicationContext.log Manager: undeploy: Undeploying web application at '/WiXDi_Web'
23-Nov-2024 22:09:33.160 INFO [http-nio-8080-exec-397] org.apache.catalina.core.ApplicationContext.log Manager: install: Installing context configuration at 'file:/C:/Users/haloa/AppData/Local/Temp/context10931767733303551260.xml'
23-Nov-2024 22:09:34.426 INFO [http-nio-8080-exec-404] org.apache.catalina.core.ApplicationContext.log Manager: start: Starting web application '/WiXDi_Web'
23-Nov-2024 22:17:18.025 INFO [http-nio-8080-exec-413] org.apache.catalina.core.ApplicationContext.log Manager: list: Listing contexts for virtual host 'localhost'
23-Nov-2024 22:17:18.028 INFO [http-nio-8080-exec-414] org.apache.catalina.core.ApplicationContext.log Manager: undeploy: Undeploying web application at '/WiXDi_Web'
23-Nov-2024 22:18:09.905 INFO [http-nio-8080-exec-409] org.apache.catalina.core.ApplicationContext.log Manager: list: Listing contexts for virtual host 'localhost'
23-Nov-2024 22:18:09.907 INFO [http-nio-8080-exec-412] org.apache.catalina.core.ApplicationContext.log Manager: list: Listing contexts for virtual host 'localhost'
23-Nov-2024 22:18:09.917 INFO [http-nio-8080-exec-415] org.apache.catalina.core.ApplicationContext.log Manager: install: Installing context configuration at 'file:/C:/Users/haloa/AppData/Local/Temp/context11508292326392733284.xml'
23-Nov-2024 22:18:11.189 INFO [http-nio-8080-exec-416] org.apache.catalina.core.ApplicationContext.log Manager: start: Starting web application '/WiXDi_Web'
23-Nov-2024 22:49:02.663 INFO [http-nio-8080-exec-422] org.apache.catalina.core.ApplicationContext.log Manager: list: Listing contexts for virtual host 'localhost'
23-Nov-2024 22:49:02.665 INFO [http-nio-8080-exec-426] org.apache.catalina.core.ApplicationContext.log Manager: undeploy: Undeploying web application at '/WiXDi_Web'
23-Nov-2024 22:49:14.252 INFO [http-nio-8080-exec-422] org.apache.catalina.core.ApplicationContext.log Manager: list: Listing contexts for virtual host 'localhost'
23-Nov-2024 22:49:14.253 INFO [http-nio-8080-exec-419] org.apache.catalina.core.ApplicationContext.log Manager: list: Listing contexts for virtual host 'localhost'
23-Nov-2024 22:49:14.261 INFO [http-nio-8080-exec-425] org.apache.catalina.core.ApplicationContext.log Manager: install: Installing context configuration at 'file:/C:/Users/haloa/AppData/Local/Temp/context10393362477573870034.xml'
23-Nov-2024 22:49:15.532 INFO [http-nio-8080-exec-426] org.apache.catalina.core.ApplicationContext.log Manager: start: Starting web application '/WiXDi_Web'
23-Nov-2024 22:51:30.843 INFO [http-nio-8080-exec-436] org.apache.catalina.core.ApplicationContext.log Manager: list: Listing contexts for virtual host 'localhost'
23-Nov-2024 22:51:30.847 INFO [http-nio-8080-exec-437] org.apache.catalina.core.ApplicationContext.log Manager: undeploy: Undeploying web application at '/WiXDi_Web'
23-Nov-2024 22:51:44.222 INFO [http-nio-8080-exec-433] org.apache.catalina.core.ApplicationContext.log Manager: list: Listing contexts for virtual host 'localhost'
23-Nov-2024 22:51:44.222 INFO [http-nio-8080-exec-430] org.apache.catalina.core.ApplicationContext.log Manager: list: Listing contexts for virtual host 'localhost'
23-Nov-2024 22:51:44.231 INFO [http-nio-8080-exec-435] org.apache.catalina.core.ApplicationContext.log Manager: install: Installing context configuration at 'file:/C:/Users/haloa/AppData/Local/Temp/context6027081843121905768.xml'
23-Nov-2024 22:51:45.484 INFO [http-nio-8080-exec-438] org.apache.catalina.core.ApplicationContext.log Manager: start: Starting web application '/WiXDi_Web'
23-Nov-2024 22:52:53.802 INFO [http-nio-8080-exec-444] org.apache.catalina.core.ApplicationContext.log Manager: list: Listing contexts for virtual host 'localhost'
23-Nov-2024 22:52:53.803 INFO [http-nio-8080-exec-445] org.apache.catalina.core.ApplicationContext.log Manager: list: Listing contexts for virtual host 'localhost'
23-Nov-2024 22:52:53.807 INFO [http-nio-8080-exec-446] org.apache.catalina.core.ApplicationContext.log Manager: undeploy: Undeploying web application at '/WiXDi_Web'
23-Nov-2024 22:52:54.338 INFO [http-nio-8080-exec-439] org.apache.catalina.core.ApplicationContext.log Manager: install: Installing context configuration at 'file:/C:/Users/haloa/AppData/Local/Temp/context15278048166589770523.xml'
23-Nov-2024 22:52:55.662 INFO [http-nio-8080-exec-441] org.apache.catalina.core.ApplicationContext.log Manager: start: Starting web application '/WiXDi_Web'
23-Nov-2024 22:55:24.370 INFO [http-nio-8080-exec-451] org.apache.catalina.core.ApplicationContext.log Manager: list: Listing contexts for virtual host 'localhost'
23-Nov-2024 22:55:24.372 INFO [http-nio-8080-exec-453] org.apache.catalina.core.ApplicationContext.log Manager: list: Listing contexts for virtual host 'localhost'
23-Nov-2024 22:55:24.376 INFO [http-nio-8080-exec-454] org.apache.catalina.core.ApplicationContext.log Manager: undeploy: Undeploying web application at '/WiXDi_Web'
23-Nov-2024 22:55:24.902 INFO [http-nio-8080-exec-456] org.apache.catalina.core.ApplicationContext.log Manager: install: Installing context configuration at 'file:/C:/Users/haloa/AppData/Local/Temp/context6700864635467140646.xml'
23-Nov-2024 22:55:26.191 INFO [http-nio-8080-exec-451] org.apache.catalina.core.ApplicationContext.log Manager: start: Starting web application '/WiXDi_Web'
23-Nov-2024 22:56:35.571 INFO [http-nio-8080-exec-450] org.apache.catalina.core.ApplicationContext.log Manager: list: Listing contexts for virtual host 'localhost'
23-Nov-2024 22:56:35.573 INFO [http-nio-8080-exec-463] org.apache.catalina.core.ApplicationContext.log Manager: undeploy: Undeploying web application at '/WiXDi_Web'
23-Nov-2024 22:56:46.176 INFO [http-nio-8080-exec-450] org.apache.catalina.core.ApplicationContext.log Manager: list: Listing contexts for virtual host 'localhost'
23-Nov-2024 22:56:46.178 INFO [http-nio-8080-exec-462] org.apache.catalina.core.ApplicationContext.log Manager: list: Listing contexts for virtual host 'localhost'
23-Nov-2024 22:56:46.188 INFO [http-nio-8080-exec-457] org.apache.catalina.core.ApplicationContext.log Manager: install: Installing context configuration at 'file:/C:/Users/haloa/AppData/Local/Temp/context3637599352545104.xml'
23-Nov-2024 22:56:47.430 INFO [http-nio-8080-exec-461] org.apache.catalina.core.ApplicationContext.log Manager: start: Starting web application '/WiXDi_Web'
23-Nov-2024 22:58:24.083 INFO [http-nio-8080-exec-471] org.apache.catalina.core.ApplicationContext.log Manager: list: Listing contexts for virtual host 'localhost'
23-Nov-2024 22:58:24.085 INFO [http-nio-8080-exec-473] org.apache.catalina.core.ApplicationContext.log Manager: list: Listing contexts for virtual host 'localhost'
23-Nov-2024 22:58:24.089 INFO [http-nio-8080-exec-447] org.apache.catalina.core.ApplicationContext.log Manager: undeploy: Undeploying web application at '/WiXDi_Web'
23-Nov-2024 22:58:24.613 INFO [http-nio-8080-exec-468] org.apache.catalina.core.ApplicationContext.log Manager: install: Installing context configuration at 'file:/C:/Users/haloa/AppData/Local/Temp/context6540383522389103778.xml'
23-Nov-2024 22:58:25.892 INFO [http-nio-8080-exec-472] org.apache.catalina.core.ApplicationContext.log Manager: start: Starting web application '/WiXDi_Web'
23-Nov-2024 23:03:28.410 INFO [http-nio-8080-exec-482] org.apache.catalina.core.ApplicationContext.log Manager: list: Listing contexts for virtual host 'localhost'
23-Nov-2024 23:03:28.413 INFO [http-nio-8080-exec-483] org.apache.catalina.core.ApplicationContext.log Manager: undeploy: Undeploying web application at '/WiXDi_Web'
23-Nov-2024 23:03:40.669 INFO [http-nio-8080-exec-482] org.apache.catalina.core.ApplicationContext.log Manager: list: Listing contexts for virtual host 'localhost'
23-Nov-2024 23:03:40.671 INFO [http-nio-8080-exec-478] org.apache.catalina.core.ApplicationContext.log Manager: list: Listing contexts for virtual host 'localhost'
23-Nov-2024 23:03:40.679 INFO [http-nio-8080-exec-480] org.apache.catalina.core.ApplicationContext.log Manager: install: Installing context configuration at 'file:/C:/Users/haloa/AppData/Local/Temp/context4016088628097109293.xml'
23-Nov-2024 23:03:41.948 INFO [http-nio-8080-exec-477] org.apache.catalina.core.ApplicationContext.log Manager: start: Starting web application '/WiXDi_Web'
23-Nov-2024 23:06:13.383 INFO [http-nio-8080-exec-485] org.apache.catalina.core.ApplicationContext.log Manager: list: Listing contexts for virtual host 'localhost'
23-Nov-2024 23:06:13.386 INFO [http-nio-8080-exec-484] org.apache.catalina.core.ApplicationContext.log Manager: undeploy: Undeploying web application at '/WiXDi_Web'
23-Nov-2024 23:06:26.818 INFO [http-nio-8080-exec-485] org.apache.catalina.core.ApplicationContext.log Manager: list: Listing contexts for virtual host 'localhost'
23-Nov-2024 23:06:26.820 INFO [http-nio-8080-exec-488] org.apache.catalina.core.ApplicationContext.log Manager: list: Listing contexts for virtual host 'localhost'
23-Nov-2024 23:06:26.828 INFO [http-nio-8080-exec-493] org.apache.catalina.core.ApplicationContext.log Manager: install: Installing context configuration at 'file:/C:/Users/haloa/AppData/Local/Temp/context6411728434203375113.xml'
23-Nov-2024 23:06:28.091 INFO [http-nio-8080-exec-494] org.apache.catalina.core.ApplicationContext.log Manager: start: Starting web application '/WiXDi_Web'
23-Nov-2024 23:08:13.201 INFO [http-nio-8080-exec-499] org.apache.catalina.core.ApplicationContext.log Manager: list: Listing contexts for virtual host 'localhost'
23-Nov-2024 23:08:13.202 INFO [http-nio-8080-exec-500] org.apache.catalina.core.ApplicationContext.log Manager: list: Listing contexts for virtual host 'localhost'
23-Nov-2024 23:08:13.205 INFO [http-nio-8080-exec-501] org.apache.catalina.core.ApplicationContext.log Manager: undeploy: Undeploying web application at '/WiXDi_Web'
23-Nov-2024 23:08:13.734 INFO [http-nio-8080-exec-500] org.apache.catalina.core.ApplicationContext.log Manager: install: Installing context configuration at 'file:/C:/Users/haloa/AppData/Local/Temp/context4307690560733099346.xml'
23-Nov-2024 23:08:15.055 INFO [http-nio-8080-exec-502] org.apache.catalina.core.ApplicationContext.log Manager: start: Starting web application '/WiXDi_Web'
23-Nov-2024 23:09:58.165 INFO [http-nio-8080-exec-510] org.apache.catalina.core.ApplicationContext.log Manager: list: Listing contexts for virtual host 'localhost'
23-Nov-2024 23:09:58.168 INFO [http-nio-8080-exec-511] org.apache.catalina.core.ApplicationContext.log Manager: undeploy: Undeploying web application at '/WiXDi_Web'
23-Nov-2024 23:10:09.793 INFO [http-nio-8080-exec-506] org.apache.catalina.core.ApplicationContext.log Manager: list: Listing contexts for virtual host 'localhost'
23-Nov-2024 23:10:09.795 INFO [http-nio-8080-exec-507] org.apache.catalina.core.ApplicationContext.log Manager: list: Listing contexts for virtual host 'localhost'
23-Nov-2024 23:10:09.803 INFO [http-nio-8080-exec-505] org.apache.catalina.core.ApplicationContext.log Manager: install: Installing context configuration at 'file:/C:/Users/haloa/AppData/Local/Temp/context2444291051241531017.xml'
23-Nov-2024 23:10:11.076 INFO [http-nio-8080-exec-511] org.apache.catalina.core.ApplicationContext.log Manager: start: Starting web application '/WiXDi_Web'
23-Nov-2024 23:11:38.169 INFO [http-nio-8080-exec-518] org.apache.catalina.core.ApplicationContext.log Manager: list: Listing contexts for virtual host 'localhost'
23-Nov-2024 23:11:38.171 INFO [http-nio-8080-exec-522] org.apache.catalina.core.ApplicationContext.log Manager: list: Listing contexts for virtual host 'localhost'
23-Nov-2024 23:11:38.174 INFO [http-nio-8080-exec-520] org.apache.catalina.core.ApplicationContext.log Manager: undeploy: Undeploying web application at '/WiXDi_Web'
23-Nov-2024 23:11:38.703 INFO [http-nio-8080-exec-521] org.apache.catalina.core.ApplicationContext.log Manager: install: Installing context configuration at 'file:/C:/Users/haloa/AppData/Local/Temp/context14958604866501521195.xml'
23-Nov-2024 23:11:40.102 INFO [http-nio-8080-exec-517] org.apache.catalina.core.ApplicationContext.log Manager: start: Starting web application '/WiXDi_Web'
23-Nov-2024 23:12:23.401 INFO [http-nio-8080-exec-519] org.apache.catalina.core.ApplicationContext.log Manager: list: Listing contexts for virtual host 'localhost'
23-Nov-2024 23:12:23.402 INFO [http-nio-8080-exec-518] org.apache.catalina.core.ApplicationContext.log Manager: list: Listing contexts for virtual host 'localhost'
23-Nov-2024 23:12:23.405 INFO [http-nio-8080-exec-525] org.apache.catalina.core.ApplicationContext.log Manager: undeploy: Undeploying web application at '/WiXDi_Web'
23-Nov-2024 23:12:23.935 INFO [http-nio-8080-exec-519] org.apache.catalina.core.ApplicationContext.log Manager: install: Installing context configuration at 'file:/C:/Users/haloa/AppData/Local/Temp/context9615207636509491496.xml'
23-Nov-2024 23:12:25.236 INFO [http-nio-8080-exec-526] org.apache.catalina.core.ApplicationContext.log Manager: start: Starting web application '/WiXDi_Web'
23-Nov-2024 23:17:41.038 INFO [http-nio-8080-exec-534] org.apache.catalina.core.ApplicationContext.log Manager: list: Listing contexts for virtual host 'localhost'
23-Nov-2024 23:17:41.040 INFO [http-nio-8080-exec-535] org.apache.catalina.core.ApplicationContext.log Manager: list: Listing contexts for virtual host 'localhost'
23-Nov-2024 23:17:41.043 INFO [http-nio-8080-exec-536] org.apache.catalina.core.ApplicationContext.log Manager: undeploy: Undeploying web application at '/WiXDi_Web'
23-Nov-2024 23:17:41.571 INFO [http-nio-8080-exec-528] org.apache.catalina.core.ApplicationContext.log Manager: install: Installing context configuration at 'file:/C:/Users/haloa/AppData/Local/Temp/context8397998156198641525.xml'
23-Nov-2024 23:17:42.850 INFO [http-nio-8080-exec-532] org.apache.catalina.core.ApplicationContext.log Manager: start: Starting web application '/WiXDi_Web'
23-Nov-2024 23:18:38.040 INFO [http-nio-8080-exec-538] org.apache.catalina.core.ApplicationContext.log Manager: list: Listing contexts for virtual host 'localhost'
23-Nov-2024 23:18:38.042 INFO [http-nio-8080-exec-531] org.apache.catalina.core.ApplicationContext.log Manager: list: Listing contexts for virtual host 'localhost'
23-Nov-2024 23:18:38.045 INFO [http-nio-8080-exec-544] org.apache.catalina.core.ApplicationContext.log Manager: undeploy: Undeploying web application at '/WiXDi_Web'
23-Nov-2024 23:18:38.567 INFO [http-nio-8080-exec-539] org.apache.catalina.core.ApplicationContext.log Manager: install: Installing context configuration at 'file:/C:/Users/haloa/AppData/Local/Temp/context17043542209284399385.xml'
23-Nov-2024 23:18:39.867 INFO [http-nio-8080-exec-542] org.apache.catalina.core.ApplicationContext.log Manager: start: Starting web application '/WiXDi_Web'
23-Nov-2024 23:23:10.683 INFO [http-nio-8080-exec-552] org.apache.catalina.core.ApplicationContext.log Manager: list: Listing contexts for virtual host 'localhost'
23-Nov-2024 23:23:10.684 INFO [http-nio-8080-exec-553] org.apache.catalina.core.ApplicationContext.log Manager: list: Listing contexts for virtual host 'localhost'
23-Nov-2024 23:23:10.688 INFO [http-nio-8080-exec-554] org.apache.catalina.core.ApplicationContext.log Manager: undeploy: Undeploying web application at '/WiXDi_Web'
23-Nov-2024 23:23:11.211 INFO [http-nio-8080-exec-547] org.apache.catalina.core.ApplicationContext.log Manager: install: Installing context configuration at 'file:/C:/Users/haloa/AppData/Local/Temp/context9578716504708137610.xml'
23-Nov-2024 23:23:12.591 INFO [http-nio-8080-exec-549] org.apache.catalina.core.ApplicationContext.log Manager: start: Starting web application '/WiXDi_Web'
23-Nov-2024 23:24:05.242 INFO [http-nio-8080-exec-559] org.apache.catalina.core.ApplicationContext.log Manager: list: Listing contexts for virtual host 'localhost'
23-Nov-2024 23:24:05.243 INFO [http-nio-8080-exec-553] org.apache.catalina.core.ApplicationContext.log Manager: list: Listing contexts for virtual host 'localhost'
23-Nov-2024 23:24:05.247 INFO [http-nio-8080-exec-561] org.apache.catalina.core.ApplicationContext.log Manager: undeploy: Undeploying web application at '/WiXDi_Web'
23-Nov-2024 23:24:05.777 INFO [http-nio-8080-exec-558] org.apache.catalina.core.ApplicationContext.log Manager: install: Installing context configuration at 'file:/C:/Users/haloa/AppData/Local/Temp/context14505213064557130805.xml'
23-Nov-2024 23:24:07.035 INFO [http-nio-8080-exec-557] org.apache.catalina.core.ApplicationContext.log Manager: start: Starting web application '/WiXDi_Web'
23-Nov-2024 23:31:55.677 INFO [http-nio-8080-exec-567] org.apache.catalina.core.ApplicationContext.log Manager: list: Listing contexts for virtual host 'localhost'
23-Nov-2024 23:31:55.679 INFO [http-nio-8080-exec-569] org.apache.catalina.core.ApplicationContext.log Manager: list: Listing contexts for virtual host 'localhost'
23-Nov-2024 23:31:55.682 INFO [http-nio-8080-exec-571] org.apache.catalina.core.ApplicationContext.log Manager: undeploy: Undeploying web application at '/WiXDi_Web'
23-Nov-2024 23:31:56.205 INFO [http-nio-8080-exec-568] org.apache.catalina.core.ApplicationContext.log Manager: install: Installing context configuration at 'file:/C:/Users/haloa/AppData/Local/Temp/context13729734299510013020.xml'
23-Nov-2024 23:31:57.652 INFO [http-nio-8080-exec-569] org.apache.catalina.core.ApplicationContext.log Manager: start: Starting web application '/WiXDi_Web'
23-Nov-2024 23:32:56.170 INFO [http-nio-8080-exec-575] org.apache.catalina.core.ApplicationContext.log Manager: list: Listing contexts for virtual host 'localhost'
23-Nov-2024 23:32:56.172 INFO [http-nio-8080-exec-573] org.apache.catalina.core.ApplicationContext.log Manager: list: Listing contexts for virtual host 'localhost'
23-Nov-2024 23:32:56.175 INFO [http-nio-8080-exec-574] org.apache.catalina.core.ApplicationContext.log Manager: undeploy: Undeploying web application at '/WiXDi_Web'
23-Nov-2024 23:32:56.707 INFO [http-nio-8080-exec-573] org.apache.catalina.core.ApplicationContext.log Manager: install: Installing context configuration at 'file:/C:/Users/haloa/AppData/Local/Temp/context3713261165334273520.xml'
23-Nov-2024 23:32:58.024 INFO [http-nio-8080-exec-576] org.apache.catalina.core.ApplicationContext.log Manager: start: Starting web application '/WiXDi_Web'
23-Nov-2024 23:33:58.081 INFO [http-nio-8080-exec-575] org.apache.catalina.core.ApplicationContext.log Manager: list: Listing contexts for virtual host 'localhost'
23-Nov-2024 23:33:58.082 INFO [http-nio-8080-exec-582] org.apache.catalina.core.ApplicationContext.log Manager: list: Listing contexts for virtual host 'localhost'
23-Nov-2024 23:33:58.087 INFO [http-nio-8080-exec-583] org.apache.catalina.core.ApplicationContext.log Manager: undeploy: Undeploying web application at '/WiXDi_Web'
23-Nov-2024 23:33:58.609 INFO [http-nio-8080-exec-582] org.apache.catalina.core.ApplicationContext.log Manager: install: Installing context configuration at 'file:/C:/Users/haloa/AppData/Local/Temp/context3129468322856570183.xml'
23-Nov-2024 23:33:59.896 INFO [http-nio-8080-exec-581] org.apache.catalina.core.ApplicationContext.log Manager: start: Starting web application '/WiXDi_Web'
23-Nov-2024 23:34:55.581 INFO [http-nio-8080-exec-589] org.apache.catalina.core.ApplicationContext.log Manager: list: Listing contexts for virtual host 'localhost'
23-Nov-2024 23:34:55.582 INFO [http-nio-8080-exec-583] org.apache.catalina.core.ApplicationContext.log Manager: list: Listing contexts for virtual host 'localhost'
23-Nov-2024 23:34:55.586 INFO [http-nio-8080-exec-586] org.apache.catalina.core.ApplicationContext.log Manager: undeploy: Undeploying web application at '/WiXDi_Web'
23-Nov-2024 23:34:56.113 INFO [http-nio-8080-exec-585] org.apache.catalina.core.ApplicationContext.log Manager: install: Installing context configuration at 'file:/C:/Users/haloa/AppData/Local/Temp/context8347426957953949072.xml'
23-Nov-2024 23:34:57.392 INFO [http-nio-8080-exec-590] org.apache.catalina.core.ApplicationContext.log Manager: start: Starting web application '/WiXDi_Web'
23-Nov-2024 23:40:09.498 INFO [http-nio-8080-exec-598] org.apache.catalina.core.ApplicationContext.log Manager: list: Listing contexts for virtual host 'localhost'
23-Nov-2024 23:40:09.500 INFO [http-nio-8080-exec-599] org.apache.catalina.core.ApplicationContext.log Manager: undeploy: Undeploying web application at '/WiXDi_Web'
23-Nov-2024 23:40:20.408 INFO [http-nio-8080-exec-594] org.apache.catalina.core.ApplicationContext.log Manager: list: Listing contexts for virtual host 'localhost'
23-Nov-2024 23:40:20.408 INFO [http-nio-8080-exec-596] org.apache.catalina.core.ApplicationContext.log Manager: list: Listing contexts for virtual host 'localhost'
23-Nov-2024 23:40:20.421 INFO [http-nio-8080-exec-591] org.apache.catalina.core.ApplicationContext.log Manager: install: Installing context configuration at 'file:/C:/Users/haloa/AppData/Local/Temp/context11340637060294963663.xml'
23-Nov-2024 23:40:21.719 INFO [http-nio-8080-exec-601] org.apache.catalina.core.ApplicationContext.log Manager: start: Starting web application '/WiXDi_Web'
23-Nov-2024 23:42:03.123 INFO [http-nio-8080-exec-607] org.apache.catalina.core.ApplicationContext.log Manager: list: Listing contexts for virtual host 'localhost'
23-Nov-2024 23:42:03.124 INFO [http-nio-8080-exec-608] org.apache.catalina.core.ApplicationContext.log Manager: list: Listing contexts for virtual host 'localhost'
23-Nov-2024 23:42:03.127 INFO [http-nio-8080-exec-610] org.apache.catalina.core.ApplicationContext.log Manager: undeploy: Undeploying web application at '/WiXDi_Web'
23-Nov-2024 23:42:03.655 INFO [http-nio-8080-exec-605] org.apache.catalina.core.ApplicationContext.log Manager: install: Installing context configuration at 'file:/C:/Users/haloa/AppData/Local/Temp/context3830309948733792105.xml'
23-Nov-2024 23:42:04.926 INFO [http-nio-8080-exec-602] org.apache.catalina.core.ApplicationContext.log Manager: start: Starting web application '/WiXDi_Web'
23-Nov-2024 23:44:30.791 INFO [http-nio-8080-exec-617] org.apache.catalina.core.ApplicationContext.log Manager: list: Listing contexts for virtual host 'localhost'
23-Nov-2024 23:44:30.792 INFO [http-nio-8080-exec-618] org.apache.catalina.core.ApplicationContext.log Manager: list: Listing contexts for virtual host 'localhost'
23-Nov-2024 23:44:30.796 INFO [http-nio-8080-exec-620] org.apache.catalina.core.ApplicationContext.log Manager: undeploy: Undeploying web application at '/WiXDi_Web'
23-Nov-2024 23:44:31.320 INFO [http-nio-8080-exec-611] org.apache.catalina.core.ApplicationContext.log Manager: install: Installing context configuration at 'file:/C:/Users/haloa/AppData/Local/Temp/context13481130189880449312.xml'
23-Nov-2024 23:44:32.608 INFO [http-nio-8080-exec-617] org.apache.catalina.core.ApplicationContext.log Manager: start: Starting web application '/WiXDi_Web'
23-Nov-2024 23:45:17.515 INFO [http-nio-8080-exec-614] org.apache.catalina.core.ApplicationContext.log Manager: list: Listing contexts for virtual host 'localhost'
23-Nov-2024 23:45:17.517 INFO [http-nio-8080-exec-619] org.apache.catalina.core.ApplicationContext.log Manager: list: Listing contexts for virtual host 'localhost'
23-Nov-2024 23:45:17.520 INFO [http-nio-8080-exec-623] org.apache.catalina.core.ApplicationContext.log Manager: undeploy: Undeploying web application at '/WiXDi_Web'
23-Nov-2024 23:45:18.050 INFO [http-nio-8080-exec-621] org.apache.catalina.core.ApplicationContext.log Manager: install: Installing context configuration at 'file:/C:/Users/haloa/AppData/Local/Temp/context7080108085614317222.xml'
23-Nov-2024 23:45:19.341 INFO [http-nio-8080-exec-614] org.apache.catalina.core.ApplicationContext.log Manager: start: Starting web application '/WiXDi_Web'
23-Nov-2024 23:49:24.375 INFO [http-nio-8080-exec-633] org.apache.catalina.core.ApplicationContext.log Manager: list: Listing contexts for virtual host 'localhost'
23-Nov-2024 23:49:24.376 INFO [http-nio-8080-exec-632] org.apache.catalina.core.ApplicationContext.log Manager: list: Listing contexts for virtual host 'localhost'
23-Nov-2024 23:49:24.380 INFO [http-nio-8080-exec-634] org.apache.catalina.core.ApplicationContext.log Manager: undeploy: Undeploying web application at '/WiXDi_Web'
23-Nov-2024 23:49:24.904 INFO [http-nio-8080-exec-626] org.apache.catalina.core.ApplicationContext.log Manager: install: Installing context configuration at 'file:/C:/Users/haloa/AppData/Local/Temp/context13210536969722044481.xml'
23-Nov-2024 23:49:26.196 INFO [http-nio-8080-exec-627] org.apache.catalina.core.ApplicationContext.log Manager: start: Starting web application '/WiXDi_Web'
23-Nov-2024 23:50:22.786 INFO [http-nio-8080-exec-635] org.apache.catalina.core.ApplicationContext.log Manager: list: Listing contexts for virtual host 'localhost'
23-Nov-2024 23:50:22.787 INFO [http-nio-8080-exec-632] org.apache.catalina.core.ApplicationContext.log Manager: list: Listing contexts for virtual host 'localhost'
23-Nov-2024 23:50:22.790 INFO [http-nio-8080-exec-639] org.apache.catalina.core.ApplicationContext.log Manager: undeploy: Undeploying web application at '/WiXDi_Web'
23-Nov-2024 23:50:23.323 INFO [http-nio-8080-exec-641] org.apache.catalina.core.ApplicationContext.log Manager: install: Installing context configuration at 'file:/C:/Users/haloa/AppData/Local/Temp/context8402736661870957912.xml'
23-Nov-2024 23:50:24.583 INFO [http-nio-8080-exec-637] org.apache.catalina.core.ApplicationContext.log Manager: start: Starting web application '/WiXDi_Web'
23-Nov-2024 23:56:42.692 INFO [http-nio-8080-exec-650] org.apache.catalina.core.ApplicationContext.log Manager: list: Listing contexts for virtual host 'localhost'
23-Nov-2024 23:56:42.695 INFO [http-nio-8080-exec-651] org.apache.catalina.core.ApplicationContext.log Manager: undeploy: Undeploying web application at '/WiXDi_Web'
23-Nov-2024 23:57:31.512 INFO [http-nio-8080-exec-645] org.apache.catalina.core.ApplicationContext.log Manager: list: Listing contexts for virtual host 'localhost'
23-Nov-2024 23:57:31.513 INFO [http-nio-8080-exec-650] org.apache.catalina.core.ApplicationContext.log Manager: list: Listing contexts for virtual host 'localhost'
23-Nov-2024 23:57:31.521 INFO [http-nio-8080-exec-652] org.apache.catalina.core.ApplicationContext.log Manager: install: Installing context configuration at 'file:/C:/Users/haloa/AppData/Local/Temp/context5157721601146028481.xml'
23-Nov-2024 23:57:32.816 INFO [http-nio-8080-exec-653] org.apache.catalina.core.ApplicationContext.log Manager: start: Starting web application '/WiXDi_Web'
